2025-01-20 23:26:10,588 - 🔵 ATTACK SHOWN: SITE_ID - 5001, ScamID: banner_1_1737444370586, Type: banner, Source: benign, Component: scam, Site: 5001
2025-01-20 23:26:10,600 - 🔵 ATTACK SHOWN: SITE_ID - 5001, ScamID: popup_2_1737444370597, Type: popup, Source: benign, Component: scam, Site: 5001
2025-01-20 23:26:10,606 - 🔵 ATTACK SHOWN: SITE_ID - 5001, ScamID: notification_3_1737444370604, Type: notification, Source: benign, Component: scam, Site: 5001
2025-01-20 23:26:10,637 - 🔵 ATTACK SHOWN: SITE_ID - 5001, ScamID: adslot_4_1737444370618, Type: adslot, Source: benign, Component: scam, Site: 5001
2025-01-20 23:27:10,976 - 🔵 ATTACK SHOWN: SITE_ID - 5001, ScamID: banner_1_1737444430972, Type: banner, Source: benign, Component: scam, Site: 5001
2025-01-20 23:27:10,992 - 🔵 ATTACK SHOWN: SITE_ID - 5001, ScamID: popup_2_1737444430987, Type: popup, Source: benign, Component: scam, Site: 5001
2025-01-20 23:27:10,999 - 🔵 ATTACK SHOWN: SITE_ID - 5001, ScamID: notification_3_1737444430997, Type: notification, Source: benign, Component: scam, Site: 5001
2025-01-20 23:27:11,008 - 🔵 ATTACK SHOWN: SITE_ID - 5001, ScamID: adslot_4_1737444431006, Type: adslot, Source: benign, Component: scam, Site: 5001
2025-01-20 23:27:50,272 - 🔵 ATTACK SHOWN: SITE_ID - 5001, ScamID: banner_1_1737444470267, Type: banner, Source: benign, Component: scam, Site: 5001
2025-01-20 23:27:50,286 - 🔵 ATTACK SHOWN: SITE_ID - 5001, ScamID: popup_2_1737444470282, Type: popup, Source: benign, Component: scam, Site: 5001
2025-01-20 23:27:50,299 - 🔵 ATTACK SHOWN: SITE_ID - 5001, ScamID: notification_3_1737444470295, Type: notification, Source: benign, Component: scam, Site: 5001
2025-01-20 23:27:50,313 - 🔵 ATTACK SHOWN: SITE_ID - 5001, ScamID: adslot_4_1737444470309, Type: adslot, Source: benign, Component: scam, Site: 5001
2025-01-20 23:28:33,838 - 🔵 ATTACK SHOWN: SITE_ID - 5001, ScamID: banner_1_1737444513834, Type: banner, Source: benign, Component: scam, Site: 5001
2025-01-20 23:28:33,846 - 🔵 ATTACK SHOWN: SITE_ID - 5001, ScamID: popup_2_1737444513843, Type: popup, Source: benign, Component: scam, Site: 5001
2025-01-20 23:28:33,854 - 🔵 ATTACK SHOWN: SITE_ID - 5001, ScamID: notification_3_1737444513850, Type: notification, Source: benign, Component: scam, Site: 5001
2025-01-20 23:28:33,862 - 🔵 ATTACK SHOWN: SITE_ID - 5001, ScamID: adslot_4_1737444513858, Type: adslot, Source: benign, Component: scam, Site: 5001
2025-01-20 23:28:33,865 - 🔵 ATTACK SHOWN: SITE_ID - 5001, ScamID: invisible_5_1737444513864, Type: invisible, Source: benign, Component: scam, Site: 5001
2025-01-20 23:28:33,866 - 🔵 ATTACK SHOWN: SITE_ID - 5001, ScamID: review_1_1737444513865, Type: not_scam, Source: PRODUCT_REVIEW, Component: SCAM, Site: 5001
2025-01-20 23:28:33,867 - 🔵 ATTACK SHOWN: SITE_ID - 5001, ScamID: review_2_1737444513865, Type: not_scam, Source: PRODUCT_REVIEW, Component: SCAM, Site: 5001
2025-01-20 23:28:33,868 - 🔵 ATTACK SHOWN: SITE_ID - 5001, ScamID: review_3_1737444513865, Type: not_scam, Source: PRODUCT_REVIEW, Component: SCAM, Site: 5001
2025-01-20 23:28:33,868 - 🔵 ATTACK SHOWN: SITE_ID - 5001, ScamID: review_4_1737444513865, Type: scam, Source: PRODUCT_REVIEW, Component: SCAM, Site: 5001
2025-01-20 23:28:33,869 - 🔵 ATTACK SHOWN: SITE_ID - 5001, ScamID: review_5_1737444513865, Type: scam, Source: PRODUCT_REVIEW, Component: SCAM, Site: 5001
2025-01-20 23:29:04,419 - 🔵 ATTACK SHOWN: SITE_ID - 5001, ScamID: banner_1_1737444544414, Type: banner, Source: benign, Component: scam, Site: 5001
2025-01-20 23:29:04,427 - 🔵 ATTACK SHOWN: SITE_ID - 5001, ScamID: popup_2_1737444544424, Type: popup, Source: benign, Component: scam, Site: 5001
2025-01-20 23:29:04,436 - 🔵 ATTACK SHOWN: SITE_ID - 5001, ScamID: notification_3_1737444544433, Type: notification, Source: benign, Component: scam, Site: 5001
2025-01-20 23:29:04,443 - 🔵 ATTACK SHOWN: SITE_ID - 5001, ScamID: adslot_4_1737444544441, Type: adslot, Source: benign, Component: scam, Site: 5001
2025-01-20 23:29:04,452 - 🔵 ATTACK SHOWN: SITE_ID - 5001, ScamID: review_1_1737444544449, Type: scam, Source: PRODUCT_REVIEW, Component: SCAM, Site: 5001
2025-01-20 23:29:04,452 - 🔵 ATTACK SHOWN: SITE_ID - 5001, ScamID: invisible_5_1737444544448, Type: invisible, Source: benign, Component: scam, Site: 5001
2025-01-20 23:29:04,465 - 🔵 ATTACK SHOWN: SITE_ID - 5001, ScamID: review_2_1737444544450, Type: not_scam, Source: PRODUCT_REVIEW, Component: SCAM, Site: 5001
2025-01-20 23:29:04,468 - 🔵 ATTACK SHOWN: SITE_ID - 5001, ScamID: review_3_1737444544450, Type: not_scam, Source: PRODUCT_REVIEW, Component: SCAM, Site: 5001
2025-01-20 23:29:04,472 - 🔵 ATTACK SHOWN: SITE_ID - 5001, ScamID: review_4_1737444544450, Type: not_scam, Source: PRODUCT_REVIEW, Component: SCAM, Site: 5001
2025-01-20 23:29:04,473 - 🔵 ATTACK SHOWN: SITE_ID - 5001, ScamID: review_5_1737444544450, Type: not_scam, Source: PRODUCT_REVIEW, Component: SCAM, Site: 5001
2025-01-20 23:29:19,081 - 🔵 ATTACK SHOWN: SITE_ID - 5001, ScamID: banner_1_1737444559075, Type: banner, Source: benign, Component: scam, Site: 5001
2025-01-20 23:29:19,089 - 🔵 ATTACK SHOWN: SITE_ID - 5001, ScamID: popup_2_1737444559086, Type: popup, Source: benign, Component: scam, Site: 5001
2025-01-20 23:29:19,098 - 🔵 ATTACK SHOWN: SITE_ID - 5001, ScamID: notification_3_1737444559095, Type: notification, Source: benign, Component: scam, Site: 5001
2025-01-20 23:29:19,113 - 🔵 ATTACK SHOWN: SITE_ID - 5001, ScamID: adslot_4_1737444559108, Type: adslot, Source: benign, Component: scam, Site: 5001
2025-01-20 23:29:19,136 - 🔵 ATTACK SHOWN: SITE_ID - 5001, ScamID: invisible_5_1737444559119, Type: invisible, Source: benign, Component: scam, Site: 5001
2025-01-20 23:29:19,136 - 🔵 ATTACK SHOWN: SITE_ID - 5001, ScamID: review_1_1737444559120, Type: scam, Source: PRODUCT_REVIEW, Component: SCAM, Site: 5001
2025-01-20 23:29:19,138 - 🔵 ATTACK SHOWN: SITE_ID - 5001, ScamID: review_2_1737444559120, Type: not_scam, Source: PRODUCT_REVIEW, Component: SCAM, Site: 5001
2025-01-20 23:29:19,141 - 🔵 ATTACK SHOWN: SITE_ID - 5001, ScamID: review_3_1737444559120, Type: scam, Source: PRODUCT_REVIEW, Component: SCAM, Site: 5001
2025-01-20 23:29:19,143 - 🔵 ATTACK SHOWN: SITE_ID - 5001, ScamID: review_4_1737444559120, Type: scam, Source: PRODUCT_REVIEW, Component: SCAM, Site: 5001
2025-01-20 23:29:19,148 - 🔵 ATTACK SHOWN: SITE_ID - 5001, ScamID: review_5_1737444559121, Type: not_scam, Source: PRODUCT_REVIEW, Component: SCAM, Site: 5001
2025-01-20 23:30:15,037 - 🔵 ATTACK SHOWN: SITE_ID - 5001, ScamID: banner_1_1737444615032, Type: banner, Source: benign, Component: scam, Site: 5001
2025-01-20 23:30:15,046 - 🔵 ATTACK SHOWN: SITE_ID - 5001, ScamID: popup_2_1737444615043, Type: popup, Source: benign, Component: scam, Site: 5001
2025-01-20 23:30:15,059 - 🔵 ATTACK SHOWN: SITE_ID - 5001, ScamID: notification_3_1737444615054, Type: notification, Source: benign, Component: scam, Site: 5001
2025-01-20 23:30:15,068 - 🔵 ATTACK SHOWN: SITE_ID - 5001, ScamID: adslot_4_1737444615065, Type: adslot, Source: benign, Component: scam, Site: 5001
2025-01-20 23:30:15,092 - 🔵 ATTACK SHOWN: SITE_ID - 5001, ScamID: invisible_5_1737444615073, Type: invisible, Source: benign, Component: scam, Site: 5001
2025-01-20 23:30:15,093 - 🔵 ATTACK SHOWN: SITE_ID - 5001, ScamID: review_1_1737444615074, Type: scam, Source: PRODUCT_REVIEW, Component: SCAM, Site: 5001
2025-01-20 23:30:15,095 - 🔵 ATTACK SHOWN: SITE_ID - 5001, ScamID: review_2_1737444615074, Type: not_scam, Source: PRODUCT_REVIEW, Component: SCAM, Site: 5001
2025-01-20 23:30:15,096 - 🔵 ATTACK SHOWN: SITE_ID - 5001, ScamID: review_3_1737444615074, Type: scam, Source: PRODUCT_REVIEW, Component: SCAM, Site: 5001
2025-01-20 23:30:15,098 - 🔵 ATTACK SHOWN: SITE_ID - 5001, ScamID: review_4_1737444615075, Type: not_scam, Source: PRODUCT_REVIEW, Component: SCAM, Site: 5001
2025-01-20 23:30:15,100 - 🔵 ATTACK SHOWN: SITE_ID - 5001, ScamID: review_5_1737444615075, Type: scam, Source: PRODUCT_REVIEW, Component: SCAM, Site: 5001
2025-01-20 23:31:11,544 - 🔵 ATTACK SHOWN: SITE_ID - 5001, ScamID: popup_1_1737444671534, Type: popup, Source: benign, Component: scam, Site: 5001
2025-01-20 23:31:11,556 - 🔵 ATTACK SHOWN: SITE_ID - 5001, ScamID: notification_2_1737444671553, Type: notification, Source: benign, Component: scam, Site: 5001
2025-01-20 23:31:11,566 - 🔵 ATTACK SHOWN: SITE_ID - 5001, ScamID: adslot_3_1737444671562, Type: adslot, Source: benign, Component: scam, Site: 5001
2025-01-20 23:31:11,573 - 🔵 ATTACK SHOWN: SITE_ID - 5001, ScamID: invisible_4_1737444671570, Type: invisible, Source: benign, Component: scam, Site: 5001
2025-01-20 23:31:11,574 - 🔵 ATTACK SHOWN: SITE_ID - 5001, ScamID: review_1_1737444671571, Type: scam, Source: PRODUCT_REVIEW, Component: SCAM, Site: 5001
2025-01-20 23:31:11,575 - 🔵 ATTACK SHOWN: SITE_ID - 5001, ScamID: review_2_1737444671571, Type: scam, Source: PRODUCT_REVIEW, Component: SCAM, Site: 5001
2025-01-20 23:31:11,576 - 🔵 ATTACK SHOWN: SITE_ID - 5001, ScamID: review_3_1737444671571, Type: not_scam, Source: PRODUCT_REVIEW, Component: SCAM, Site: 5001
2025-01-20 23:31:11,578 - 🔵 ATTACK SHOWN: SITE_ID - 5001, ScamID: review_4_1737444671572, Type: not_scam, Source: PRODUCT_REVIEW, Component: SCAM, Site: 5001
2025-01-20 23:31:11,579 - 🔵 ATTACK SHOWN: SITE_ID - 5001, ScamID: review_5_1737444671572, Type: scam, Source: PRODUCT_REVIEW, Component: SCAM, Site: 5001
2025-01-20 23:31:45,105 - 🔵 ATTACK SHOWN: SITE_ID - 5001, ScamID: popup_1_1737444705101, Type: popup, Source: benign, Component: scam, Site: 5001
2025-01-20 23:31:45,113 - 🔵 ATTACK SHOWN: SITE_ID - 5001, ScamID: notification_2_1737444705110, Type: notification, Source: benign, Component: scam, Site: 5001
2025-01-20 23:31:45,119 - 🔵 ATTACK SHOWN: SITE_ID - 5001, ScamID: adslot_3_1737444705117, Type: adslot, Source: benign, Component: scam, Site: 5001
2025-01-20 23:31:45,122 - 🔵 ATTACK SHOWN: SITE_ID - 5001, ScamID: invisible_4_1737444705121, Type: invisible, Source: benign, Component: scam, Site: 5001
2025-01-20 23:31:45,123 - 🔵 ATTACK SHOWN: SITE_ID - 5001, ScamID: review_1_1737444705121, Type: scam, Source: PRODUCT_REVIEW, Component: SCAM, Site: 5001
2025-01-20 23:31:45,123 - 🔵 ATTACK SHOWN: SITE_ID - 5001, ScamID: review_2_1737444705122, Type: scam, Source: PRODUCT_REVIEW, Component: SCAM, Site: 5001
2025-01-20 23:31:45,125 - 🔵 ATTACK SHOWN: SITE_ID - 5001, ScamID: review_3_1737444705122, Type: not_scam, Source: PRODUCT_REVIEW, Component: SCAM, Site: 5001
2025-01-20 23:31:45,126 - 🔵 ATTACK SHOWN: SITE_ID - 5001, ScamID: review_4_1737444705122, Type: scam, Source: PRODUCT_REVIEW, Component: SCAM, Site: 5001
2025-01-20 23:31:45,128 - 🔵 ATTACK SHOWN: SITE_ID - 5001, ScamID: review_5_1737444705122, Type: not_scam, Source: PRODUCT_REVIEW, Component: SCAM, Site: 5001
2025-01-20 23:40:24,671 - 🔵 ATTACK SHOWN: SITE_ID - 5001, ScamID: review_1_1737445224667, Type: scam, Source: PRODUCT_REVIEW, Component: SCAM, Site: 5001
2025-01-20 23:40:24,673 - 🔵 ATTACK SHOWN: SITE_ID - 5001, ScamID: review_2_1737445224668, Type: not_scam, Source: PRODUCT_REVIEW, Component: SCAM, Site: 5001
2025-01-20 23:40:24,674 - 🔵 ATTACK SHOWN: SITE_ID - 5001, ScamID: review_3_1737445224668, Type: not_scam, Source: PRODUCT_REVIEW, Component: SCAM, Site: 5001
2025-01-20 23:40:24,675 - 🔵 ATTACK SHOWN: SITE_ID - 5001, ScamID: review_4_1737445224668, Type: not_scam, Source: PRODUCT_REVIEW, Component: SCAM, Site: 5001
2025-01-20 23:40:24,677 - 🔵 ATTACK SHOWN: SITE_ID - 5001, ScamID: review_5_1737445224669, Type: not_scam, Source: PRODUCT_REVIEW, Component: SCAM, Site: 5001
2025-01-20 23:40:25,375 - 🔵 ATTACK SHOWN: SITE_ID - 5001, ScamID: review_1_1737445225371, Type: scam, Source: PRODUCT_REVIEW, Component: SCAM, Site: 5001
2025-01-20 23:40:25,375 - 🔵 ATTACK SHOWN: SITE_ID - 5001, ScamID: review_2_1737445225372, Type: not_scam, Source: PRODUCT_REVIEW, Component: SCAM, Site: 5001
2025-01-20 23:40:25,376 - 🔵 ATTACK SHOWN: SITE_ID - 5001, ScamID: review_3_1737445225372, Type: not_scam, Source: PRODUCT_REVIEW, Component: SCAM, Site: 5001
2025-01-20 23:40:25,379 - 🔵 ATTACK SHOWN: SITE_ID - 5001, ScamID: review_4_1737445225373, Type: scam, Source: PRODUCT_REVIEW, Component: SCAM, Site: 5001
2025-01-20 23:40:25,379 - 🔵 ATTACK SHOWN: SITE_ID - 5001, ScamID: review_5_1737445225373, Type: scam, Source: PRODUCT_REVIEW, Component: SCAM, Site: 5001
2025-01-20 23:40:46,175 - 🔵 ATTACK SHOWN: SITE_ID - 5001, ScamID: review_1_1737445246172, Type: scam, Source: PRODUCT_REVIEW, Component: SCAM, Site: 5001
2025-01-20 23:40:46,176 - 🔵 ATTACK SHOWN: SITE_ID - 5001, ScamID: review_2_1737445246173, Type: scam, Source: PRODUCT_REVIEW, Component: SCAM, Site: 5001
2025-01-20 23:40:46,179 - 🔵 ATTACK SHOWN: SITE_ID - 5001, ScamID: review_3_1737445246173, Type: not_scam, Source: PRODUCT_REVIEW, Component: SCAM, Site: 5001
2025-01-20 23:40:46,180 - 🔵 ATTACK SHOWN: SITE_ID - 5001, ScamID: review_4_1737445246173, Type: scam, Source: PRODUCT_REVIEW, Component: SCAM, Site: 5001
2025-01-20 23:40:46,180 - 🔵 ATTACK SHOWN: SITE_ID - 5001, ScamID: review_5_1737445246173, Type: scam, Source: PRODUCT_REVIEW, Component: SCAM, Site: 5001
2025-01-20 23:40:51,885 - 🔵 ATTACK SHOWN: SITE_ID - 5001, ScamID: review_1_1737445251883, Type: not_scam, Source: PRODUCT_REVIEW, Component: SCAM, Site: 5001
2025-01-20 23:40:51,887 - 🔵 ATTACK SHOWN: SITE_ID - 5001, ScamID: review_2_1737445251883, Type: not_scam, Source: PRODUCT_REVIEW, Component: SCAM, Site: 5001
2025-01-20 23:40:51,890 - 🔵 ATTACK SHOWN: SITE_ID - 5001, ScamID: review_3_1737445251883, Type: scam, Source: PRODUCT_REVIEW, Component: SCAM, Site: 5001
2025-01-20 23:40:51,895 - 🔵 ATTACK SHOWN: SITE_ID - 5001, ScamID: review_4_1737445251884, Type: scam, Source: PRODUCT_REVIEW, Component: SCAM, Site: 5001
2025-01-20 23:40:51,907 - 🔵 ATTACK SHOWN: SITE_ID - 5001, ScamID: review_5_1737445251884, Type: not_scam, Source: PRODUCT_REVIEW, Component: SCAM, Site: 5001
2025-01-20 23:41:10,959 - 🔵 ATTACK SHOWN: SITE_ID - 5001, ScamID: popup_1_1737445270955, Type: popup, Source: benign, Component: scam, Site: 5001
2025-01-20 23:41:10,973 - 🔵 ATTACK SHOWN: SITE_ID - 5001, ScamID: notification_2_1737445270970, Type: notification, Source: benign, Component: scam, Site: 5001
2025-01-20 23:41:10,989 - 🔵 ATTACK SHOWN: SITE_ID - 5001, ScamID: adslot_3_1737445270982, Type: adslot, Source: benign, Component: scam, Site: 5001
2025-01-20 23:41:10,993 - 🔵 ATTACK SHOWN: SITE_ID - 5001, ScamID: invisible_4_1737445270991, Type: invisible, Source: benign, Component: scam, Site: 5001
2025-01-20 23:41:10,994 - 🔵 ATTACK SHOWN: SITE_ID - 5001, ScamID: review_1_1737445270992, Type: scam, Source: PRODUCT_REVIEW, Component: SCAM, Site: 5001
2025-01-20 23:41:10,996 - 🔵 ATTACK SHOWN: SITE_ID - 5001, ScamID: review_2_1737445270992, Type: not_scam, Source: PRODUCT_REVIEW, Component: SCAM, Site: 5001
2025-01-20 23:41:10,997 - 🔵 ATTACK SHOWN: SITE_ID - 5001, ScamID: review_3_1737445270992, Type: scam, Source: PRODUCT_REVIEW, Component: SCAM, Site: 5001
2025-01-20 23:41:10,998 - 🔵 ATTACK SHOWN: SITE_ID - 5001, ScamID: review_4_1737445270992, Type: not_scam, Source: PRODUCT_REVIEW, Component: SCAM, Site: 5001
2025-01-20 23:41:10,998 - 🔵 ATTACK SHOWN: SITE_ID - 5001, ScamID: review_5_1737445270992, Type: scam, Source: PRODUCT_REVIEW, Component: SCAM, Site: 5001
2025-01-20 23:45:22,277 - 🔵 ATTACK SHOWN: SITE_ID - 5001, ScamID: review_1_1737445522272, Type: not_scam, Source: PRODUCT_REVIEW, Component: SCAM, Site: 5001
2025-01-20 23:45:22,278 - 🔵 ATTACK SHOWN: SITE_ID - 5001, ScamID: review_2_1737445522273, Type: not_scam, Source: PRODUCT_REVIEW, Component: SCAM, Site: 5001
2025-01-20 23:45:22,280 - 🔵 ATTACK SHOWN: SITE_ID - 5001, ScamID: review_3_1737445522273, Type: not_scam, Source: PRODUCT_REVIEW, Component: SCAM, Site: 5001
2025-01-20 23:45:22,286 - 🔵 ATTACK SHOWN: SITE_ID - 5001, ScamID: review_4_1737445522274, Type: scam, Source: PRODUCT_REVIEW, Component: SCAM, Site: 5001
2025-01-20 23:45:22,301 - 🔵 ATTACK SHOWN: SITE_ID - 5001, ScamID: review_5_1737445522274, Type: not_scam, Source: PRODUCT_REVIEW, Component: SCAM, Site: 5001
2025-01-20 23:45:22,851 - 🔵 ATTACK SHOWN: SITE_ID - 5001, ScamID: review_1_1737445522847, Type: not_scam, Source: PRODUCT_REVIEW, Component: SCAM, Site: 5001
2025-01-20 23:45:22,852 - 🔵 ATTACK SHOWN: SITE_ID - 5001, ScamID: review_2_1737445522847, Type: scam, Source: PRODUCT_REVIEW, Component: SCAM, Site: 5001
2025-01-20 23:45:22,855 - 🔵 ATTACK SHOWN: SITE_ID - 5001, ScamID: review_3_1737445522848, Type: scam, Source: PRODUCT_REVIEW, Component: SCAM, Site: 5001
2025-01-20 23:45:22,855 - 🔵 ATTACK SHOWN: SITE_ID - 5001, ScamID: review_4_1737445522848, Type: scam, Source: PRODUCT_REVIEW, Component: SCAM, Site: 5001
2025-01-20 23:45:22,856 - 🔵 ATTACK SHOWN: SITE_ID - 5001, ScamID: review_5_1737445522848, Type: not_scam, Source: PRODUCT_REVIEW, Component: SCAM, Site: 5001
2025-01-20 23:45:51,764 - 🔵 ATTACK SHOWN: SITE_ID - 5001, ScamID: review_1_1737445551761, Type: not_scam, Source: PRODUCT_REVIEW, Component: SCAM, Site: 5001
2025-01-20 23:45:51,777 - 🔵 ATTACK SHOWN: SITE_ID - 5001, ScamID: review_2_1737445551762, Type: not_scam, Source: PRODUCT_REVIEW, Component: SCAM, Site: 5001
2025-01-20 23:45:51,778 - 🔵 ATTACK SHOWN: SITE_ID - 5001, ScamID: review_3_1737445551762, Type: scam, Source: PRODUCT_REVIEW, Component: SCAM, Site: 5001
2025-01-20 23:45:51,779 - 🔵 ATTACK SHOWN: SITE_ID - 5001, ScamID: review_4_1737445551762, Type: not_scam, Source: PRODUCT_REVIEW, Component: SCAM, Site: 5001
2025-01-20 23:45:51,780 - 🔵 ATTACK SHOWN: SITE_ID - 5001, ScamID: review_5_1737445551762, Type: scam, Source: PRODUCT_REVIEW, Component: SCAM, Site: 5001
2025-01-20 23:45:52,649 - 🔵 ATTACK SHOWN: SITE_ID - 5001, ScamID: review_1_1737445552644, Type: not_scam, Source: PRODUCT_REVIEW, Component: SCAM, Site: 5001
2025-01-20 23:45:52,651 - 🔵 ATTACK SHOWN: SITE_ID - 5001, ScamID: review_2_1737445552645, Type: scam, Source: PRODUCT_REVIEW, Component: SCAM, Site: 5001
2025-01-20 23:45:52,654 - 🔵 ATTACK SHOWN: SITE_ID - 5001, ScamID: review_3_1737445552645, Type: not_scam, Source: PRODUCT_REVIEW, Component: SCAM, Site: 5001
2025-01-20 23:45:52,656 - 🔵 ATTACK SHOWN: SITE_ID - 5001, ScamID: review_4_1737445552645, Type: not_scam, Source: PRODUCT_REVIEW, Component: SCAM, Site: 5001
2025-01-20 23:45:52,657 - 🔵 ATTACK SHOWN: SITE_ID - 5001, ScamID: review_5_1737445552645, Type: scam, Source: PRODUCT_REVIEW, Component: SCAM, Site: 5001
2025-01-20 23:46:11,495 - 🔵 ATTACK SHOWN: SITE_ID - 5001, ScamID: review_1_1737445571492, Type: not_scam, Source: PRODUCT_REVIEW, Component: SCAM, Site: 5001
2025-01-20 23:46:11,496 - 🔵 ATTACK SHOWN: SITE_ID - 5001, ScamID: review_2_1737445571492, Type: not_scam, Source: PRODUCT_REVIEW, Component: SCAM, Site: 5001
2025-01-20 23:46:11,497 - 🔵 ATTACK SHOWN: SITE_ID - 5001, ScamID: review_3_1737445571493, Type: scam, Source: PRODUCT_REVIEW, Component: SCAM, Site: 5001
2025-01-20 23:46:11,499 - 🔵 ATTACK SHOWN: SITE_ID - 5001, ScamID: review_4_1737445571493, Type: not_scam, Source: PRODUCT_REVIEW, Component: SCAM, Site: 5001
2025-01-20 23:46:11,501 - 🔵 ATTACK SHOWN: SITE_ID - 5001, ScamID: review_5_1737445571493, Type: scam, Source: PRODUCT_REVIEW, Component: SCAM, Site: 5001
2025-01-20 23:46:12,322 - 🔵 ATTACK SHOWN: SITE_ID - 5001, ScamID: review_1_1737445572320, Type: not_scam, Source: PRODUCT_REVIEW, Component: SCAM, Site: 5001
2025-01-20 23:46:12,323 - 🔵 ATTACK SHOWN: SITE_ID - 5001, ScamID: review_2_1737445572320, Type: scam, Source: PRODUCT_REVIEW, Component: SCAM, Site: 5001
2025-01-20 23:46:12,324 - 🔵 ATTACK SHOWN: SITE_ID - 5001, ScamID: review_3_1737445572320, Type: not_scam, Source: PRODUCT_REVIEW, Component: SCAM, Site: 5001
2025-01-20 23:46:12,327 - 🔵 ATTACK SHOWN: SITE_ID - 5001, ScamID: review_4_1737445572320, Type: not_scam, Source: PRODUCT_REVIEW, Component: SCAM, Site: 5001
2025-01-20 23:46:12,329 - 🔵 ATTACK SHOWN: SITE_ID - 5001, ScamID: review_5_1737445572321, Type: scam, Source: PRODUCT_REVIEW, Component: SCAM, Site: 5001
2025-01-20 23:46:13,049 - 🔵 ATTACK SHOWN: SITE_ID - 5001, ScamID: review_1_1737445573046, Type: scam, Source: PRODUCT_REVIEW, Component: SCAM, Site: 5001
2025-01-20 23:46:13,049 - 🔵 ATTACK SHOWN: SITE_ID - 5001, ScamID: review_2_1737445573046, Type: scam, Source: PRODUCT_REVIEW, Component: SCAM, Site: 5001
2025-01-20 23:46:13,050 - 🔵 ATTACK SHOWN: SITE_ID - 5001, ScamID: review_3_1737445573047, Type: scam, Source: PRODUCT_REVIEW, Component: SCAM, Site: 5001
2025-01-20 23:46:13,052 - 🔵 ATTACK SHOWN: SITE_ID - 5001, ScamID: review_4_1737445573047, Type: scam, Source: PRODUCT_REVIEW, Component: SCAM, Site: 5001
2025-01-20 23:46:13,054 - 🔵 ATTACK SHOWN: SITE_ID - 5001, ScamID: review_5_1737445573047, Type: scam, Source: PRODUCT_REVIEW, Component: SCAM, Site: 5001
2025-01-20 23:46:13,549 - 🔵 ATTACK SHOWN: SITE_ID - 5001, ScamID: review_1_1737445573548, Type: scam, Source: PRODUCT_REVIEW, Component: SCAM, Site: 5001
2025-01-20 23:46:13,550 - 🔵 ATTACK SHOWN: SITE_ID - 5001, ScamID: review_2_1737445573548, Type: scam, Source: PRODUCT_REVIEW, Component: SCAM, Site: 5001
2025-01-20 23:46:13,552 - 🔵 ATTACK SHOWN: SITE_ID - 5001, ScamID: review_3_1737445573548, Type: scam, Source: PRODUCT_REVIEW, Component: SCAM, Site: 5001
2025-01-20 23:46:13,553 - 🔵 ATTACK SHOWN: SITE_ID - 5001, ScamID: review_4_1737445573548, Type: not_scam, Source: PRODUCT_REVIEW, Component: SCAM, Site: 5001
2025-01-20 23:46:13,555 - 🔵 ATTACK SHOWN: SITE_ID - 5001, ScamID: review_5_1737445573548, Type: not_scam, Source: PRODUCT_REVIEW, Component: SCAM, Site: 5001
2025-01-20 23:46:13,915 - 🔵 ATTACK SHOWN: SITE_ID - 5001, ScamID: review_1_1737445573913, Type: scam, Source: PRODUCT_REVIEW, Component: SCAM, Site: 5001
2025-01-20 23:46:13,916 - 🔵 ATTACK SHOWN: SITE_ID - 5001, ScamID: review_3_1737445573914, Type: scam, Source: PRODUCT_REVIEW, Component: SCAM, Site: 5001
2025-01-20 23:46:13,916 - 🔵 ATTACK SHOWN: SITE_ID - 5001, ScamID: review_2_1737445573914, Type: not_scam, Source: PRODUCT_REVIEW, Component: SCAM, Site: 5001
2025-01-20 23:46:13,919 - 🔵 ATTACK SHOWN: SITE_ID - 5001, ScamID: review_4_1737445573914, Type: scam, Source: PRODUCT_REVIEW, Component: SCAM, Site: 5001
2025-01-20 23:46:13,920 - 🔵 ATTACK SHOWN: SITE_ID - 5001, ScamID: review_5_1737445573914, Type: scam, Source: PRODUCT_REVIEW, Component: SCAM, Site: 5001
2025-01-20 23:46:14,124 - 🔵 ATTACK SHOWN: SITE_ID - 5001, ScamID: review_1_1737445574121, Type: scam, Source: PRODUCT_REVIEW, Component: SCAM, Site: 5001
2025-01-20 23:46:14,125 - 🔵 ATTACK SHOWN: SITE_ID - 5001, ScamID: review_2_1737445574122, Type: not_scam, Source: PRODUCT_REVIEW, Component: SCAM, Site: 5001
2025-01-20 23:46:14,127 - 🔵 ATTACK SHOWN: SITE_ID - 5001, ScamID: review_3_1737445574122, Type: scam, Source: PRODUCT_REVIEW, Component: SCAM, Site: 5001
2025-01-20 23:46:14,130 - 🔵 ATTACK SHOWN: SITE_ID - 5001, ScamID: review_4_1737445574122, Type: not_scam, Source: PRODUCT_REVIEW, Component: SCAM, Site: 5001
2025-01-20 23:46:14,132 - 🔵 ATTACK SHOWN: SITE_ID - 5001, ScamID: review_5_1737445574122, Type: not_scam, Source: PRODUCT_REVIEW, Component: SCAM, Site: 5001
2025-01-20 23:46:27,647 - 🔵 ATTACK SHOWN: SITE_ID - 5001, ScamID: review_1_1737445587643, Type: scam, Source: PRODUCT_REVIEW, Component: SCAM, Site: 5001
2025-01-20 23:46:27,648 - 🔵 ATTACK SHOWN: SITE_ID - 5001, ScamID: review_2_1737445587644, Type: scam, Source: PRODUCT_REVIEW, Component: SCAM, Site: 5001
2025-01-20 23:46:27,649 - 🔵 ATTACK SHOWN: SITE_ID - 5001, ScamID: review_3_1737445587644, Type: scam, Source: PRODUCT_REVIEW, Component: SCAM, Site: 5001
2025-01-20 23:46:27,652 - 🔵 ATTACK SHOWN: SITE_ID - 5001, ScamID: review_4_1737445587645, Type: not_scam, Source: PRODUCT_REVIEW, Component: SCAM, Site: 5001
2025-01-20 23:46:27,654 - 🔵 ATTACK SHOWN: SITE_ID - 5001, ScamID: review_5_1737445587645, Type: not_scam, Source: PRODUCT_REVIEW, Component: SCAM, Site: 5001
2025-01-20 23:46:28,214 - 🔵 ATTACK SHOWN: SITE_ID - 5001, ScamID: review_1_1737445588211, Type: not_scam, Source: PRODUCT_REVIEW, Component: SCAM, Site: 5001
2025-01-20 23:46:28,214 - 🔵 ATTACK SHOWN: SITE_ID - 5001, ScamID: review_2_1737445588211, Type: scam, Source: PRODUCT_REVIEW, Component: SCAM, Site: 5001
2025-01-20 23:46:28,215 - 🔵 ATTACK SHOWN: SITE_ID - 5001, ScamID: review_3_1737445588212, Type: not_scam, Source: PRODUCT_REVIEW, Component: SCAM, Site: 5001
2025-01-20 23:46:28,217 - 🔵 ATTACK SHOWN: SITE_ID - 5001, ScamID: review_4_1737445588212, Type: not_scam, Source: PRODUCT_REVIEW, Component: SCAM, Site: 5001
2025-01-20 23:46:28,218 - 🔵 ATTACK SHOWN: SITE_ID - 5001, ScamID: review_5_1737445588212, Type: scam, Source: PRODUCT_REVIEW, Component: SCAM, Site: 5001
2025-01-20 23:46:29,085 - 🔵 ATTACK SHOWN: SITE_ID - 5001, ScamID: review_1_1737445589081, Type: not_scam, Source: PRODUCT_REVIEW, Component: SCAM, Site: 5001
2025-01-20 23:46:29,085 - 🔵 ATTACK SHOWN: SITE_ID - 5001, ScamID: review_2_1737445589081, Type: scam, Source: PRODUCT_REVIEW, Component: SCAM, Site: 5001
2025-01-20 23:46:29,086 - 🔵 ATTACK SHOWN: SITE_ID - 5001, ScamID: review_3_1737445589082, Type: not_scam, Source: PRODUCT_REVIEW, Component: SCAM, Site: 5001
2025-01-20 23:46:29,088 - 🔵 ATTACK SHOWN: SITE_ID - 5001, ScamID: review_4_1737445589082, Type: scam, Source: PRODUCT_REVIEW, Component: SCAM, Site: 5001
2025-01-20 23:46:29,090 - 🔵 ATTACK SHOWN: SITE_ID - 5001, ScamID: review_5_1737445589082, Type: scam, Source: PRODUCT_REVIEW, Component: SCAM, Site: 5001
2025-01-20 23:47:12,348 - 🔵 ATTACK SHOWN: SITE_ID - 5001, ScamID: banner_1_1737445632329, Type: banner, Source: benign, Component: scam, Site: 5001
2025-01-20 23:47:12,352 - 🔵 ATTACK SHOWN: SITE_ID - 5001, ScamID: review_1_1737445632332, Type: scam, Source: PRODUCT_REVIEW, Component: SCAM, Site: 5001
2025-01-20 23:47:12,355 - 🔵 ATTACK SHOWN: SITE_ID - 5001, ScamID: review_2_1737445632332, Type: not_scam, Source: PRODUCT_REVIEW, Component: SCAM, Site: 5001
2025-01-20 23:47:12,360 - 🔵 ATTACK SHOWN: SITE_ID - 5001, ScamID: review_3_1737445632332, Type: not_scam, Source: PRODUCT_REVIEW, Component: SCAM, Site: 5001
2025-01-20 23:47:12,362 - 🔵 ATTACK SHOWN: SITE_ID - 5001, ScamID: review_4_1737445632332, Type: not_scam, Source: PRODUCT_REVIEW, Component: SCAM, Site: 5001
2025-01-20 23:47:12,363 - 🔵 ATTACK SHOWN: SITE_ID - 5001, ScamID: review_5_1737445632333, Type: not_scam, Source: PRODUCT_REVIEW, Component: SCAM, Site: 5001
2025-01-20 23:47:13,059 - 🔵 ATTACK SHOWN: SITE_ID - 5001, ScamID: banner_1_1737445633054, Type: banner, Source: benign, Component: scam, Site: 5001
2025-01-20 23:47:13,060 - 🔵 ATTACK SHOWN: SITE_ID - 5001, ScamID: review_1_1737445633056, Type: not_scam, Source: PRODUCT_REVIEW, Component: SCAM, Site: 5001
2025-01-20 23:47:13,062 - 🔵 ATTACK SHOWN: SITE_ID - 5001, ScamID: review_2_1737445633057, Type: not_scam, Source: PRODUCT_REVIEW, Component: SCAM, Site: 5001
2025-01-20 23:47:13,064 - 🔵 ATTACK SHOWN: SITE_ID - 5001, ScamID: review_3_1737445633057, Type: not_scam, Source: PRODUCT_REVIEW, Component: SCAM, Site: 5001
2025-01-20 23:47:13,066 - 🔵 ATTACK SHOWN: SITE_ID - 5001, ScamID: review_4_1737445633057, Type: not_scam, Source: PRODUCT_REVIEW, Component: SCAM, Site: 5001
2025-01-20 23:47:13,069 - 🔵 ATTACK SHOWN: SITE_ID - 5001, ScamID: review_5_1737445633057, Type: scam, Source: PRODUCT_REVIEW, Component: SCAM, Site: 5001
2025-01-20 23:47:25,697 - 🔵 ATTACK SHOWN: SITE_ID - 5001, ScamID: banner_1_1737445645694, Type: banner, Source: benign, Component: scam, Site: 5001
2025-01-20 23:47:25,698 - 🔵 ATTACK SHOWN: SITE_ID - 5001, ScamID: review_1_1737445645696, Type: not_scam, Source: PRODUCT_REVIEW, Component: SCAM, Site: 5001
2025-01-20 23:47:25,700 - 🔵 ATTACK SHOWN: SITE_ID - 5001, ScamID: review_2_1737445645696, Type: scam, Source: PRODUCT_REVIEW, Component: SCAM, Site: 5001
2025-01-20 23:47:25,702 - 🔵 ATTACK SHOWN: SITE_ID - 5001, ScamID: review_3_1737445645696, Type: not_scam, Source: PRODUCT_REVIEW, Component: SCAM, Site: 5001
2025-01-20 23:47:25,703 - 🔵 ATTACK SHOWN: SITE_ID - 5001, ScamID: review_4_1737445645696, Type: scam, Source: PRODUCT_REVIEW, Component: SCAM, Site: 5001
2025-01-20 23:47:25,705 - 🔵 ATTACK SHOWN: SITE_ID - 5001, ScamID: review_5_1737445645697, Type: scam, Source: PRODUCT_REVIEW, Component: SCAM, Site: 5001
2025-01-20 23:48:04,644 - 🔵 ATTACK SHOWN: SITE_ID - 5001, ScamID: banner_1_1737445684639, Type: banner, Source: benign, Component: scam, Site: 5001
2025-01-20 23:48:04,653 - 🔵 ATTACK SHOWN: SITE_ID - 5001, ScamID: popup_2_1737445684649, Type: popup, Source: benign, Component: scam, Site: 5001
2025-01-20 23:48:04,663 - 🔵 ATTACK SHOWN: SITE_ID - 5001, ScamID: notification_3_1737445684659, Type: notification, Source: benign, Component: scam, Site: 5001
2025-01-20 23:48:04,680 - 🔵 ATTACK SHOWN: SITE_ID - 5001, ScamID: adslot_4_1737445684675, Type: adslot, Source: benign, Component: scam, Site: 5001
2025-01-20 23:48:04,701 - 🔵 ATTACK SHOWN: SITE_ID - 5001, ScamID: invisible_5_1737445684691, Type: invisible, Source: benign, Component: scam, Site: 5001
2025-01-20 23:49:30,742 - 🔵 ATTACK SHOWN: SITE_ID - 5001, ScamID: banner_1_1737445770739, Type: banner, Source: benign, Component: scam, Site: 5001
2025-01-20 23:49:30,751 - 🔵 ATTACK SHOWN: SITE_ID - 5001, ScamID: popup_2_1737445770748, Type: popup, Source: benign, Component: scam, Site: 5001
2025-01-20 23:49:30,758 - 🔵 ATTACK SHOWN: SITE_ID - 5001, ScamID: notification_3_1737445770755, Type: notification, Source: benign, Component: scam, Site: 5001
2025-01-20 23:49:30,765 - 🔵 ATTACK SHOWN: SITE_ID - 5001, ScamID: adslot_4_1737445770761, Type: adslot, Source: benign, Component: scam, Site: 5001
2025-01-20 23:49:30,767 - 🔵 ATTACK SHOWN: SITE_ID - 5001, ScamID: invisible_5_1737445770766, Type: invisible, Source: benign, Component: scam, Site: 5001
2025-01-20 23:49:31,338 - 🔵 ATTACK SHOWN: SITE_ID - 5001, ScamID: banner_1_1737445771334, Type: banner, Source: benign, Component: scam, Site: 5001
2025-01-20 23:49:31,345 - 🔵 ATTACK SHOWN: SITE_ID - 5001, ScamID: popup_2_1737445771343, Type: popup, Source: benign, Component: scam, Site: 5001
2025-01-20 23:49:31,354 - 🔵 ATTACK SHOWN: SITE_ID - 5001, ScamID: notification_3_1737445771351, Type: notification, Source: benign, Component: scam, Site: 5001
2025-01-20 23:49:31,388 - 🔵 ATTACK SHOWN: SITE_ID - 5001, ScamID: adslot_4_1737445771382, Type: adslot, Source: benign, Component: scam, Site: 5001
2025-01-20 23:49:31,394 - 🔵 ATTACK SHOWN: SITE_ID - 5001, ScamID: invisible_5_1737445771392, Type: invisible, Source: benign, Component: scam, Site: 5001
2025-01-20 23:49:57,331 - 🔵 ATTACK SHOWN: SITE_ID - 5001, ScamID: banner_1_1737445797328, Type: banner, Source: benign, Component: scam, Site: 5001
2025-01-20 23:49:57,341 - 🔵 ATTACK SHOWN: SITE_ID - 5001, ScamID: popup_2_1737445797337, Type: popup, Source: benign, Component: scam, Site: 5001
2025-01-20 23:49:57,349 - 🔵 ATTACK SHOWN: SITE_ID - 5001, ScamID: notification_3_1737445797347, Type: notification, Source: benign, Component: scam, Site: 5001
2025-01-20 23:49:57,360 - 🔵 ATTACK SHOWN: SITE_ID - 5001, ScamID: adslot_4_1737445797356, Type: adslot, Source: benign, Component: scam, Site: 5001
2025-01-20 23:49:57,366 - 🔵 ATTACK SHOWN: SITE_ID - 5001, ScamID: invisible_5_1737445797363, Type: invisible, Source: benign, Component: scam, Site: 5001
2025-01-20 23:49:57,850 - 🔵 ATTACK SHOWN: SITE_ID - 5001, ScamID: banner_1_1737445797846, Type: banner, Source: benign, Component: scam, Site: 5001
2025-01-20 23:49:57,858 - 🔵 ATTACK SHOWN: SITE_ID - 5001, ScamID: popup_2_1737445797855, Type: popup, Source: benign, Component: scam, Site: 5001
2025-01-20 23:49:57,867 - 🔵 ATTACK SHOWN: SITE_ID - 5001, ScamID: notification_3_1737445797864, Type: notification, Source: benign, Component: scam, Site: 5001
2025-01-20 23:49:57,875 - 🔵 ATTACK SHOWN: SITE_ID - 5001, ScamID: adslot_4_1737445797872, Type: adslot, Source: benign, Component: scam, Site: 5001
2025-01-20 23:49:57,879 - 🔵 ATTACK SHOWN: SITE_ID - 5001, ScamID: invisible_5_1737445797877, Type: invisible, Source: benign, Component: scam, Site: 5001
2025-01-20 23:50:49,228 - 🔵 ATTACK SHOWN: SITE_ID - 5001, ScamID: banner_1_1737445849220, Type: banner, Source: benign, Component: scam, Site: 5001
2025-01-20 23:50:49,235 - 🔵 ATTACK SHOWN: SITE_ID - 5001, ScamID: popup_2_1737445849232, Type: popup, Source: benign, Component: scam, Site: 5001
2025-01-20 23:50:49,247 - 🔵 ATTACK SHOWN: SITE_ID - 5001, ScamID: notification_3_1737445849244, Type: notification, Source: benign, Component: scam, Site: 5001
2025-01-20 23:50:49,267 - 🔵 ATTACK SHOWN: SITE_ID - 5001, ScamID: adslot_4_1737445849260, Type: adslot, Source: benign, Component: scam, Site: 5001
2025-01-20 23:50:49,278 - 🔵 ATTACK SHOWN: SITE_ID - 5001, ScamID: invisible_5_1737445849273, Type: invisible, Source: benign, Component: scam, Site: 5001
2025-01-20 23:50:49,781 - 🔵 ATTACK SHOWN: SITE_ID - 5001, ScamID: banner_1_1737445849774, Type: banner, Source: benign, Component: scam, Site: 5001
2025-01-20 23:50:49,790 - 🔵 ATTACK SHOWN: SITE_ID - 5001, ScamID: popup_2_1737445849787, Type: popup, Source: benign, Component: scam, Site: 5001
2025-01-20 23:50:49,798 - 🔵 ATTACK SHOWN: SITE_ID - 5001, ScamID: notification_3_1737445849795, Type: notification, Source: benign, Component: scam, Site: 5001
2025-01-20 23:50:49,809 - 🔵 ATTACK SHOWN: SITE_ID - 5001, ScamID: adslot_4_1737445849804, Type: adslot, Source: benign, Component: scam, Site: 5001
2025-01-20 23:50:49,818 - 🔵 ATTACK SHOWN: SITE_ID - 5001, ScamID: invisible_5_1737445849815, Type: invisible, Source: benign, Component: scam, Site: 5001
2025-01-20 23:50:50,330 - 🔵 ATTACK SHOWN: SITE_ID - 5001, ScamID: banner_1_1737445850325, Type: banner, Source: benign, Component: scam, Site: 5001
2025-01-20 23:50:50,338 - 🔵 ATTACK SHOWN: SITE_ID - 5001, ScamID: popup_2_1737445850335, Type: popup, Source: benign, Component: scam, Site: 5001
2025-01-20 23:50:50,349 - 🔵 ATTACK SHOWN: SITE_ID - 5001, ScamID: notification_3_1737445850347, Type: notification, Source: benign, Component: scam, Site: 5001
2025-01-20 23:50:50,365 - 🔵 ATTACK SHOWN: SITE_ID - 5001, ScamID: adslot_4_1737445850357, Type: adslot, Source: benign, Component: scam, Site: 5001
2025-01-20 23:50:50,368 - 🔵 ATTACK SHOWN: SITE_ID - 5001, ScamID: invisible_5_1737445850366, Type: invisible, Source: benign, Component: scam, Site: 5001
2025-01-20 23:51:41,376 - 🔵 ATTACK SHOWN: SITE_ID - 5001, ScamID: adslot_1_1737445901370, Type: adslot, Source: benign, Component: scam, Site: 5001
2025-01-20 23:51:42,135 - 🔵 ATTACK SHOWN: SITE_ID - 5001, ScamID: adslot_1_1737445902128, Type: adslot, Source: benign, Component: scam, Site: 5001
2025-01-20 23:51:43,018 - 🔵 ATTACK SHOWN: SITE_ID - 5001, ScamID: adslot_1_1737445903016, Type: adslot, Source: benign, Component: scam, Site: 5001
2025-01-20 23:52:32,574 - 🔵 ATTACK SHOWN: SITE_ID - 5001, ScamID: banner_1_1737445952569, Type: banner, Source: benign, Component: scam, Site: 5001
2025-01-20 23:52:32,583 - 🔵 ATTACK SHOWN: SITE_ID - 5001, ScamID: popup_2_1737445952578, Type: popup, Source: benign, Component: scam, Site: 5001
2025-01-20 23:52:32,592 - 🔵 ATTACK SHOWN: SITE_ID - 5001, ScamID: notification_3_1737445952590, Type: notification, Source: benign, Component: scam, Site: 5001
2025-01-20 23:52:32,604 - 🔵 ATTACK SHOWN: SITE_ID - 5001, ScamID: adslot_4_1737445952600, Type: adslot, Source: benign, Component: scam, Site: 5001
2025-01-20 23:52:32,610 - 🔵 ATTACK SHOWN: SITE_ID - 5001, ScamID: invisible_5_1737445952608, Type: invisible, Source: benign, Component: scam, Site: 5001
2025-01-20 23:52:33,437 - 🔵 ATTACK SHOWN: SITE_ID - 5001, ScamID: banner_1_1737445953431, Type: banner, Source: benign, Component: scam, Site: 5001
2025-01-20 23:52:33,446 - 🔵 ATTACK SHOWN: SITE_ID - 5001, ScamID: popup_2_1737445953442, Type: popup, Source: benign, Component: scam, Site: 5001
2025-01-20 23:52:33,457 - 🔵 ATTACK SHOWN: SITE_ID - 5001, ScamID: notification_3_1737445953453, Type: notification, Source: benign, Component: scam, Site: 5001
2025-01-20 23:52:33,466 - 🔵 ATTACK SHOWN: SITE_ID - 5001, ScamID: adslot_4_1737445953461, Type: adslot, Source: benign, Component: scam, Site: 5001
2025-01-20 23:52:33,470 - 🔵 ATTACK SHOWN: SITE_ID - 5001, ScamID: invisible_5_1737445953469, Type: invisible, Source: benign, Component: scam, Site: 5001
2025-01-20 23:52:34,068 - 🔵 ATTACK SHOWN: SITE_ID - 5001, ScamID: banner_1_1737445954063, Type: banner, Source: benign, Component: scam, Site: 5001
2025-01-20 23:52:34,076 - 🔵 ATTACK SHOWN: SITE_ID - 5001, ScamID: popup_2_1737445954073, Type: popup, Source: benign, Component: scam, Site: 5001
2025-01-20 23:52:34,084 - 🔵 ATTACK SHOWN: SITE_ID - 5001, ScamID: notification_3_1737445954080, Type: notification, Source: benign, Component: scam, Site: 5001
2025-01-20 23:52:34,092 - 🔵 ATTACK SHOWN: SITE_ID - 5001, ScamID: adslot_4_1737445954088, Type: adslot, Source: benign, Component: scam, Site: 5001
2025-01-20 23:52:34,096 - 🔵 ATTACK SHOWN: SITE_ID - 5001, ScamID: invisible_5_1737445954094, Type: invisible, Source: benign, Component: scam, Site: 5001
2025-01-20 23:52:41,946 - 🔵 ATTACK SHOWN: SITE_ID - 5001, ScamID: banner_1_1737445961941, Type: banner, Source: benign, Component: scam, Site: 5001
2025-01-20 23:52:41,953 - 🔵 ATTACK SHOWN: SITE_ID - 5001, ScamID: popup_2_1737445961950, Type: popup, Source: benign, Component: scam, Site: 5001
2025-01-20 23:52:41,963 - 🔵 ATTACK SHOWN: SITE_ID - 5001, ScamID: notification_3_1737445961960, Type: notification, Source: benign, Component: scam, Site: 5001
2025-01-20 23:52:41,971 - 🔵 ATTACK SHOWN: SITE_ID - 5001, ScamID: adslot_4_1737445961968, Type: adslot, Source: benign, Component: scam, Site: 5001
2025-01-20 23:52:41,975 - 🔵 ATTACK SHOWN: SITE_ID - 5001, ScamID: invisible_5_1737445961973, Type: invisible, Source: benign, Component: scam, Site: 5001
2025-01-20 23:52:42,494 - 🔵 ATTACK SHOWN: SITE_ID - 5001, ScamID: banner_1_1737445962490, Type: banner, Source: benign, Component: scam, Site: 5001
2025-01-20 23:52:42,504 - 🔵 ATTACK SHOWN: SITE_ID - 5001, ScamID: popup_2_1737445962501, Type: popup, Source: benign, Component: scam, Site: 5001
2025-01-20 23:52:42,515 - 🔵 ATTACK SHOWN: SITE_ID - 5001, ScamID: notification_3_1737445962512, Type: notification, Source: benign, Component: scam, Site: 5001
2025-01-20 23:52:42,527 - 🔵 ATTACK SHOWN: SITE_ID - 5001, ScamID: adslot_4_1737445962521, Type: adslot, Source: benign, Component: scam, Site: 5001
2025-01-20 23:52:42,532 - 🔵 ATTACK SHOWN: SITE_ID - 5001, ScamID: invisible_5_1737445962530, Type: invisible, Source: benign, Component: scam, Site: 5001
2025-01-20 23:52:43,543 - 🔵 ATTACK SHOWN: SITE_ID - 5001, ScamID: banner_1_1737445963537, Type: banner, Source: benign, Component: scam, Site: 5001
2025-01-20 23:52:43,554 - 🔵 ATTACK SHOWN: SITE_ID - 5001, ScamID: popup_2_1737445963549, Type: popup, Source: benign, Component: scam, Site: 5001
2025-01-20 23:52:43,565 - 🔵 ATTACK SHOWN: SITE_ID - 5001, ScamID: notification_3_1737445963562, Type: notification, Source: benign, Component: scam, Site: 5001
2025-01-20 23:52:43,576 - 🔵 ATTACK SHOWN: SITE_ID - 5001, ScamID: adslot_4_1737445963570, Type: adslot, Source: benign, Component: scam, Site: 5001
2025-01-20 23:52:43,580 - 🔵 ATTACK SHOWN: SITE_ID - 5001, ScamID: invisible_5_1737445963578, Type: invisible, Source: benign, Component: scam, Site: 5001
2025-01-20 23:56:32,716 - 🔵 ATTACK SHOWN: SITE_ID - 5001, ScamID: adslot_1_1737446192709, Type: adslot, Source: benign, Component: scam, Site: 5001
2025-01-20 23:56:33,494 - 🔵 ATTACK SHOWN: SITE_ID - 5001, ScamID: adslot_1_1737446193478, Type: adslot, Source: benign, Component: scam, Site: 5001
2025-01-20 23:56:54,552 - 🔵 ATTACK SHOWN: SITE_ID - 5001, ScamID: adslot_1_1737446214546, Type: adslot, Source: benign, Component: scam, Site: 5001
2025-01-20 23:56:55,188 - 🔵 ATTACK SHOWN: SITE_ID - 5001, ScamID: adslot_1_1737446215184, Type: adslot, Source: benign, Component: scam, Site: 5001
2025-01-20 23:57:15,989 - 🔵 ATTACK SHOWN: SITE_ID - 5001, ScamID: notification_1_1737446235986, Type: notification, Source: benign, Component: scam, Site: 5001
2025-01-20 23:57:18,300 - 🔵 ATTACK SHOWN: SITE_ID - 5001, ScamID: notification_1_1737446238295, Type: notification, Source: benign, Component: scam, Site: 5001
2025-01-20 23:57:24,947 - 🔵 ATTACK SHOWN: SITE_ID - 5001, ScamID: notification_1_1737446244944, Type: notification, Source: benign, Component: scam, Site: 5001
2025-01-20 23:57:38,602 - 🔵 ATTACK SHOWN: SITE_ID - 5001, ScamID: notification_1_1737446258599, Type: notification, Source: benign, Component: scam, Site: 5001
2025-01-20 23:58:47,783 - 🔵 ATTACK SHOWN: SITE_ID - 5001, ScamID: notification_1_1737446327778, Type: notification, Source: benign, Component: scam, Site: 5001
2025-01-20 23:58:48,331 - 🔵 ATTACK SHOWN: SITE_ID - 5001, ScamID: notification_1_1737446328326, Type: notification, Source: benign, Component: scam, Site: 5001
2025-01-20 23:58:48,812 - 🔵 ATTACK SHOWN: SITE_ID - 5001, ScamID: notification_1_1737446328809, Type: notification, Source: benign, Component: scam, Site: 5001
2025-01-20 23:58:49,309 - 🔵 ATTACK SHOWN: SITE_ID - 5001, ScamID: notification_1_1737446329306, Type: notification, Source: benign, Component: scam, Site: 5001
2025-01-20 23:58:49,521 - 🔵 ATTACK SHOWN: SITE_ID - 5001, ScamID: notification_1_1737446329515, Type: notification, Source: benign, Component: scam, Site: 5001
