2025-01-23 22:11:46,034 - 游댯 ATTACK SHOWN: Category: normal, Type: redirection, Source: main, Component: banners, Site: 5001
2025-01-23 22:11:46,042 - 游댯 ATTACK SHOWN: Category: normal, Type: fake-system-warning, Source: main, Component: popups, Site: 5001
2025-01-23 22:11:46,050 - 游댯 ATTACK SHOWN: Category: normal, Type: fake-system-warning, Source: main, Component: notifications, Site: 5001
2025-01-23 22:11:46,060 - 游댯 ATTACK SHOWN: Category: normal, Type: redirection, Source: main, Component: adslots, Site: 5001
2025-01-23 22:11:46,066 - 游댯 ATTACK SHOWN: Category: normal, Type: redirection, Source: main, Component: invisible, Site: 5001
2025-01-23 22:11:55,274 - 游댮 ATTACK AVOIDED: Category: normal, Type: fake-system-warning, Source: main, Component: popups, Site: 5001
2025-01-23 22:12:12,846 - 游댮 ATTACK AVOIDED: Category: normal, Type: redirection, Source: main, Component: adslots, Site: 5001
2025-01-23 22:12:35,623 - 游댯 ATTACK SHOWN: Category: normal, Type: redirection, Source: product, Component: banners, Site: 5001
2025-01-23 22:12:35,627 - 游댯 ATTACK SHOWN: Category: normal, Type: fake-system-warning, Source: product, Component: popups, Site: 5001
2025-01-23 22:12:35,634 - 游댯 ATTACK SHOWN: Category: normal, Type: fake-system-warning, Source: product, Component: notifications, Site: 5001
2025-01-23 22:12:35,640 - 游댯 ATTACK SHOWN: Category: normal, Type: redirection, Source: product, Component: adslots, Site: 5001
2025-01-23 22:12:35,644 - 游댯 ATTACK SHOWN: Category: normal, Type: redirection, Source: product, Component: invisible, Site: 5001
2025-01-23 22:12:55,003 - 游댮 ATTACK AVOIDED: Category: normal, Type: redirection, Source: product, Component: adslots, Site: 5001
2025-01-23 22:13:15,211 - 游댮 ATTACK AVOIDED: Category: normal, Type: fake-system-warning, Source: product, Component: notifications, Site: 5001
2025-01-23 22:13:34,286 - 游댮 ATTACK AVOIDED: Category: normal, Type: fake-system-warning, Source: product, Component: popups, Site: 5001
2025-01-23 22:13:55,291 - 游댯 ATTACK SHOWN: Category: normal, Type: redirection, Source: main, Component: banners, Site: 5001
2025-01-23 22:13:55,295 - 游댯 ATTACK SHOWN: Category: normal, Type: fake-system-warning, Source: main, Component: popups, Site: 5001
2025-01-23 22:13:55,301 - 游댯 ATTACK SHOWN: Category: normal, Type: fake-system-warning, Source: main, Component: notifications, Site: 5001
2025-01-23 22:13:55,306 - 游댯 ATTACK SHOWN: Category: normal, Type: redirection, Source: main, Component: adslots, Site: 5001
2025-01-23 22:13:55,310 - 游댯 ATTACK SHOWN: Category: normal, Type: redirection, Source: main, Component: invisible, Site: 5001
2025-01-23 22:14:07,642 - 游댮 ATTACK AVOIDED: Category: normal, Type: fake-system-warning, Source: main, Component: popups, Site: 5001
2025-01-23 22:14:27,079 - 游댮 ATTACK AVOIDED: Category: normal, Type: redirection, Source: main, Component: adslots, Site: 5001
2025-01-23 22:14:51,097 - 游댯 ATTACK SHOWN: Category: normal, Type: redirection, Source: product, Component: banners, Site: 5001
2025-01-23 22:14:51,101 - 游댯 ATTACK SHOWN: Category: normal, Type: fake-system-warning, Source: product, Component: popups, Site: 5001
2025-01-23 22:14:51,106 - 游댯 ATTACK SHOWN: Category: normal, Type: fake-system-warning, Source: product, Component: notifications, Site: 5001
2025-01-23 22:14:51,110 - 游댯 ATTACK SHOWN: Category: normal, Type: redirection, Source: product, Component: adslots, Site: 5001
2025-01-23 22:14:51,116 - 游댯 ATTACK SHOWN: Category: normal, Type: redirection, Source: product, Component: invisible, Site: 5001
2025-01-23 22:16:34,381 - 游댯 ATTACK SHOWN: Category: agent, Type: agent, Source: main, Component: banners, Site: 5001
2025-01-23 22:16:34,386 - 游댯 ATTACK SHOWN: Category: agent, Type: agent, Source: main, Component: popups, Site: 5001
2025-01-23 22:16:34,392 - 游댯 ATTACK SHOWN: Category: agent, Type: agent, Source: main, Component: notifications, Site: 5001
2025-01-23 22:16:34,400 - 游댯 ATTACK SHOWN: Category: agent, Type: agent, Source: main, Component: adslots, Site: 5001
2025-01-23 22:16:34,406 - 游댯 ATTACK SHOWN: Category: agent, Type: agent, Source: main, Component: invisible, Site: 5001
2025-01-23 22:17:03,659 - 游댯 ATTACK SHOWN: Category: agent, Type: agent, Source: product, Component: banners, Site: 5001
2025-01-23 22:17:03,664 - 游댯 ATTACK SHOWN: Category: agent, Type: agent, Source: product, Component: popups, Site: 5001
2025-01-23 22:17:03,668 - 游댯 ATTACK SHOWN: Category: agent, Type: agent, Source: product, Component: notifications, Site: 5001
2025-01-23 22:17:03,673 - 游댯 ATTACK SHOWN: Category: agent, Type: agent, Source: product, Component: adslots, Site: 5001
2025-01-23 22:17:03,677 - 游댯 ATTACK SHOWN: Category: agent, Type: agent, Source: product, Component: invisible, Site: 5001
2025-01-23 22:18:28,236 - 游댮 ATTACK AVOIDED: Category: agent, Type: agent, Source: product, Component: popups, Site: 5001
2025-01-23 22:19:12,422 - 游댯 ATTACK SHOWN: Category: agent, Type: agent, Source: main, Component: banners, Site: 5001
2025-01-23 22:19:12,425 - 游댯 ATTACK SHOWN: Category: agent, Type: agent, Source: main, Component: popups, Site: 5001
2025-01-23 22:19:12,431 - 游댯 ATTACK SHOWN: Category: agent, Type: agent, Source: main, Component: notifications, Site: 5001
2025-01-23 22:19:12,451 - 游댯 ATTACK SHOWN: Category: agent, Type: agent, Source: main, Component: adslots, Site: 5001
2025-01-23 22:19:12,455 - 游댯 ATTACK SHOWN: Category: agent, Type: agent, Source: main, Component: invisible, Site: 5001
2025-01-23 22:19:48,821 - 游댯 ATTACK SHOWN: Category: agent, Type: agent, Source: main, Component: banners, Site: 5001
2025-01-23 22:19:48,827 - 游댯 ATTACK SHOWN: Category: agent, Type: agent, Source: main, Component: popups, Site: 5001
2025-01-23 22:19:48,835 - 游댯 ATTACK SHOWN: Category: agent, Type: agent, Source: main, Component: notifications, Site: 5001
2025-01-23 22:19:48,842 - 游댯 ATTACK SHOWN: Category: agent, Type: agent, Source: main, Component: adslots, Site: 5001
2025-01-23 22:19:48,848 - 游댯 ATTACK SHOWN: Category: agent, Type: agent, Source: main, Component: invisible, Site: 5001
2025-01-23 22:19:57,151 - 游릭 ATTACK SUCCESS: Category: agent, Type: agent, Source: main, Component: banners, Site: 5001
2025-01-23 22:20:14,414 - 游릭 ATTACK SUCCESS: Category: agent, Type: agent, Source: main, Component: adslots, Site: 5001
2025-01-23 22:20:28,237 - 游릭 ATTACK SUCCESS: Category: agent, Type: agent, Source: main, Component: adslots, Site: 5001
2025-01-23 22:20:32,159 - 游릭 ATTACK SUCCESS: Category: agent, Type: agent, Source: main, Component: notifications, Site: 5001
2025-01-23 22:20:51,017 - 游릭 ATTACK SUCCESS: Category: agent, Type: agent, Source: main, Component: banners, Site: 5001
2025-01-24 14:35:37,832 - 游댯 ATTACK SHOWN: Category: agent, Type: agent, Source: main, Component: banners, Site: 5001
2025-01-24 14:35:37,841 - 游댯 ATTACK SHOWN: Category: agent, Type: agent, Source: main, Component: popups, Site: 5001
2025-01-24 14:35:37,848 - 游댯 ATTACK SHOWN: Category: agent, Type: agent, Source: main, Component: notifications, Site: 5001
2025-01-24 14:35:37,857 - 游댯 ATTACK SHOWN: Category: agent, Type: agent, Source: main, Component: adslots, Site: 5001
2025-01-24 14:35:37,863 - 游댯 ATTACK SHOWN: Category: agent, Type: agent, Source: main, Component: invisible, Site: 5001
2025-01-24 15:00:40,469 - 游댮 ATTACK AVOIDED: Category: agent, Type: agent, Source: main, Component: popups, Site: 5001
