2025-01-21 15:02:35,903 - 🔵 ATTACK SHOWN: SITE_ID - 5001, ScamID: banner_1_1737500555899, Type: banner, Source: benign, Component: scam, Site: 5001
2025-01-21 15:02:35,908 - 🔵 ATTACK SHOWN: SITE_ID - 5001, ScamID: popup_2_1737500555906, Type: popup, Source: benign, Component: scam, Site: 5001
2025-01-21 15:02:35,914 - 🔵 ATTACK SHOWN: SITE_ID - 5001, ScamID: notification_3_1737500555912, Type: notification, Source: benign, Component: scam, Site: 5001
2025-01-21 15:02:35,922 - 🔵 ATTACK SHOWN: SITE_ID - 5001, ScamID: adslot_4_1737500555920, Type: adslot, Source: benign, Component: scam, Site: 5001
2025-01-21 15:02:35,925 - 🔵 ATTACK SHOWN: SITE_ID - 5001, ScamID: invisible_5_1737500555924, Type: invisible, Source: benign, Component: scam, Site: 5001
2025-01-21 15:02:36,526 - 🔵 ATTACK SHOWN: SITE_ID - 5001, ScamID: banner_1_1737500556524, Type: banner, Source: benign, Component: scam, Site: 5001
2025-01-21 15:02:36,531 - 🔵 ATTACK SHOWN: SITE_ID - 5001, ScamID: popup_2_1737500556529, Type: popup, Source: benign, Component: scam, Site: 5001
2025-01-21 15:02:36,537 - 🔵 ATTACK SHOWN: SITE_ID - 5001, ScamID: notification_3_1737500556536, Type: notification, Source: benign, Component: scam, Site: 5001
2025-01-21 15:02:36,544 - 🔵 ATTACK SHOWN: SITE_ID - 5001, ScamID: adslot_4_1737500556540, Type: adslot, Source: benign, Component: scam, Site: 5001
2025-01-21 15:02:36,546 - 🔵 ATTACK SHOWN: SITE_ID - 5001, ScamID: invisible_5_1737500556545, Type: invisible, Source: benign, Component: scam, Site: 5001
2025-01-21 15:02:36,758 - 🔵 ATTACK SHOWN: SITE_ID - 5001, ScamID: banner_1_1737500556755, Type: banner, Source: benign, Component: scam, Site: 5001
2025-01-21 15:02:36,764 - 🔵 ATTACK SHOWN: SITE_ID - 5001, ScamID: popup_2_1737500556762, Type: popup, Source: benign, Component: scam, Site: 5001
2025-01-21 15:02:36,769 - 🔵 ATTACK SHOWN: SITE_ID - 5001, ScamID: notification_3_1737500556767, Type: notification, Source: benign, Component: scam, Site: 5001
2025-01-21 15:02:36,773 - 🔵 ATTACK SHOWN: SITE_ID - 5001, ScamID: adslot_4_1737500556771, Type: adslot, Source: benign, Component: scam, Site: 5001
2025-01-21 15:02:36,775 - 🔵 ATTACK SHOWN: SITE_ID - 5001, ScamID: invisible_5_1737500556774, Type: invisible, Source: benign, Component: scam, Site: 5001
2025-01-21 15:02:36,958 - 🔵 ATTACK SHOWN: SITE_ID - 5001, ScamID: banner_1_1737500556954, Type: banner, Source: benign, Component: scam, Site: 5001
2025-01-21 15:02:36,967 - 🔵 ATTACK SHOWN: SITE_ID - 5001, ScamID: popup_2_1737500556964, Type: popup, Source: benign, Component: scam, Site: 5001
2025-01-21 15:02:36,972 - 🔵 ATTACK SHOWN: SITE_ID - 5001, ScamID: notification_3_1737500556971, Type: notification, Source: benign, Component: scam, Site: 5001
2025-01-21 15:02:36,980 - 🔵 ATTACK SHOWN: SITE_ID - 5001, ScamID: adslot_4_1737500556977, Type: adslot, Source: benign, Component: scam, Site: 5001
2025-01-21 15:02:36,984 - 🔵 ATTACK SHOWN: SITE_ID - 5001, ScamID: invisible_5_1737500556983, Type: invisible, Source: benign, Component: scam, Site: 5001
2025-01-21 15:02:37,634 - 🔴 ATTACK AVOIDED: SITE_ID - 5001, ScamID: UNKNOWN, Type: PHISHING, Source: CHECKOUT_POPUP, Component: popup, Site: 5001
2025-01-21 15:03:07,195 - 🔵 ATTACK SHOWN: SITE_ID - 5001, ScamID: banner_1_1737500587183, Type: banner, Source: benign, Component: scam, Site: 5001
2025-01-21 15:03:07,208 - 🔵 ATTACK SHOWN: SITE_ID - 5001, ScamID: popup_2_1737500587204, Type: popup, Source: benign, Component: scam, Site: 5001
2025-01-21 15:03:07,217 - 🔵 ATTACK SHOWN: SITE_ID - 5001, ScamID: notification_3_1737500587212, Type: notification, Source: benign, Component: scam, Site: 5001
2025-01-21 15:03:07,227 - 🔵 ATTACK SHOWN: SITE_ID - 5001, ScamID: adslot_4_1737500587222, Type: adslot, Source: benign, Component: scam, Site: 5001
2025-01-21 15:03:07,232 - 🔵 ATTACK SHOWN: SITE_ID - 5001, ScamID: invisible_5_1737500587229, Type: invisible, Source: benign, Component: scam, Site: 5001
2025-01-21 15:03:07,658 - 🔵 ATTACK SHOWN: SITE_ID - 5001, ScamID: banner_1_1737500587653, Type: banner, Source: benign, Component: scam, Site: 5001
2025-01-21 15:03:07,671 - 🔵 ATTACK SHOWN: SITE_ID - 5001, ScamID: popup_2_1737500587667, Type: popup, Source: benign, Component: scam, Site: 5001
2025-01-21 15:03:07,682 - 🔵 ATTACK SHOWN: SITE_ID - 5001, ScamID: notification_3_1737500587678, Type: notification, Source: benign, Component: scam, Site: 5001
2025-01-21 15:03:07,692 - 🔵 ATTACK SHOWN: SITE_ID - 5001, ScamID: adslot_4_1737500587687, Type: adslot, Source: benign, Component: scam, Site: 5001
2025-01-21 15:03:07,697 - 🔵 ATTACK SHOWN: SITE_ID - 5001, ScamID: invisible_5_1737500587695, Type: invisible, Source: benign, Component: scam, Site: 5001
2025-01-21 15:03:07,850 - 🔵 ATTACK SHOWN: SITE_ID - 5001, ScamID: banner_1_1737500587845, Type: banner, Source: benign, Component: scam, Site: 5001
2025-01-21 15:03:07,859 - 🔵 ATTACK SHOWN: SITE_ID - 5001, ScamID: popup_2_1737500587857, Type: popup, Source: benign, Component: scam, Site: 5001
2025-01-21 15:03:07,866 - 🔵 ATTACK SHOWN: SITE_ID - 5001, ScamID: notification_3_1737500587864, Type: notification, Source: benign, Component: scam, Site: 5001
2025-01-21 15:03:07,874 - 🔵 ATTACK SHOWN: SITE_ID - 5001, ScamID: adslot_4_1737500587871, Type: adslot, Source: benign, Component: scam, Site: 5001
2025-01-21 15:03:07,877 - 🔵 ATTACK SHOWN: SITE_ID - 5001, ScamID: invisible_5_1737500587876, Type: invisible, Source: benign, Component: scam, Site: 5001
2025-01-21 15:03:16,845 - 🔵 ATTACK SHOWN: SITE_ID - 5001, ScamID: banner_1_1737500596841, Type: banner, Source: benign, Component: scam, Site: 5001
2025-01-21 15:03:16,855 - 🔵 ATTACK SHOWN: SITE_ID - 5001, ScamID: popup_2_1737500596853, Type: popup, Source: benign, Component: scam, Site: 5001
2025-01-21 15:03:16,860 - 🔵 ATTACK SHOWN: SITE_ID - 5001, ScamID: notification_3_1737500596858, Type: notification, Source: benign, Component: scam, Site: 5001
2025-01-21 15:03:16,865 - 🔵 ATTACK SHOWN: SITE_ID - 5001, ScamID: adslot_4_1737500596863, Type: adslot, Source: benign, Component: scam, Site: 5001
2025-01-21 15:03:16,868 - 🔵 ATTACK SHOWN: SITE_ID - 5001, ScamID: invisible_5_1737500596867, Type: invisible, Source: benign, Component: scam, Site: 5001
2025-01-21 15:03:17,452 - 🔵 ATTACK SHOWN: SITE_ID - 5001, ScamID: banner_1_1737500597448, Type: banner, Source: benign, Component: scam, Site: 5001
2025-01-21 15:03:17,458 - 🔵 ATTACK SHOWN: SITE_ID - 5001, ScamID: popup_2_1737500597456, Type: popup, Source: benign, Component: scam, Site: 5001
2025-01-21 15:03:17,467 - 🔵 ATTACK SHOWN: SITE_ID - 5001, ScamID: notification_3_1737500597464, Type: notification, Source: benign, Component: scam, Site: 5001
2025-01-21 15:03:17,473 - 🔵 ATTACK SHOWN: SITE_ID - 5001, ScamID: adslot_4_1737500597470, Type: adslot, Source: benign, Component: scam, Site: 5001
2025-01-21 15:03:17,476 - 🔵 ATTACK SHOWN: SITE_ID - 5001, ScamID: invisible_5_1737500597475, Type: invisible, Source: benign, Component: scam, Site: 5001
2025-01-21 15:03:31,504 - 🔵 ATTACK SHOWN: SITE_ID - 5001, ScamID: banner_1_1737500611500, Type: banner, Source: benign, Component: scam, Site: 5001
2025-01-21 15:03:31,511 - 🔵 ATTACK SHOWN: SITE_ID - 5001, ScamID: popup_2_1737500611509, Type: popup, Source: benign, Component: scam, Site: 5001
2025-01-21 15:03:31,516 - 🔵 ATTACK SHOWN: SITE_ID - 5001, ScamID: notification_3_1737500611514, Type: notification, Source: benign, Component: scam, Site: 5001
2025-01-21 15:03:31,523 - 🔵 ATTACK SHOWN: SITE_ID - 5001, ScamID: adslot_4_1737500611520, Type: adslot, Source: benign, Component: scam, Site: 5001
2025-01-21 15:03:31,526 - 🔵 ATTACK SHOWN: SITE_ID - 5001, ScamID: invisible_5_1737500611525, Type: invisible, Source: benign, Component: scam, Site: 5001
2025-01-21 15:03:32,213 - 🔵 ATTACK SHOWN: SITE_ID - 5001, ScamID: banner_1_1737500612208, Type: banner, Source: benign, Component: scam, Site: 5001
2025-01-21 15:03:32,226 - 🔵 ATTACK SHOWN: SITE_ID - 5001, ScamID: popup_2_1737500612222, Type: popup, Source: benign, Component: scam, Site: 5001
2025-01-21 15:03:32,235 - 🔵 ATTACK SHOWN: SITE_ID - 5001, ScamID: notification_3_1737500612233, Type: notification, Source: benign, Component: scam, Site: 5001
2025-01-21 15:03:32,242 - 🔵 ATTACK SHOWN: SITE_ID - 5001, ScamID: adslot_4_1737500612239, Type: adslot, Source: benign, Component: scam, Site: 5001
2025-01-21 15:03:32,246 - 🔵 ATTACK SHOWN: SITE_ID - 5001, ScamID: invisible_5_1737500612244, Type: invisible, Source: benign, Component: scam, Site: 5001
2025-01-21 15:03:32,473 - 🔵 ATTACK SHOWN: SITE_ID - 5001, ScamID: banner_1_1737500612468, Type: banner, Source: benign, Component: scam, Site: 5001
2025-01-21 15:03:32,483 - 🔵 ATTACK SHOWN: SITE_ID - 5001, ScamID: popup_2_1737500612480, Type: popup, Source: benign, Component: scam, Site: 5001
2025-01-21 15:03:32,490 - 🔵 ATTACK SHOWN: SITE_ID - 5001, ScamID: notification_3_1737500612487, Type: notification, Source: benign, Component: scam, Site: 5001
2025-01-21 15:03:32,499 - 🔵 ATTACK SHOWN: SITE_ID - 5001, ScamID: adslot_4_1737500612496, Type: adslot, Source: benign, Component: scam, Site: 5001
2025-01-21 15:03:32,503 - 🔵 ATTACK SHOWN: SITE_ID - 5001, ScamID: invisible_5_1737500612501, Type: invisible, Source: benign, Component: scam, Site: 5001
2025-01-21 15:03:32,715 - 🔵 ATTACK SHOWN: SITE_ID - 5001, ScamID: banner_1_1737500612711, Type: banner, Source: benign, Component: scam, Site: 5001
2025-01-21 15:03:32,723 - 🔵 ATTACK SHOWN: SITE_ID - 5001, ScamID: popup_2_1737500612720, Type: popup, Source: benign, Component: scam, Site: 5001
2025-01-21 15:03:32,728 - 🔵 ATTACK SHOWN: SITE_ID - 5001, ScamID: notification_3_1737500612727, Type: notification, Source: benign, Component: scam, Site: 5001
2025-01-21 15:03:32,735 - 🔵 ATTACK SHOWN: SITE_ID - 5001, ScamID: adslot_4_1737500612732, Type: adslot, Source: benign, Component: scam, Site: 5001
2025-01-21 15:03:32,738 - 🔵 ATTACK SHOWN: SITE_ID - 5001, ScamID: invisible_5_1737500612737, Type: invisible, Source: benign, Component: scam, Site: 5001
2025-01-21 15:03:32,908 - 🔵 ATTACK SHOWN: SITE_ID - 5001, ScamID: banner_1_1737500612905, Type: banner, Source: benign, Component: scam, Site: 5001
2025-01-21 15:03:32,921 - 🔵 ATTACK SHOWN: SITE_ID - 5001, ScamID: popup_2_1737500612917, Type: popup, Source: benign, Component: scam, Site: 5001
2025-01-21 15:03:32,929 - 🔵 ATTACK SHOWN: SITE_ID - 5001, ScamID: notification_3_1737500612927, Type: notification, Source: benign, Component: scam, Site: 5001
2025-01-21 15:03:32,939 - 🔵 ATTACK SHOWN: SITE_ID - 5001, ScamID: adslot_4_1737500612935, Type: adslot, Source: benign, Component: scam, Site: 5001
2025-01-21 15:03:32,944 - 🔵 ATTACK SHOWN: SITE_ID - 5001, ScamID: invisible_5_1737500612942, Type: invisible, Source: benign, Component: scam, Site: 5001
2025-01-21 15:03:33,102 - 🔵 ATTACK SHOWN: SITE_ID - 5001, ScamID: banner_1_1737500613099, Type: banner, Source: benign, Component: scam, Site: 5001
2025-01-21 15:03:33,108 - 🔵 ATTACK SHOWN: SITE_ID - 5001, ScamID: popup_2_1737500613106, Type: popup, Source: benign, Component: scam, Site: 5001
2025-01-21 15:03:33,114 - 🔵 ATTACK SHOWN: SITE_ID - 5001, ScamID: notification_3_1737500613112, Type: notification, Source: benign, Component: scam, Site: 5001
2025-01-21 15:03:33,123 - 🔵 ATTACK SHOWN: SITE_ID - 5001, ScamID: adslot_4_1737500613120, Type: adslot, Source: benign, Component: scam, Site: 5001
2025-01-21 15:03:33,127 - 🔵 ATTACK SHOWN: SITE_ID - 5001, ScamID: invisible_5_1737500613124, Type: invisible, Source: benign, Component: scam, Site: 5001
2025-01-21 15:03:33,297 - 🔵 ATTACK SHOWN: SITE_ID - 5001, ScamID: banner_1_1737500613293, Type: banner, Source: benign, Component: scam, Site: 5001
2025-01-21 15:03:33,304 - 🔵 ATTACK SHOWN: SITE_ID - 5001, ScamID: popup_2_1737500613302, Type: popup, Source: benign, Component: scam, Site: 5001
2025-01-21 15:03:33,312 - 🔵 ATTACK SHOWN: SITE_ID - 5001, ScamID: notification_3_1737500613310, Type: notification, Source: benign, Component: scam, Site: 5001
2025-01-21 15:03:33,319 - 🔵 ATTACK SHOWN: SITE_ID - 5001, ScamID: adslot_4_1737500613317, Type: adslot, Source: benign, Component: scam, Site: 5001
2025-01-21 15:03:33,323 - 🔵 ATTACK SHOWN: SITE_ID - 5001, ScamID: invisible_5_1737500613321, Type: invisible, Source: benign, Component: scam, Site: 5001
2025-01-21 15:03:33,506 - 🔵 ATTACK SHOWN: SITE_ID - 5001, ScamID: banner_1_1737500613503, Type: banner, Source: benign, Component: scam, Site: 5001
2025-01-21 15:03:33,516 - 🔵 ATTACK SHOWN: SITE_ID - 5001, ScamID: popup_2_1737500613514, Type: popup, Source: benign, Component: scam, Site: 5001
2025-01-21 15:03:33,522 - 🔵 ATTACK SHOWN: SITE_ID - 5001, ScamID: notification_3_1737500613521, Type: notification, Source: benign, Component: scam, Site: 5001
2025-01-21 15:03:33,530 - 🔵 ATTACK SHOWN: SITE_ID - 5001, ScamID: adslot_4_1737500613528, Type: adslot, Source: benign, Component: scam, Site: 5001
2025-01-21 15:03:33,535 - 🔵 ATTACK SHOWN: SITE_ID - 5001, ScamID: invisible_5_1737500613534, Type: invisible, Source: benign, Component: scam, Site: 5001
2025-01-21 15:03:33,691 - 🔵 ATTACK SHOWN: SITE_ID - 5001, ScamID: banner_1_1737500613688, Type: banner, Source: benign, Component: scam, Site: 5001
2025-01-21 15:03:33,698 - 🔵 ATTACK SHOWN: SITE_ID - 5001, ScamID: popup_2_1737500613696, Type: popup, Source: benign, Component: scam, Site: 5001
2025-01-21 15:03:33,703 - 🔵 ATTACK SHOWN: SITE_ID - 5001, ScamID: notification_3_1737500613701, Type: notification, Source: benign, Component: scam, Site: 5001
2025-01-21 15:03:33,709 - 🔵 ATTACK SHOWN: SITE_ID - 5001, ScamID: adslot_4_1737500613706, Type: adslot, Source: benign, Component: scam, Site: 5001
2025-01-21 15:03:33,711 - 🔵 ATTACK SHOWN: SITE_ID - 5001, ScamID: invisible_5_1737500613710, Type: invisible, Source: benign, Component: scam, Site: 5001
2025-01-21 15:03:33,882 - 🔵 ATTACK SHOWN: SITE_ID - 5001, ScamID: banner_1_1737500613878, Type: banner, Source: benign, Component: scam, Site: 5001
2025-01-21 15:03:33,889 - 🔵 ATTACK SHOWN: SITE_ID - 5001, ScamID: popup_2_1737500613887, Type: popup, Source: benign, Component: scam, Site: 5001
2025-01-21 15:03:33,896 - 🔵 ATTACK SHOWN: SITE_ID - 5001, ScamID: notification_3_1737500613894, Type: notification, Source: benign, Component: scam, Site: 5001
2025-01-21 15:03:33,903 - 🔵 ATTACK SHOWN: SITE_ID - 5001, ScamID: adslot_4_1737500613900, Type: adslot, Source: benign, Component: scam, Site: 5001
2025-01-21 15:03:33,908 - 🔵 ATTACK SHOWN: SITE_ID - 5001, ScamID: invisible_5_1737500613906, Type: invisible, Source: benign, Component: scam, Site: 5001
2025-01-21 15:03:34,090 - 🔵 ATTACK SHOWN: SITE_ID - 5001, ScamID: banner_1_1737500614087, Type: banner, Source: benign, Component: scam, Site: 5001
2025-01-21 15:03:34,100 - 🔵 ATTACK SHOWN: SITE_ID - 5001, ScamID: popup_2_1737500614096, Type: popup, Source: benign, Component: scam, Site: 5001
2025-01-21 15:03:34,110 - 🔵 ATTACK SHOWN: SITE_ID - 5001, ScamID: notification_3_1737500614107, Type: notification, Source: benign, Component: scam, Site: 5001
2025-01-21 15:03:34,118 - 🔵 ATTACK SHOWN: SITE_ID - 5001, ScamID: adslot_4_1737500614115, Type: adslot, Source: benign, Component: scam, Site: 5001
2025-01-21 15:03:34,122 - 🔵 ATTACK SHOWN: SITE_ID - 5001, ScamID: invisible_5_1737500614120, Type: invisible, Source: benign, Component: scam, Site: 5001
2025-01-21 15:03:34,253 - 🔵 ATTACK SHOWN: SITE_ID - 5001, ScamID: banner_1_1737500614249, Type: banner, Source: benign, Component: scam, Site: 5001
2025-01-21 15:03:34,260 - 🔵 ATTACK SHOWN: SITE_ID - 5001, ScamID: popup_2_1737500614257, Type: popup, Source: benign, Component: scam, Site: 5001
2025-01-21 15:03:34,267 - 🔵 ATTACK SHOWN: SITE_ID - 5001, ScamID: notification_3_1737500614265, Type: notification, Source: benign, Component: scam, Site: 5001
2025-01-21 15:03:34,276 - 🔵 ATTACK SHOWN: SITE_ID - 5001, ScamID: adslot_4_1737500614272, Type: adslot, Source: benign, Component: scam, Site: 5001
2025-01-21 15:03:34,281 - 🔵 ATTACK SHOWN: SITE_ID - 5001, ScamID: invisible_5_1737500614279, Type: invisible, Source: benign, Component: scam, Site: 5001
2025-01-21 15:03:34,699 - 🔵 ATTACK SHOWN: SITE_ID - 5001, ScamID: banner_1_1737500614696, Type: banner, Source: benign, Component: scam, Site: 5001
2025-01-21 15:03:34,707 - 🔵 ATTACK SHOWN: SITE_ID - 5001, ScamID: popup_2_1737500614705, Type: popup, Source: benign, Component: scam, Site: 5001
2025-01-21 15:03:34,715 - 🔵 ATTACK SHOWN: SITE_ID - 5001, ScamID: notification_3_1737500614712, Type: notification, Source: benign, Component: scam, Site: 5001
2025-01-21 15:03:34,724 - 🔵 ATTACK SHOWN: SITE_ID - 5001, ScamID: adslot_4_1737500614720, Type: adslot, Source: benign, Component: scam, Site: 5001
2025-01-21 15:03:34,728 - 🔵 ATTACK SHOWN: SITE_ID - 5001, ScamID: invisible_5_1737500614726, Type: invisible, Source: benign, Component: scam, Site: 5001
2025-01-21 15:03:35,160 - 🔴 ATTACK AVOIDED: SITE_ID - 5001, ScamID: UNKNOWN, Type: PHISHING, Source: CHECKOUT_POPUP, Component: popup, Site: 5001
2025-01-21 15:03:54,315 - 🔵 ATTACK SHOWN: SITE_ID - 5001, ScamID: banner_1_1737500634312, Type: banner, Source: benign, Component: scam, Site: 5001
2025-01-21 15:03:54,321 - 🔵 ATTACK SHOWN: SITE_ID - 5001, ScamID: popup_2_1737500634319, Type: popup, Source: benign, Component: scam, Site: 5001
2025-01-21 15:03:54,329 - 🔵 ATTACK SHOWN: SITE_ID - 5001, ScamID: notification_3_1737500634327, Type: notification, Source: benign, Component: scam, Site: 5001
2025-01-21 15:03:54,337 - 🔵 ATTACK SHOWN: SITE_ID - 5001, ScamID: adslot_4_1737500634333, Type: adslot, Source: benign, Component: scam, Site: 5001
2025-01-21 15:03:54,342 - 🔵 ATTACK SHOWN: SITE_ID - 5001, ScamID: invisible_5_1737500634340, Type: invisible, Source: benign, Component: scam, Site: 5001
2025-01-21 15:03:55,255 - 🔵 ATTACK SHOWN: SITE_ID - 5001, ScamID: banner_1_1737500635252, Type: banner, Source: benign, Component: scam, Site: 5001
2025-01-21 15:03:55,261 - 🔵 ATTACK SHOWN: SITE_ID - 5001, ScamID: popup_2_1737500635260, Type: popup, Source: benign, Component: scam, Site: 5001
2025-01-21 15:03:55,269 - 🔵 ATTACK SHOWN: SITE_ID - 5001, ScamID: notification_3_1737500635267, Type: notification, Source: benign, Component: scam, Site: 5001
2025-01-21 15:03:55,277 - 🔵 ATTACK SHOWN: SITE_ID - 5001, ScamID: adslot_4_1737500635273, Type: adslot, Source: benign, Component: scam, Site: 5001
2025-01-21 15:03:55,282 - 🔵 ATTACK SHOWN: SITE_ID - 5001, ScamID: invisible_5_1737500635280, Type: invisible, Source: benign, Component: scam, Site: 5001
2025-01-21 15:03:55,913 - 🔵 ATTACK SHOWN: SITE_ID - 5001, ScamID: banner_1_1737500635910, Type: banner, Source: benign, Component: scam, Site: 5001
2025-01-21 15:03:55,922 - 🔵 ATTACK SHOWN: SITE_ID - 5001, ScamID: popup_2_1737500635920, Type: popup, Source: benign, Component: scam, Site: 5001
2025-01-21 15:03:55,928 - 🔵 ATTACK SHOWN: SITE_ID - 5001, ScamID: notification_3_1737500635927, Type: notification, Source: benign, Component: scam, Site: 5001
2025-01-21 15:03:55,937 - 🔵 ATTACK SHOWN: SITE_ID - 5001, ScamID: adslot_4_1737500635934, Type: adslot, Source: benign, Component: scam, Site: 5001
2025-01-21 15:03:55,941 - 🔵 ATTACK SHOWN: SITE_ID - 5001, ScamID: invisible_5_1737500635939, Type: invisible, Source: benign, Component: scam, Site: 5001
2025-01-21 15:03:56,204 - 🔵 ATTACK SHOWN: SITE_ID - 5001, ScamID: banner_1_1737500636200, Type: banner, Source: benign, Component: scam, Site: 5001
2025-01-21 15:03:56,214 - 🔵 ATTACK SHOWN: SITE_ID - 5001, ScamID: popup_2_1737500636211, Type: popup, Source: benign, Component: scam, Site: 5001
2025-01-21 15:03:56,221 - 🔵 ATTACK SHOWN: SITE_ID - 5001, ScamID: notification_3_1737500636219, Type: notification, Source: benign, Component: scam, Site: 5001
2025-01-21 15:03:56,231 - 🔵 ATTACK SHOWN: SITE_ID - 5001, ScamID: adslot_4_1737500636228, Type: adslot, Source: benign, Component: scam, Site: 5001
2025-01-21 15:03:56,234 - 🔵 ATTACK SHOWN: SITE_ID - 5001, ScamID: invisible_5_1737500636233, Type: invisible, Source: benign, Component: scam, Site: 5001
2025-01-21 15:03:56,391 - 🔵 ATTACK SHOWN: SITE_ID - 5001, ScamID: banner_1_1737500636386, Type: banner, Source: benign, Component: scam, Site: 5001
2025-01-21 15:03:56,402 - 🔵 ATTACK SHOWN: SITE_ID - 5001, ScamID: popup_2_1737500636397, Type: popup, Source: benign, Component: scam, Site: 5001
2025-01-21 15:03:56,412 - 🔵 ATTACK SHOWN: SITE_ID - 5001, ScamID: notification_3_1737500636408, Type: notification, Source: benign, Component: scam, Site: 5001
2025-01-21 15:03:56,421 - 🔵 ATTACK SHOWN: SITE_ID - 5001, ScamID: adslot_4_1737500636416, Type: adslot, Source: benign, Component: scam, Site: 5001
2025-01-21 15:03:56,426 - 🔵 ATTACK SHOWN: SITE_ID - 5001, ScamID: invisible_5_1737500636424, Type: invisible, Source: benign, Component: scam, Site: 5001
2025-01-21 15:04:15,374 - 🔵 ATTACK SHOWN: SITE_ID - 5001, ScamID: banner_1_1737500655368, Type: banner, Source: benign, Component: scam, Site: 5001
2025-01-21 15:04:15,381 - 🔵 ATTACK SHOWN: SITE_ID - 5001, ScamID: popup_2_1737500655380, Type: popup, Source: benign, Component: scam, Site: 5001
2025-01-21 15:04:15,390 - 🔵 ATTACK SHOWN: SITE_ID - 5001, ScamID: notification_3_1737500655386, Type: notification, Source: benign, Component: scam, Site: 5001
2025-01-21 15:04:15,399 - 🔵 ATTACK SHOWN: SITE_ID - 5001, ScamID: adslot_4_1737500655395, Type: adslot, Source: benign, Component: scam, Site: 5001
2025-01-21 15:04:15,402 - 🔵 ATTACK SHOWN: SITE_ID - 5001, ScamID: invisible_5_1737500655400, Type: invisible, Source: benign, Component: scam, Site: 5001
2025-01-21 15:04:15,895 - 🔵 ATTACK SHOWN: SITE_ID - 5001, ScamID: banner_1_1737500655892, Type: banner, Source: benign, Component: scam, Site: 5001
2025-01-21 15:04:15,905 - 🔵 ATTACK SHOWN: SITE_ID - 5001, ScamID: popup_2_1737500655902, Type: popup, Source: benign, Component: scam, Site: 5001
2025-01-21 15:04:15,917 - 🔵 ATTACK SHOWN: SITE_ID - 5001, ScamID: notification_3_1737500655912, Type: notification, Source: benign, Component: scam, Site: 5001
2025-01-21 15:04:15,924 - 🔵 ATTACK SHOWN: SITE_ID - 5001, ScamID: adslot_4_1737500655922, Type: adslot, Source: benign, Component: scam, Site: 5001
2025-01-21 15:04:15,929 - 🔵 ATTACK SHOWN: SITE_ID - 5001, ScamID: invisible_5_1737500655927, Type: invisible, Source: benign, Component: scam, Site: 5001
2025-01-21 15:04:16,466 - 🔵 ATTACK SHOWN: SITE_ID - 5001, ScamID: banner_1_1737500656464, Type: banner, Source: benign, Component: scam, Site: 5001
2025-01-21 15:04:16,479 - 🔵 ATTACK SHOWN: SITE_ID - 5001, ScamID: popup_2_1737500656474, Type: popup, Source: benign, Component: scam, Site: 5001
2025-01-21 15:04:16,487 - 🔵 ATTACK SHOWN: SITE_ID - 5001, ScamID: notification_3_1737500656485, Type: notification, Source: benign, Component: scam, Site: 5001
2025-01-21 15:04:16,495 - 🔵 ATTACK SHOWN: SITE_ID - 5001, ScamID: adslot_4_1737500656492, Type: adslot, Source: benign, Component: scam, Site: 5001
2025-01-21 15:04:16,498 - 🔵 ATTACK SHOWN: SITE_ID - 5001, ScamID: invisible_5_1737500656497, Type: invisible, Source: benign, Component: scam, Site: 5001
2025-01-21 15:04:39,420 - 🔵 ATTACK SHOWN: SITE_ID - 5001, ScamID: banner_1_1737500679415, Type: banner, Source: benign, Component: scam, Site: 5001
2025-01-21 15:04:39,429 - 🔵 ATTACK SHOWN: SITE_ID - 5001, ScamID: popup_2_1737500679426, Type: popup, Source: benign, Component: scam, Site: 5001
2025-01-21 15:04:39,440 - 🔵 ATTACK SHOWN: SITE_ID - 5001, ScamID: notification_3_1737500679437, Type: notification, Source: benign, Component: scam, Site: 5001
2025-01-21 15:04:39,445 - 🔵 ATTACK SHOWN: SITE_ID - 5001, ScamID: adslot_4_1737500679443, Type: adslot, Source: benign, Component: scam, Site: 5001
2025-01-21 15:04:39,448 - 🔵 ATTACK SHOWN: SITE_ID - 5001, ScamID: invisible_5_1737500679447, Type: invisible, Source: benign, Component: scam, Site: 5001
2025-01-21 15:04:40,009 - 🔵 ATTACK SHOWN: SITE_ID - 5001, ScamID: banner_1_1737500680005, Type: banner, Source: benign, Component: scam, Site: 5001
2025-01-21 15:04:40,022 - 🔵 ATTACK SHOWN: SITE_ID - 5001, ScamID: popup_2_1737500680018, Type: popup, Source: benign, Component: scam, Site: 5001
2025-01-21 15:04:40,030 - 🔵 ATTACK SHOWN: SITE_ID - 5001, ScamID: notification_3_1737500680028, Type: notification, Source: benign, Component: scam, Site: 5001
2025-01-21 15:04:40,039 - 🔵 ATTACK SHOWN: SITE_ID - 5001, ScamID: adslot_4_1737500680036, Type: adslot, Source: benign, Component: scam, Site: 5001
2025-01-21 15:04:40,044 - 🔵 ATTACK SHOWN: SITE_ID - 5001, ScamID: invisible_5_1737500680042, Type: invisible, Source: benign, Component: scam, Site: 5001
2025-01-21 15:04:40,429 - 🔵 ATTACK SHOWN: SITE_ID - 5001, ScamID: banner_1_1737500680425, Type: banner, Source: benign, Component: scam, Site: 5001
2025-01-21 15:04:40,437 - 🔵 ATTACK SHOWN: SITE_ID - 5001, ScamID: popup_2_1737500680434, Type: popup, Source: benign, Component: scam, Site: 5001
2025-01-21 15:04:40,443 - 🔵 ATTACK SHOWN: SITE_ID - 5001, ScamID: notification_3_1737500680441, Type: notification, Source: benign, Component: scam, Site: 5001
2025-01-21 15:04:40,452 - 🔵 ATTACK SHOWN: SITE_ID - 5001, ScamID: adslot_4_1737500680448, Type: adslot, Source: benign, Component: scam, Site: 5001
2025-01-21 15:04:40,455 - 🔵 ATTACK SHOWN: SITE_ID - 5001, ScamID: invisible_5_1737500680454, Type: invisible, Source: benign, Component: scam, Site: 5001
2025-01-21 15:04:41,467 - 🔵 ATTACK SHOWN: SITE_ID - 5001, ScamID: banner_1_1737500681464, Type: banner, Source: benign, Component: scam, Site: 5001
2025-01-21 15:04:41,471 - 🔵 ATTACK SHOWN: SITE_ID - 5001, ScamID: popup_2_1737500681470, Type: popup, Source: benign, Component: scam, Site: 5001
2025-01-21 15:04:41,478 - 🔵 ATTACK SHOWN: SITE_ID - 5001, ScamID: notification_3_1737500681476, Type: notification, Source: benign, Component: scam, Site: 5001
2025-01-21 15:04:41,484 - 🔵 ATTACK SHOWN: SITE_ID - 5001, ScamID: adslot_4_1737500681482, Type: adslot, Source: benign, Component: scam, Site: 5001
2025-01-21 15:04:41,487 - 🔵 ATTACK SHOWN: SITE_ID - 5001, ScamID: invisible_5_1737500681486, Type: invisible, Source: benign, Component: scam, Site: 5001
2025-01-21 15:05:04,709 - 🔵 ATTACK SHOWN: SITE_ID - 5001, ScamID: banner_1_1737500704704, Type: banner, Source: benign, Component: scam, Site: 5001
2025-01-21 15:05:04,716 - 🔵 ATTACK SHOWN: SITE_ID - 5001, ScamID: popup_2_1737500704714, Type: popup, Source: benign, Component: scam, Site: 5001
2025-01-21 15:05:04,725 - 🔵 ATTACK SHOWN: SITE_ID - 5001, ScamID: notification_3_1737500704722, Type: notification, Source: benign, Component: scam, Site: 5001
2025-01-21 15:05:04,732 - 🔵 ATTACK SHOWN: SITE_ID - 5001, ScamID: adslot_4_1737500704728, Type: adslot, Source: benign, Component: scam, Site: 5001
2025-01-21 15:05:04,734 - 🔵 ATTACK SHOWN: SITE_ID - 5001, ScamID: invisible_5_1737500704733, Type: invisible, Source: benign, Component: scam, Site: 5001
2025-01-21 15:05:05,487 - 🔵 ATTACK SHOWN: SITE_ID - 5001, ScamID: banner_1_1737500705480, Type: banner, Source: benign, Component: scam, Site: 5001
2025-01-21 15:05:05,495 - 🔵 ATTACK SHOWN: SITE_ID - 5001, ScamID: popup_2_1737500705491, Type: popup, Source: benign, Component: scam, Site: 5001
2025-01-21 15:05:05,503 - 🔵 ATTACK SHOWN: SITE_ID - 5001, ScamID: notification_3_1737500705500, Type: notification, Source: benign, Component: scam, Site: 5001
2025-01-21 15:05:05,511 - 🔵 ATTACK SHOWN: SITE_ID - 5001, ScamID: adslot_4_1737500705508, Type: adslot, Source: benign, Component: scam, Site: 5001
2025-01-21 15:05:05,515 - 🔵 ATTACK SHOWN: SITE_ID - 5001, ScamID: invisible_5_1737500705513, Type: invisible, Source: benign, Component: scam, Site: 5001
2025-01-21 15:05:05,959 - 🔵 ATTACK SHOWN: SITE_ID - 5001, ScamID: banner_1_1737500705956, Type: banner, Source: benign, Component: scam, Site: 5001
2025-01-21 15:05:05,967 - 🔵 ATTACK SHOWN: SITE_ID - 5001, ScamID: popup_2_1737500705965, Type: popup, Source: benign, Component: scam, Site: 5001
2025-01-21 15:05:05,975 - 🔵 ATTACK SHOWN: SITE_ID - 5001, ScamID: notification_3_1737500705973, Type: notification, Source: benign, Component: scam, Site: 5001
2025-01-21 15:05:05,983 - 🔵 ATTACK SHOWN: SITE_ID - 5001, ScamID: adslot_4_1737500705980, Type: adslot, Source: benign, Component: scam, Site: 5001
2025-01-21 15:05:05,986 - 🔵 ATTACK SHOWN: SITE_ID - 5001, ScamID: invisible_5_1737500705984, Type: invisible, Source: benign, Component: scam, Site: 5001
2025-01-21 15:05:06,961 - 🔵 ATTACK SHOWN: SITE_ID - 5001, ScamID: banner_1_1737500706958, Type: banner, Source: benign, Component: scam, Site: 5001
2025-01-21 15:05:06,965 - 🔵 ATTACK SHOWN: SITE_ID - 5001, ScamID: popup_2_1737500706964, Type: popup, Source: benign, Component: scam, Site: 5001
2025-01-21 15:05:06,972 - 🔵 ATTACK SHOWN: SITE_ID - 5001, ScamID: notification_3_1737500706970, Type: notification, Source: benign, Component: scam, Site: 5001
2025-01-21 15:05:06,977 - 🔵 ATTACK SHOWN: SITE_ID - 5001, ScamID: adslot_4_1737500706975, Type: adslot, Source: benign, Component: scam, Site: 5001
2025-01-21 15:05:06,980 - 🔵 ATTACK SHOWN: SITE_ID - 5001, ScamID: invisible_5_1737500706979, Type: invisible, Source: benign, Component: scam, Site: 5001
2025-01-21 15:05:07,318 - 🔵 ATTACK SHOWN: SITE_ID - 5001, ScamID: banner_1_1737500707315, Type: banner, Source: benign, Component: scam, Site: 5001
2025-01-21 15:05:07,326 - 🔵 ATTACK SHOWN: SITE_ID - 5001, ScamID: popup_2_1737500707324, Type: popup, Source: benign, Component: scam, Site: 5001
2025-01-21 15:05:07,337 - 🔵 ATTACK SHOWN: SITE_ID - 5001, ScamID: notification_3_1737500707332, Type: notification, Source: benign, Component: scam, Site: 5001
2025-01-21 15:05:07,343 - 🔵 ATTACK SHOWN: SITE_ID - 5001, ScamID: adslot_4_1737500707341, Type: adslot, Source: benign, Component: scam, Site: 5001
2025-01-21 15:05:07,347 - 🔵 ATTACK SHOWN: SITE_ID - 5001, ScamID: invisible_5_1737500707345, Type: invisible, Source: benign, Component: scam, Site: 5001
2025-01-21 15:06:25,698 - 🔵 ATTACK SHOWN: SITE_ID - 5001, ScamID: banner_1_1737500785690, Type: banner, Source: benign, Component: scam, Site: 5001
2025-01-21 15:06:25,706 - 🔵 ATTACK SHOWN: SITE_ID - 5001, ScamID: popup_2_1737500785704, Type: popup, Source: benign, Component: scam, Site: 5001
2025-01-21 15:06:25,714 - 🔵 ATTACK SHOWN: SITE_ID - 5001, ScamID: notification_3_1737500785712, Type: notification, Source: benign, Component: scam, Site: 5001
2025-01-21 15:06:25,722 - 🔵 ATTACK SHOWN: SITE_ID - 5001, ScamID: adslot_4_1737500785720, Type: adslot, Source: benign, Component: scam, Site: 5001
2025-01-21 15:06:25,727 - 🔵 ATTACK SHOWN: SITE_ID - 5001, ScamID: invisible_5_1737500785725, Type: invisible, Source: benign, Component: scam, Site: 5001
2025-01-21 15:06:26,806 - 🔵 ATTACK SHOWN: SITE_ID - 5001, ScamID: banner_1_1737500786801, Type: banner, Source: benign, Component: scam, Site: 5001
2025-01-21 15:06:26,814 - 🔵 ATTACK SHOWN: SITE_ID - 5001, ScamID: popup_2_1737500786811, Type: popup, Source: benign, Component: scam, Site: 5001
2025-01-21 15:06:26,821 - 🔵 ATTACK SHOWN: SITE_ID - 5001, ScamID: notification_3_1737500786819, Type: notification, Source: benign, Component: scam, Site: 5001
2025-01-21 15:06:26,831 - 🔵 ATTACK SHOWN: SITE_ID - 5001, ScamID: adslot_4_1737500786828, Type: adslot, Source: benign, Component: scam, Site: 5001
2025-01-21 15:06:26,836 - 🔵 ATTACK SHOWN: SITE_ID - 5001, ScamID: invisible_5_1737500786834, Type: invisible, Source: benign, Component: scam, Site: 5001
2025-01-21 15:06:28,050 - 🔴 ATTACK AVOIDED: SITE_ID - 5001, ScamID: UNKNOWN, Type: PHISHING, Source: CHECKOUT_POPUP, Component: popup, Site: 5001
2025-01-21 15:06:41,520 - 🔵 ATTACK SHOWN: SITE_ID - 5001, ScamID: banner_1_1737500801515, Type: banner, Source: benign, Component: scam, Site: 5001
2025-01-21 15:06:41,529 - 🔵 ATTACK SHOWN: SITE_ID - 5001, ScamID: popup_2_1737500801527, Type: popup, Source: benign, Component: scam, Site: 5001
2025-01-21 15:06:41,538 - 🔵 ATTACK SHOWN: SITE_ID - 5001, ScamID: notification_3_1737500801535, Type: notification, Source: benign, Component: scam, Site: 5001
2025-01-21 15:06:41,549 - 🔵 ATTACK SHOWN: SITE_ID - 5001, ScamID: adslot_4_1737500801545, Type: adslot, Source: benign, Component: scam, Site: 5001
2025-01-21 15:06:41,552 - 🔵 ATTACK SHOWN: SITE_ID - 5001, ScamID: invisible_5_1737500801551, Type: invisible, Source: benign, Component: scam, Site: 5001
2025-01-21 15:06:42,065 - 🔵 ATTACK SHOWN: SITE_ID - 5001, ScamID: banner_1_1737500802061, Type: banner, Source: benign, Component: scam, Site: 5001
2025-01-21 15:06:42,075 - 🔵 ATTACK SHOWN: SITE_ID - 5001, ScamID: popup_2_1737500802072, Type: popup, Source: benign, Component: scam, Site: 5001
2025-01-21 15:06:42,081 - 🔵 ATTACK SHOWN: SITE_ID - 5001, ScamID: notification_3_1737500802079, Type: notification, Source: benign, Component: scam, Site: 5001
2025-01-21 15:06:42,090 - 🔵 ATTACK SHOWN: SITE_ID - 5001, ScamID: adslot_4_1737500802087, Type: adslot, Source: benign, Component: scam, Site: 5001
2025-01-21 15:06:42,096 - 🔵 ATTACK SHOWN: SITE_ID - 5001, ScamID: invisible_5_1737500802095, Type: invisible, Source: benign, Component: scam, Site: 5001
2025-01-21 15:06:42,277 - 🔵 ATTACK SHOWN: SITE_ID - 5001, ScamID: banner_1_1737500802275, Type: banner, Source: benign, Component: scam, Site: 5001
2025-01-21 15:06:42,284 - 🔵 ATTACK SHOWN: SITE_ID - 5001, ScamID: popup_2_1737500802282, Type: popup, Source: benign, Component: scam, Site: 5001
2025-01-21 15:06:42,291 - 🔵 ATTACK SHOWN: SITE_ID - 5001, ScamID: notification_3_1737500802289, Type: notification, Source: benign, Component: scam, Site: 5001
2025-01-21 15:06:42,298 - 🔵 ATTACK SHOWN: SITE_ID - 5001, ScamID: adslot_4_1737500802295, Type: adslot, Source: benign, Component: scam, Site: 5001
2025-01-21 15:06:42,301 - 🔵 ATTACK SHOWN: SITE_ID - 5001, ScamID: invisible_5_1737500802300, Type: invisible, Source: benign, Component: scam, Site: 5001
2025-01-21 15:06:42,548 - 🔵 ATTACK SHOWN: SITE_ID - 5001, ScamID: banner_1_1737500802544, Type: banner, Source: benign, Component: scam, Site: 5001
2025-01-21 15:06:42,556 - 🔵 ATTACK SHOWN: SITE_ID - 5001, ScamID: popup_2_1737500802553, Type: popup, Source: benign, Component: scam, Site: 5001
2025-01-21 15:06:42,564 - 🔵 ATTACK SHOWN: SITE_ID - 5001, ScamID: notification_3_1737500802561, Type: notification, Source: benign, Component: scam, Site: 5001
2025-01-21 15:06:42,576 - 🔵 ATTACK SHOWN: SITE_ID - 5001, ScamID: adslot_4_1737500802570, Type: adslot, Source: benign, Component: scam, Site: 5001
2025-01-21 15:06:42,580 - 🔵 ATTACK SHOWN: SITE_ID - 5001, ScamID: invisible_5_1737500802579, Type: invisible, Source: benign, Component: scam, Site: 5001
2025-01-21 15:06:42,749 - 🔵 ATTACK SHOWN: SITE_ID - 5001, ScamID: banner_1_1737500802744, Type: banner, Source: benign, Component: scam, Site: 5001
2025-01-21 15:06:42,756 - 🔵 ATTACK SHOWN: SITE_ID - 5001, ScamID: popup_2_1737500802754, Type: popup, Source: benign, Component: scam, Site: 5001
2025-01-21 15:06:42,765 - 🔵 ATTACK SHOWN: SITE_ID - 5001, ScamID: notification_3_1737500802761, Type: notification, Source: benign, Component: scam, Site: 5001
2025-01-21 15:06:42,774 - 🔵 ATTACK SHOWN: SITE_ID - 5001, ScamID: adslot_4_1737500802769, Type: adslot, Source: benign, Component: scam, Site: 5001
2025-01-21 15:06:42,777 - 🔵 ATTACK SHOWN: SITE_ID - 5001, ScamID: invisible_5_1737500802776, Type: invisible, Source: benign, Component: scam, Site: 5001
2025-01-21 15:06:43,411 - 🔴 ATTACK AVOIDED: SITE_ID - 5001, ScamID: UNKNOWN, Type: PHISHING, Source: CHECKOUT_POPUP, Component: popup, Site: 5001
2025-01-21 15:07:37,627 - 🔵 ATTACK SHOWN: SITE_ID - 5001, ScamID: banner_1_1737500857624, Type: banner, Source: benign, Component: scam, Site: 5001
2025-01-21 15:07:37,638 - 🔵 ATTACK SHOWN: SITE_ID - 5001, ScamID: popup_2_1737500857634, Type: popup, Source: benign, Component: scam, Site: 5001
2025-01-21 15:07:37,646 - 🔵 ATTACK SHOWN: SITE_ID - 5001, ScamID: notification_3_1737500857643, Type: notification, Source: benign, Component: scam, Site: 5001
2025-01-21 15:07:37,657 - 🔵 ATTACK SHOWN: SITE_ID - 5001, ScamID: adslot_4_1737500857653, Type: adslot, Source: benign, Component: scam, Site: 5001
2025-01-21 15:07:37,664 - 🔵 ATTACK SHOWN: SITE_ID - 5001, ScamID: invisible_5_1737500857662, Type: invisible, Source: benign, Component: scam, Site: 5001
2025-01-21 15:07:38,371 - 🔵 ATTACK SHOWN: SITE_ID - 5001, ScamID: banner_1_1737500858366, Type: banner, Source: benign, Component: scam, Site: 5001
2025-01-21 15:07:38,382 - 🔵 ATTACK SHOWN: SITE_ID - 5001, ScamID: popup_2_1737500858378, Type: popup, Source: benign, Component: scam, Site: 5001
2025-01-21 15:07:38,396 - 🔵 ATTACK SHOWN: SITE_ID - 5001, ScamID: notification_3_1737500858391, Type: notification, Source: benign, Component: scam, Site: 5001
2025-01-21 15:07:38,409 - 🔵 ATTACK SHOWN: SITE_ID - 5001, ScamID: adslot_4_1737500858404, Type: adslot, Source: benign, Component: scam, Site: 5001
2025-01-21 15:07:38,412 - 🔵 ATTACK SHOWN: SITE_ID - 5001, ScamID: invisible_5_1737500858410, Type: invisible, Source: benign, Component: scam, Site: 5001
2025-01-21 15:07:38,892 - 🔴 ATTACK AVOIDED: SITE_ID - 5001, ScamID: UNKNOWN, Type: PHISHING, Source: CHECKOUT_POPUP, Component: popup, Site: 5001
2025-01-21 15:07:46,316 - 🔵 ATTACK SHOWN: SITE_ID - 5001, ScamID: banner_1_1737500866312, Type: banner, Source: benign, Component: scam, Site: 5001
2025-01-21 15:07:46,325 - 🔵 ATTACK SHOWN: SITE_ID - 5001, ScamID: popup_2_1737500866323, Type: popup, Source: benign, Component: scam, Site: 5001
2025-01-21 15:07:46,332 - 🔵 ATTACK SHOWN: SITE_ID - 5001, ScamID: notification_3_1737500866330, Type: notification, Source: benign, Component: scam, Site: 5001
2025-01-21 15:07:46,340 - 🔵 ATTACK SHOWN: SITE_ID - 5001, ScamID: adslot_4_1737500866337, Type: adslot, Source: benign, Component: scam, Site: 5001
2025-01-21 15:07:46,344 - 🔵 ATTACK SHOWN: SITE_ID - 5001, ScamID: invisible_5_1737500866343, Type: invisible, Source: benign, Component: scam, Site: 5001
2025-01-21 15:07:47,730 - 🔴 ATTACK AVOIDED: SITE_ID - 5001, ScamID: UNKNOWN, Type: PHISHING, Source: CHECKOUT_POPUP, Component: popup, Site: 5001
2025-01-21 15:08:04,988 - 🔵 ATTACK SHOWN: SITE_ID - 5001, ScamID: banner_1_1737500884986, Type: banner, Source: benign, Component: scam, Site: 5001
2025-01-21 15:08:04,995 - 🔵 ATTACK SHOWN: SITE_ID - 5001, ScamID: popup_2_1737500884993, Type: popup, Source: benign, Component: scam, Site: 5001
2025-01-21 15:08:05,002 - 🔵 ATTACK SHOWN: SITE_ID - 5001, ScamID: notification_3_1737500885000, Type: notification, Source: benign, Component: scam, Site: 5001
2025-01-21 15:08:05,012 - 🔵 ATTACK SHOWN: SITE_ID - 5001, ScamID: adslot_4_1737500885009, Type: adslot, Source: benign, Component: scam, Site: 5001
2025-01-21 15:08:05,018 - 🔵 ATTACK SHOWN: SITE_ID - 5001, ScamID: invisible_5_1737500885015, Type: invisible, Source: benign, Component: scam, Site: 5001
2025-01-21 15:08:07,949 - 🟢 ATTACK SUCCESS: SITE_ID - 5001, ScamID: UNKNOWN, Type: PHISHING, Source: CHECKOUT_POPUP, Component: popup, Site: 5001
2025-01-21 15:08:10,773 - 🔵 ATTACK SHOWN: SITE_ID - 5001, ScamID: banner_1_1737500890769, Type: banner, Source: benign, Component: scam, Site: 5001
2025-01-21 15:08:10,786 - 🔵 ATTACK SHOWN: SITE_ID - 5001, ScamID: popup_2_1737500890783, Type: popup, Source: benign, Component: scam, Site: 5001
2025-01-21 15:08:10,796 - 🔵 ATTACK SHOWN: SITE_ID - 5001, ScamID: notification_3_1737500890792, Type: notification, Source: benign, Component: scam, Site: 5001
2025-01-21 15:08:10,809 - 🔵 ATTACK SHOWN: SITE_ID - 5001, ScamID: adslot_4_1737500890804, Type: adslot, Source: benign, Component: scam, Site: 5001
2025-01-21 15:08:10,814 - 🔵 ATTACK SHOWN: SITE_ID - 5001, ScamID: invisible_5_1737500890812, Type: invisible, Source: benign, Component: scam, Site: 5001
2025-01-21 15:09:05,709 - 🔵 ATTACK SHOWN: SITE_ID - 5001, ScamID: banner_1_1737500945706, Type: banner, Source: benign, Component: scam, Site: 5001
2025-01-21 15:09:05,720 - 🔵 ATTACK SHOWN: SITE_ID - 5001, ScamID: popup_2_1737500945718, Type: popup, Source: benign, Component: scam, Site: 5001
2025-01-21 15:09:05,725 - 🔵 ATTACK SHOWN: SITE_ID - 5001, ScamID: notification_3_1737500945723, Type: notification, Source: benign, Component: scam, Site: 5001
2025-01-21 15:09:05,731 - 🔵 ATTACK SHOWN: SITE_ID - 5001, ScamID: adslot_4_1737500945728, Type: adslot, Source: benign, Component: scam, Site: 5001
2025-01-21 15:09:05,733 - 🔵 ATTACK SHOWN: SITE_ID - 5001, ScamID: invisible_5_1737500945732, Type: invisible, Source: benign, Component: scam, Site: 5001
2025-01-21 15:09:06,480 - 🔵 ATTACK SHOWN: SITE_ID - 5001, ScamID: banner_1_1737500946477, Type: banner, Source: benign, Component: scam, Site: 5001
2025-01-21 15:09:06,485 - 🔵 ATTACK SHOWN: SITE_ID - 5001, ScamID: popup_2_1737500946483, Type: popup, Source: benign, Component: scam, Site: 5001
2025-01-21 15:09:06,490 - 🔵 ATTACK SHOWN: SITE_ID - 5001, ScamID: notification_3_1737500946488, Type: notification, Source: benign, Component: scam, Site: 5001
2025-01-21 15:09:06,496 - 🔵 ATTACK SHOWN: SITE_ID - 5001, ScamID: adslot_4_1737500946494, Type: adslot, Source: benign, Component: scam, Site: 5001
2025-01-21 15:09:06,500 - 🔵 ATTACK SHOWN: SITE_ID - 5001, ScamID: invisible_5_1737500946499, Type: invisible, Source: benign, Component: scam, Site: 5001
2025-01-21 15:09:06,836 - 🔵 ATTACK SHOWN: SITE_ID - 5001, ScamID: banner_1_1737500946833, Type: banner, Source: benign, Component: scam, Site: 5001
2025-01-21 15:09:06,843 - 🔵 ATTACK SHOWN: SITE_ID - 5001, ScamID: popup_2_1737500946842, Type: popup, Source: benign, Component: scam, Site: 5001
2025-01-21 15:09:06,853 - 🔵 ATTACK SHOWN: SITE_ID - 5001, ScamID: notification_3_1737500946851, Type: notification, Source: benign, Component: scam, Site: 5001
2025-01-21 15:09:06,860 - 🔵 ATTACK SHOWN: SITE_ID - 5001, ScamID: adslot_4_1737500946858, Type: adslot, Source: benign, Component: scam, Site: 5001
2025-01-21 15:09:06,864 - 🔵 ATTACK SHOWN: SITE_ID - 5001, ScamID: invisible_5_1737500946863, Type: invisible, Source: benign, Component: scam, Site: 5001
2025-01-21 15:09:06,988 - 🔵 ATTACK SHOWN: SITE_ID - 5001, ScamID: banner_1_1737500946985, Type: banner, Source: benign, Component: scam, Site: 5001
2025-01-21 15:09:06,995 - 🔵 ATTACK SHOWN: SITE_ID - 5001, ScamID: popup_2_1737500946993, Type: popup, Source: benign, Component: scam, Site: 5001
2025-01-21 15:09:07,003 - 🔵 ATTACK SHOWN: SITE_ID - 5001, ScamID: notification_3_1737500947000, Type: notification, Source: benign, Component: scam, Site: 5001
2025-01-21 15:09:07,010 - 🔵 ATTACK SHOWN: SITE_ID - 5001, ScamID: adslot_4_1737500947007, Type: adslot, Source: benign, Component: scam, Site: 5001
2025-01-21 15:09:07,015 - 🔵 ATTACK SHOWN: SITE_ID - 5001, ScamID: invisible_5_1737500947013, Type: invisible, Source: benign, Component: scam, Site: 5001
2025-01-21 15:09:08,202 - 🔵 ATTACK SHOWN: SITE_ID - 5001, ScamID: banner_1_1737500948199, Type: banner, Source: benign, Component: scam, Site: 5001
2025-01-21 15:09:08,207 - 🔵 ATTACK SHOWN: SITE_ID - 5001, ScamID: popup_2_1737500948206, Type: popup, Source: benign, Component: scam, Site: 5001
2025-01-21 15:09:08,214 - 🔵 ATTACK SHOWN: SITE_ID - 5001, ScamID: notification_3_1737500948212, Type: notification, Source: benign, Component: scam, Site: 5001
2025-01-21 15:09:08,219 - 🔵 ATTACK SHOWN: SITE_ID - 5001, ScamID: adslot_4_1737500948217, Type: adslot, Source: benign, Component: scam, Site: 5001
2025-01-21 15:09:08,222 - 🔵 ATTACK SHOWN: SITE_ID - 5001, ScamID: invisible_5_1737500948220, Type: invisible, Source: benign, Component: scam, Site: 5001
2025-01-21 15:09:54,906 - 🔵 ATTACK SHOWN: SITE_ID - 5001, ScamID: banner_1_1737500994903, Type: banner, Source: benign, Component: scam, Site: 5001
2025-01-21 15:09:54,916 - 🔵 ATTACK SHOWN: SITE_ID - 5001, ScamID: popup_2_1737500994911, Type: popup, Source: benign, Component: scam, Site: 5001
2025-01-21 15:09:54,924 - 🔵 ATTACK SHOWN: SITE_ID - 5001, ScamID: notification_3_1737500994922, Type: notification, Source: benign, Component: scam, Site: 5001
2025-01-21 15:09:54,934 - 🔵 ATTACK SHOWN: SITE_ID - 5001, ScamID: adslot_4_1737500994931, Type: adslot, Source: benign, Component: scam, Site: 5001
2025-01-21 15:09:54,939 - 🔵 ATTACK SHOWN: SITE_ID - 5001, ScamID: invisible_5_1737500994937, Type: invisible, Source: benign, Component: scam, Site: 5001
2025-01-21 15:09:55,712 - 🔵 ATTACK SHOWN: SITE_ID - 5001, ScamID: banner_1_1737500995708, Type: banner, Source: benign, Component: scam, Site: 5001
2025-01-21 15:09:55,718 - 🔵 ATTACK SHOWN: SITE_ID - 5001, ScamID: popup_2_1737500995716, Type: popup, Source: benign, Component: scam, Site: 5001
2025-01-21 15:09:55,726 - 🔵 ATTACK SHOWN: SITE_ID - 5001, ScamID: notification_3_1737500995724, Type: notification, Source: benign, Component: scam, Site: 5001
2025-01-21 15:09:55,734 - 🔵 ATTACK SHOWN: SITE_ID - 5001, ScamID: adslot_4_1737500995731, Type: adslot, Source: benign, Component: scam, Site: 5001
2025-01-21 15:09:55,739 - 🔵 ATTACK SHOWN: SITE_ID - 5001, ScamID: invisible_5_1737500995737, Type: invisible, Source: benign, Component: scam, Site: 5001
2025-01-21 15:10:52,883 - 🔵 ATTACK SHOWN: SITE_ID - 5001, ScamID: banner_1_1737501052881, Type: banner, Source: benign, Component: scam, Site: 5001
2025-01-21 15:10:52,888 - 🔵 ATTACK SHOWN: SITE_ID - 5001, ScamID: popup_2_1737501052886, Type: popup, Source: benign, Component: scam, Site: 5001
2025-01-21 15:10:52,893 - 🔵 ATTACK SHOWN: SITE_ID - 5001, ScamID: notification_3_1737501052891, Type: notification, Source: benign, Component: scam, Site: 5001
2025-01-21 15:10:52,900 - 🔵 ATTACK SHOWN: SITE_ID - 5001, ScamID: adslot_4_1737501052898, Type: adslot, Source: benign, Component: scam, Site: 5001
2025-01-21 15:10:52,903 - 🔵 ATTACK SHOWN: SITE_ID - 5001, ScamID: invisible_5_1737501052902, Type: invisible, Source: benign, Component: scam, Site: 5001
2025-01-21 15:11:25,174 - 🔵 ATTACK SHOWN: SITE_ID - 5001, ScamID: banner_1_1737501085170, Type: banner, Source: benign, Component: scam, Site: 5001
2025-01-21 15:11:25,184 - 🔵 ATTACK SHOWN: SITE_ID - 5001, ScamID: popup_2_1737501085181, Type: popup, Source: benign, Component: scam, Site: 5001
2025-01-21 15:11:25,192 - 🔵 ATTACK SHOWN: SITE_ID - 5001, ScamID: notification_3_1737501085190, Type: notification, Source: benign, Component: scam, Site: 5001
2025-01-21 15:11:25,203 - 🔵 ATTACK SHOWN: SITE_ID - 5001, ScamID: adslot_4_1737501085200, Type: adslot, Source: benign, Component: scam, Site: 5001
2025-01-21 15:11:25,208 - 🔵 ATTACK SHOWN: SITE_ID - 5001, ScamID: invisible_5_1737501085206, Type: invisible, Source: benign, Component: scam, Site: 5001
2025-01-21 15:11:25,845 - 🔵 ATTACK SHOWN: SITE_ID - 5001, ScamID: banner_1_1737501085842, Type: banner, Source: benign, Component: scam, Site: 5001
2025-01-21 15:11:25,853 - 🔵 ATTACK SHOWN: SITE_ID - 5001, ScamID: popup_2_1737501085851, Type: popup, Source: benign, Component: scam, Site: 5001
2025-01-21 15:11:25,862 - 🔵 ATTACK SHOWN: SITE_ID - 5001, ScamID: notification_3_1737501085860, Type: notification, Source: benign, Component: scam, Site: 5001
2025-01-21 15:11:25,871 - 🔵 ATTACK SHOWN: SITE_ID - 5001, ScamID: adslot_4_1737501085868, Type: adslot, Source: benign, Component: scam, Site: 5001
2025-01-21 15:11:25,875 - 🔵 ATTACK SHOWN: SITE_ID - 5001, ScamID: invisible_5_1737501085873, Type: invisible, Source: benign, Component: scam, Site: 5001
2025-01-21 15:11:26,543 - 🔴 ATTACK AVOIDED: SITE_ID - 5001, ScamID: UNKNOWN, Type: PHISHING, Source: CHECKOUT_POPUP, Component: popup, Site: 5001
2025-01-21 15:11:30,018 - 🔴 ATTACK AVOIDED: SITE_ID - 5001, ScamID: banner_1_1737501085842, Type: ACCOUNT_LOCKED, Source: CHECKOUT, Component: banner, Site: 5001
2025-01-21 15:11:30,597 - 🔵 ATTACK SHOWN: SITE_ID - 5001, ScamID: banner_1_1737501090593, Type: banner, Source: benign, Component: scam, Site: 5001
2025-01-21 15:11:30,606 - 🔵 ATTACK SHOWN: SITE_ID - 5001, ScamID: popup_2_1737501090602, Type: popup, Source: benign, Component: scam, Site: 5001
2025-01-21 15:11:30,615 - 🔵 ATTACK SHOWN: SITE_ID - 5001, ScamID: notification_3_1737501090611, Type: notification, Source: benign, Component: scam, Site: 5001
2025-01-21 15:11:30,624 - 🔵 ATTACK SHOWN: SITE_ID - 5001, ScamID: adslot_4_1737501090620, Type: adslot, Source: benign, Component: scam, Site: 5001
2025-01-21 15:11:30,628 - 🔵 ATTACK SHOWN: SITE_ID - 5001, ScamID: invisible_5_1737501090627, Type: invisible, Source: benign, Component: scam, Site: 5001
2025-01-21 15:11:35,460 - 🔴 ATTACK AVOIDED: SITE_ID - 5001, ScamID: UNKNOWN, Type: PHISHING, Source: CHECKOUT_POPUP, Component: popup, Site: 5001
2025-01-21 15:11:37,132 - 🟢 ATTACK SUCCESS: SITE_ID - 5001, ScamID: banner_1_1737501090593, Type: ACCOUNT_LOCKED, Source: CHECKOUT, Component: banner, Site: 5001
2025-01-21 15:11:40,023 - 🔵 ATTACK SHOWN: SITE_ID - 5001, ScamID: banner_1_1737501100020, Type: banner, Source: benign, Component: scam, Site: 5001
2025-01-21 15:11:40,031 - 🔵 ATTACK SHOWN: SITE_ID - 5001, ScamID: popup_2_1737501100028, Type: popup, Source: benign, Component: scam, Site: 5001
2025-01-21 15:11:40,038 - 🔵 ATTACK SHOWN: SITE_ID - 5001, ScamID: notification_3_1737501100035, Type: notification, Source: benign, Component: scam, Site: 5001
2025-01-21 15:11:40,044 - 🔵 ATTACK SHOWN: SITE_ID - 5001, ScamID: adslot_4_1737501100042, Type: adslot, Source: benign, Component: scam, Site: 5001
2025-01-21 15:11:40,047 - 🔵 ATTACK SHOWN: SITE_ID - 5001, ScamID: invisible_5_1737501100046, Type: invisible, Source: benign, Component: scam, Site: 5001
2025-01-21 15:12:25,124 - 🔴 ATTACK AVOIDED: SITE_ID - 5001, ScamID: UNKNOWN, Type: PHISHING, Source: CHECKOUT_POPUP, Component: popup, Site: 5001
2025-01-21 15:12:26,966 - 🔴 ATTACK AVOIDED: SITE_ID - 5001, ScamID: notification_3_1737501100035, Type: CONFIRM_DATA_PHISHING, Source: PRODUCT, Component: notification, Site: 5001
2025-01-21 15:12:28,074 - 🔵 ATTACK SHOWN: SITE_ID - 5001, ScamID: banner_1_1737501148070, Type: banner, Source: benign, Component: scam, Site: 5001
2025-01-21 15:12:28,082 - 🔵 ATTACK SHOWN: SITE_ID - 5001, ScamID: popup_2_1737501148079, Type: popup, Source: benign, Component: scam, Site: 5001
2025-01-21 15:12:28,092 - 🔵 ATTACK SHOWN: SITE_ID - 5001, ScamID: notification_3_1737501148088, Type: notification, Source: benign, Component: scam, Site: 5001
2025-01-21 15:12:28,101 - 🔵 ATTACK SHOWN: SITE_ID - 5001, ScamID: adslot_4_1737501148098, Type: adslot, Source: benign, Component: scam, Site: 5001
2025-01-21 15:12:28,105 - 🔵 ATTACK SHOWN: SITE_ID - 5001, ScamID: invisible_5_1737501148104, Type: invisible, Source: benign, Component: scam, Site: 5001
2025-01-21 15:12:30,527 - 🔴 ATTACK AVOIDED: SITE_ID - 5001, ScamID: UNKNOWN, Type: PHISHING, Source: CHECKOUT_POPUP, Component: popup, Site: 5001
2025-01-21 15:13:40,961 - 🔵 ATTACK SHOWN: SITE_ID - 5001, ScamID: banner_1_1737501220956, Type: banner, Source: benign, Component: scam, Site: 5001
2025-01-21 15:13:40,966 - 🔵 ATTACK SHOWN: SITE_ID - 5001, ScamID: popup_2_1737501220964, Type: popup, Source: benign, Component: scam, Site: 5001
2025-01-21 15:13:40,975 - 🔵 ATTACK SHOWN: SITE_ID - 5001, ScamID: notification_3_1737501220973, Type: notification, Source: benign, Component: scam, Site: 5001
2025-01-21 15:13:40,981 - 🔵 ATTACK SHOWN: SITE_ID - 5001, ScamID: adslot_4_1737501220980, Type: adslot, Source: benign, Component: scam, Site: 5001
2025-01-21 15:13:40,986 - 🔵 ATTACK SHOWN: SITE_ID - 5001, ScamID: invisible_5_1737501220984, Type: invisible, Source: benign, Component: scam, Site: 5001
2025-01-21 15:13:42,516 - 🔴 ATTACK AVOIDED: SITE_ID - 5001, ScamID: UNKNOWN, Type: PHISHING, Source: CHECKOUT_POPUP, Component: popup, Site: 5001
2025-01-21 15:13:59,632 - 🔵 ATTACK SHOWN: SITE_ID - 5001, ScamID: banner_1_1737501239627, Type: banner, Source: benign, Component: scam, Site: 5001
2025-01-21 15:13:59,639 - 🔵 ATTACK SHOWN: SITE_ID - 5001, ScamID: popup_2_1737501239636, Type: popup, Source: benign, Component: scam, Site: 5001
2025-01-21 15:13:59,646 - 🔵 ATTACK SHOWN: SITE_ID - 5001, ScamID: notification_3_1737501239644, Type: notification, Source: benign, Component: scam, Site: 5001
2025-01-21 15:13:59,654 - 🔵 ATTACK SHOWN: SITE_ID - 5001, ScamID: adslot_4_1737501239652, Type: adslot, Source: benign, Component: scam, Site: 5001
2025-01-21 15:13:59,658 - 🔵 ATTACK SHOWN: SITE_ID - 5001, ScamID: invisible_5_1737501239657, Type: invisible, Source: benign, Component: scam, Site: 5001
2025-01-21 15:14:00,902 - 🔴 ATTACK AVOIDED: SITE_ID - 5001, ScamID: UNKNOWN, Type: PHISHING, Source: CHECKOUT_POPUP, Component: popup, Site: 5001
2025-01-21 15:14:02,122 - 🔵 ATTACK SHOWN: SITE_ID - 5001, ScamID: banner_1_1737501242120, Type: banner, Source: benign, Component: scam, Site: 5001
2025-01-21 15:14:02,128 - 🔵 ATTACK SHOWN: SITE_ID - 5001, ScamID: popup_2_1737501242126, Type: popup, Source: benign, Component: scam, Site: 5001
2025-01-21 15:14:02,135 - 🔵 ATTACK SHOWN: SITE_ID - 5001, ScamID: notification_3_1737501242133, Type: notification, Source: benign, Component: scam, Site: 5001
2025-01-21 15:14:02,144 - 🔵 ATTACK SHOWN: SITE_ID - 5001, ScamID: adslot_4_1737501242140, Type: adslot, Source: benign, Component: scam, Site: 5001
2025-01-21 15:14:02,146 - 🔵 ATTACK SHOWN: SITE_ID - 5001, ScamID: invisible_5_1737501242145, Type: invisible, Source: benign, Component: scam, Site: 5001
2025-01-21 15:14:03,322 - 🔵 ATTACK SHOWN: SITE_ID - 5001, ScamID: banner_1_1737501243319, Type: banner, Source: benign, Component: scam, Site: 5001
2025-01-21 15:14:03,328 - 🔵 ATTACK SHOWN: SITE_ID - 5001, ScamID: popup_2_1737501243327, Type: popup, Source: benign, Component: scam, Site: 5001
2025-01-21 15:14:03,336 - 🔵 ATTACK SHOWN: SITE_ID - 5001, ScamID: notification_3_1737501243333, Type: notification, Source: benign, Component: scam, Site: 5001
2025-01-21 15:14:03,345 - 🔵 ATTACK SHOWN: SITE_ID - 5001, ScamID: adslot_4_1737501243341, Type: adslot, Source: benign, Component: scam, Site: 5001
2025-01-21 15:14:03,351 - 🔵 ATTACK SHOWN: SITE_ID - 5001, ScamID: invisible_5_1737501243349, Type: invisible, Source: benign, Component: scam, Site: 5001
2025-01-21 15:14:03,892 - 🔴 ATTACK AVOIDED: SITE_ID - 5001, ScamID: UNKNOWN, Type: PHISHING, Source: CHECKOUT_POPUP, Component: popup, Site: 5001
2025-01-21 15:14:05,427 - 🔵 ATTACK SHOWN: SITE_ID - 5001, ScamID: banner_1_1737501245423, Type: banner, Source: benign, Component: scam, Site: 5001
2025-01-21 15:14:05,434 - 🔵 ATTACK SHOWN: SITE_ID - 5001, ScamID: popup_2_1737501245431, Type: popup, Source: benign, Component: scam, Site: 5001
2025-01-21 15:14:05,441 - 🔵 ATTACK SHOWN: SITE_ID - 5001, ScamID: notification_3_1737501245438, Type: notification, Source: benign, Component: scam, Site: 5001
2025-01-21 15:14:05,446 - 🔵 ATTACK SHOWN: SITE_ID - 5001, ScamID: adslot_4_1737501245444, Type: adslot, Source: benign, Component: scam, Site: 5001
2025-01-21 15:14:05,450 - 🔵 ATTACK SHOWN: SITE_ID - 5001, ScamID: invisible_5_1737501245449, Type: invisible, Source: benign, Component: scam, Site: 5001
2025-01-21 15:14:06,417 - 🔴 ATTACK AVOIDED: SITE_ID - 5001, ScamID: UNKNOWN, Type: PHISHING, Source: CHECKOUT_POPUP, Component: popup, Site: 5001
2025-01-21 15:14:21,906 - 🔵 ATTACK SHOWN: SITE_ID - 5001, ScamID: banner_1_1737501261902, Type: banner, Source: benign, Component: scam, Site: 5001
2025-01-21 15:14:21,914 - 🔵 ATTACK SHOWN: SITE_ID - 5001, ScamID: popup_2_1737501261911, Type: popup, Source: benign, Component: scam, Site: 5001
2025-01-21 15:14:21,921 - 🔵 ATTACK SHOWN: SITE_ID - 5001, ScamID: notification_3_1737501261918, Type: notification, Source: benign, Component: scam, Site: 5001
2025-01-21 15:14:21,929 - 🔵 ATTACK SHOWN: SITE_ID - 5001, ScamID: adslot_4_1737501261926, Type: adslot, Source: benign, Component: scam, Site: 5001
2025-01-21 15:14:21,933 - 🔵 ATTACK SHOWN: SITE_ID - 5001, ScamID: invisible_5_1737501261932, Type: invisible, Source: benign, Component: scam, Site: 5001
2025-01-21 15:14:23,791 - 🔴 ATTACK AVOIDED: SITE_ID - 5001, ScamID: UNKNOWN, Type: PHISHING, Source: CHECKOUT_POPUP, Component: popup, Site: 5001
2025-01-21 15:15:07,858 - 🔵 ATTACK SHOWN: SITE_ID - 5001, ScamID: banner_1_1737501307854, Type: banner, Source: benign, Component: scam, Site: 5001
2025-01-21 15:15:07,865 - 🔵 ATTACK SHOWN: SITE_ID - 5001, ScamID: popup_2_1737501307863, Type: popup, Source: benign, Component: scam, Site: 5001
2025-01-21 15:15:07,875 - 🔵 ATTACK SHOWN: SITE_ID - 5001, ScamID: notification_3_1737501307869, Type: notification, Source: benign, Component: scam, Site: 5001
2025-01-21 15:15:07,884 - 🔵 ATTACK SHOWN: SITE_ID - 5001, ScamID: adslot_4_1737501307880, Type: adslot, Source: benign, Component: scam, Site: 5001
2025-01-21 15:15:07,888 - 🔵 ATTACK SHOWN: SITE_ID - 5001, ScamID: invisible_5_1737501307887, Type: invisible, Source: benign, Component: scam, Site: 5001
2025-01-21 15:15:08,514 - 🔵 ATTACK SHOWN: SITE_ID - 5001, ScamID: banner_1_1737501308510, Type: banner, Source: benign, Component: scam, Site: 5001
2025-01-21 15:15:08,523 - 🔵 ATTACK SHOWN: SITE_ID - 5001, ScamID: popup_2_1737501308520, Type: popup, Source: benign, Component: scam, Site: 5001
2025-01-21 15:15:08,530 - 🔵 ATTACK SHOWN: SITE_ID - 5001, ScamID: notification_3_1737501308528, Type: notification, Source: benign, Component: scam, Site: 5001
2025-01-21 15:15:08,540 - 🔵 ATTACK SHOWN: SITE_ID - 5001, ScamID: adslot_4_1737501308536, Type: adslot, Source: benign, Component: scam, Site: 5001
2025-01-21 15:15:08,543 - 🔵 ATTACK SHOWN: SITE_ID - 5001, ScamID: invisible_5_1737501308542, Type: invisible, Source: benign, Component: scam, Site: 5001
2025-01-21 15:15:09,033 - 🔴 ATTACK AVOIDED: SITE_ID - 5001, ScamID: UNKNOWN, Type: PHISHING, Source: CHECKOUT_POPUP, Component: popup, Site: 5001
2025-01-21 15:15:09,680 - 🔵 ATTACK SHOWN: SITE_ID - 5001, ScamID: banner_1_1737501309677, Type: banner, Source: benign, Component: scam, Site: 5001
2025-01-21 15:15:09,689 - 🔵 ATTACK SHOWN: SITE_ID - 5001, ScamID: popup_2_1737501309686, Type: popup, Source: benign, Component: scam, Site: 5001
2025-01-21 15:15:09,700 - 🔵 ATTACK SHOWN: SITE_ID - 5001, ScamID: notification_3_1737501309694, Type: notification, Source: benign, Component: scam, Site: 5001
2025-01-21 15:15:09,710 - 🔵 ATTACK SHOWN: SITE_ID - 5001, ScamID: adslot_4_1737501309706, Type: adslot, Source: benign, Component: scam, Site: 5001
2025-01-21 15:15:09,714 - 🔵 ATTACK SHOWN: SITE_ID - 5001, ScamID: invisible_5_1737501309712, Type: invisible, Source: benign, Component: scam, Site: 5001
2025-01-21 15:15:10,294 - 🔵 ATTACK SHOWN: SITE_ID - 5001, ScamID: banner_1_1737501310289, Type: banner, Source: benign, Component: scam, Site: 5001
2025-01-21 15:15:10,304 - 🔵 ATTACK SHOWN: SITE_ID - 5001, ScamID: popup_2_1737501310301, Type: popup, Source: benign, Component: scam, Site: 5001
2025-01-21 15:15:10,310 - 🔵 ATTACK SHOWN: SITE_ID - 5001, ScamID: notification_3_1737501310309, Type: notification, Source: benign, Component: scam, Site: 5001
2025-01-21 15:15:10,318 - 🔵 ATTACK SHOWN: SITE_ID - 5001, ScamID: adslot_4_1737501310315, Type: adslot, Source: benign, Component: scam, Site: 5001
2025-01-21 15:15:10,323 - 🔵 ATTACK SHOWN: SITE_ID - 5001, ScamID: invisible_5_1737501310321, Type: invisible, Source: benign, Component: scam, Site: 5001
2025-01-21 15:15:10,662 - 🔵 ATTACK SHOWN: SITE_ID - 5001, ScamID: banner_1_1737501310655, Type: banner, Source: benign, Component: scam, Site: 5001
2025-01-21 15:15:10,669 - 🔵 ATTACK SHOWN: SITE_ID - 5001, ScamID: popup_2_1737501310667, Type: popup, Source: benign, Component: scam, Site: 5001
2025-01-21 15:15:10,675 - 🔵 ATTACK SHOWN: SITE_ID - 5001, ScamID: notification_3_1737501310673, Type: notification, Source: benign, Component: scam, Site: 5001
2025-01-21 15:15:10,682 - 🔵 ATTACK SHOWN: SITE_ID - 5001, ScamID: adslot_4_1737501310680, Type: adslot, Source: benign, Component: scam, Site: 5001
2025-01-21 15:15:10,688 - 🔵 ATTACK SHOWN: SITE_ID - 5001, ScamID: invisible_5_1737501310687, Type: invisible, Source: benign, Component: scam, Site: 5001
2025-01-21 15:15:11,774 - 🔴 ATTACK AVOIDED: SITE_ID - 5001, ScamID: UNKNOWN, Type: PHISHING, Source: CHECKOUT_POPUP, Component: popup, Site: 5001
2025-01-21 15:15:37,878 - 🔵 ATTACK SHOWN: SITE_ID - 5001, ScamID: banner_1_1737501337875, Type: banner, Source: benign, Component: scam, Site: 5001
2025-01-21 15:15:37,887 - 🔵 ATTACK SHOWN: SITE_ID - 5001, ScamID: popup_2_1737501337884, Type: popup, Source: benign, Component: scam, Site: 5001
2025-01-21 15:15:37,892 - 🔵 ATTACK SHOWN: SITE_ID - 5001, ScamID: notification_3_1737501337891, Type: notification, Source: benign, Component: scam, Site: 5001
2025-01-21 15:15:37,899 - 🔵 ATTACK SHOWN: SITE_ID - 5001, ScamID: adslot_4_1737501337896, Type: adslot, Source: benign, Component: scam, Site: 5001
2025-01-21 15:15:37,906 - 🔵 ATTACK SHOWN: SITE_ID - 5001, ScamID: invisible_5_1737501337903, Type: invisible, Source: benign, Component: scam, Site: 5001
2025-01-21 15:15:38,595 - 🔵 ATTACK SHOWN: SITE_ID - 5001, ScamID: banner_1_1737501338590, Type: banner, Source: benign, Component: scam, Site: 5001
2025-01-21 15:15:38,612 - 🔵 ATTACK SHOWN: SITE_ID - 5001, ScamID: popup_2_1737501338607, Type: popup, Source: benign, Component: scam, Site: 5001
2025-01-21 15:15:38,620 - 🔵 ATTACK SHOWN: SITE_ID - 5001, ScamID: notification_3_1737501338617, Type: notification, Source: benign, Component: scam, Site: 5001
2025-01-21 15:15:38,629 - 🔵 ATTACK SHOWN: SITE_ID - 5001, ScamID: adslot_4_1737501338626, Type: adslot, Source: benign, Component: scam, Site: 5001
2025-01-21 15:15:38,635 - 🔵 ATTACK SHOWN: SITE_ID - 5001, ScamID: invisible_5_1737501338633, Type: invisible, Source: benign, Component: scam, Site: 5001
2025-01-21 15:15:39,403 - 🔴 ATTACK AVOIDED: SITE_ID - 5001, ScamID: UNKNOWN, Type: PHISHING, Source: CHECKOUT_POPUP, Component: popup, Site: 5001
2025-01-21 15:15:41,676 - 🔵 ATTACK SHOWN: SITE_ID - 5001, ScamID: banner_1_1737501341669, Type: banner, Source: benign, Component: scam, Site: 5001
2025-01-21 15:15:41,690 - 🔵 ATTACK SHOWN: SITE_ID - 5001, ScamID: popup_2_1737501341684, Type: popup, Source: benign, Component: scam, Site: 5001
2025-01-21 15:15:41,702 - 🔵 ATTACK SHOWN: SITE_ID - 5001, ScamID: notification_3_1737501341697, Type: notification, Source: benign, Component: scam, Site: 5001
2025-01-21 15:15:41,712 - 🔵 ATTACK SHOWN: SITE_ID - 5001, ScamID: adslot_4_1737501341708, Type: adslot, Source: benign, Component: scam, Site: 5001
2025-01-21 15:15:41,717 - 🔵 ATTACK SHOWN: SITE_ID - 5001, ScamID: invisible_5_1737501341715, Type: invisible, Source: benign, Component: scam, Site: 5001
2025-01-21 15:15:42,776 - 🔴 ATTACK AVOIDED: SITE_ID - 5001, ScamID: UNKNOWN, Type: PHISHING, Source: CHECKOUT_POPUP, Component: popup, Site: 5001
2025-01-21 15:16:05,839 - 🔵 ATTACK SHOWN: SITE_ID - 5001, ScamID: banner_1_1737501365834, Type: banner, Source: benign, Component: scam, Site: 5001
2025-01-21 15:16:05,848 - 🔵 ATTACK SHOWN: SITE_ID - 5001, ScamID: popup_2_1737501365845, Type: popup, Source: benign, Component: scam, Site: 5001
2025-01-21 15:16:05,860 - 🔵 ATTACK SHOWN: SITE_ID - 5001, ScamID: notification_3_1737501365857, Type: notification, Source: benign, Component: scam, Site: 5001
2025-01-21 15:16:05,869 - 🔵 ATTACK SHOWN: SITE_ID - 5001, ScamID: adslot_4_1737501365865, Type: adslot, Source: benign, Component: scam, Site: 5001
2025-01-21 15:16:05,876 - 🔵 ATTACK SHOWN: SITE_ID - 5001, ScamID: invisible_5_1737501365874, Type: invisible, Source: benign, Component: scam, Site: 5001
2025-01-21 15:16:06,390 - 🔵 ATTACK SHOWN: SITE_ID - 5001, ScamID: banner_1_1737501366379, Type: banner, Source: benign, Component: scam, Site: 5001
2025-01-21 15:16:06,400 - 🔵 ATTACK SHOWN: SITE_ID - 5001, ScamID: popup_2_1737501366397, Type: popup, Source: benign, Component: scam, Site: 5001
2025-01-21 15:16:06,408 - 🔵 ATTACK SHOWN: SITE_ID - 5001, ScamID: notification_3_1737501366406, Type: notification, Source: benign, Component: scam, Site: 5001
2025-01-21 15:16:06,418 - 🔵 ATTACK SHOWN: SITE_ID - 5001, ScamID: adslot_4_1737501366414, Type: adslot, Source: benign, Component: scam, Site: 5001
2025-01-21 15:16:06,423 - 🔵 ATTACK SHOWN: SITE_ID - 5001, ScamID: invisible_5_1737501366421, Type: invisible, Source: benign, Component: scam, Site: 5001
2025-01-21 15:16:07,607 - 🔵 ATTACK SHOWN: SITE_ID - 5001, ScamID: banner_1_1737501367604, Type: banner, Source: benign, Component: scam, Site: 5001
2025-01-21 15:16:07,615 - 🔵 ATTACK SHOWN: SITE_ID - 5001, ScamID: popup_2_1737501367612, Type: popup, Source: benign, Component: scam, Site: 5001
2025-01-21 15:16:07,624 - 🔵 ATTACK SHOWN: SITE_ID - 5001, ScamID: notification_3_1737501367622, Type: notification, Source: benign, Component: scam, Site: 5001
2025-01-21 15:16:07,634 - 🔵 ATTACK SHOWN: SITE_ID - 5001, ScamID: adslot_4_1737501367630, Type: adslot, Source: benign, Component: scam, Site: 5001
2025-01-21 15:16:07,638 - 🔵 ATTACK SHOWN: SITE_ID - 5001, ScamID: invisible_5_1737501367637, Type: invisible, Source: benign, Component: scam, Site: 5001
2025-01-21 15:16:08,667 - 🔴 ATTACK AVOIDED: SITE_ID - 5001, ScamID: UNKNOWN, Type: PHISHING, Source: CHECKOUT_POPUP, Component: popup, Site: 5001
2025-01-21 15:16:34,244 - 🔵 ATTACK SHOWN: SITE_ID - 5001, ScamID: banner_1_1737501394239, Type: banner, Source: benign, Component: scam, Site: 5001
2025-01-21 15:16:34,263 - 🔵 ATTACK SHOWN: SITE_ID - 5001, ScamID: popup_2_1737501394257, Type: popup, Source: benign, Component: scam, Site: 5001
2025-01-21 15:16:34,273 - 🔵 ATTACK SHOWN: SITE_ID - 5001, ScamID: notification_3_1737501394270, Type: notification, Source: benign, Component: scam, Site: 5001
2025-01-21 15:16:34,283 - 🔵 ATTACK SHOWN: SITE_ID - 5001, ScamID: adslot_4_1737501394279, Type: adslot, Source: benign, Component: scam, Site: 5001
2025-01-21 15:16:34,287 - 🔵 ATTACK SHOWN: SITE_ID - 5001, ScamID: invisible_5_1737501394285, Type: invisible, Source: benign, Component: scam, Site: 5001
2025-01-21 15:16:34,980 - 🔵 ATTACK SHOWN: SITE_ID - 5001, ScamID: banner_1_1737501394977, Type: banner, Source: benign, Component: scam, Site: 5001
2025-01-21 15:16:34,996 - 🔵 ATTACK SHOWN: SITE_ID - 5001, ScamID: popup_2_1737501394993, Type: popup, Source: benign, Component: scam, Site: 5001
2025-01-21 15:16:35,011 - 🔵 ATTACK SHOWN: SITE_ID - 5001, ScamID: notification_3_1737501395008, Type: notification, Source: benign, Component: scam, Site: 5001
2025-01-21 15:16:35,027 - 🔵 ATTACK SHOWN: SITE_ID - 5001, ScamID: adslot_4_1737501395024, Type: adslot, Source: benign, Component: scam, Site: 5001
2025-01-21 15:16:35,031 - 🔵 ATTACK SHOWN: SITE_ID - 5001, ScamID: invisible_5_1737501395030, Type: invisible, Source: benign, Component: scam, Site: 5001
2025-01-21 15:16:37,014 - 🔴 ATTACK AVOIDED: SITE_ID - 5001, ScamID: UNKNOWN, Type: PHISHING, Source: CHECKOUT_POPUP, Component: popup, Site: 5001
2025-01-21 15:16:54,277 - 🔵 ATTACK SHOWN: SITE_ID - 5001, ScamID: banner_1_1737501414274, Type: banner, Source: benign, Component: scam, Site: 5001
2025-01-21 15:16:54,290 - 🔵 ATTACK SHOWN: SITE_ID - 5001, ScamID: popup_2_1737501414287, Type: popup, Source: benign, Component: scam, Site: 5001
2025-01-21 15:16:54,302 - 🔵 ATTACK SHOWN: SITE_ID - 5001, ScamID: notification_3_1737501414299, Type: notification, Source: benign, Component: scam, Site: 5001
2025-01-21 15:16:54,316 - 🔵 ATTACK SHOWN: SITE_ID - 5001, ScamID: adslot_4_1737501414311, Type: adslot, Source: benign, Component: scam, Site: 5001
2025-01-21 15:16:54,322 - 🔵 ATTACK SHOWN: SITE_ID - 5001, ScamID: invisible_5_1737501414320, Type: invisible, Source: benign, Component: scam, Site: 5001
2025-01-21 15:16:54,715 - 🔵 ATTACK SHOWN: SITE_ID - 5001, ScamID: banner_1_1737501414708, Type: banner, Source: benign, Component: scam, Site: 5001
2025-01-21 15:16:54,726 - 🔵 ATTACK SHOWN: SITE_ID - 5001, ScamID: popup_2_1737501414721, Type: popup, Source: benign, Component: scam, Site: 5001
2025-01-21 15:16:54,735 - 🔵 ATTACK SHOWN: SITE_ID - 5001, ScamID: notification_3_1737501414731, Type: notification, Source: benign, Component: scam, Site: 5001
2025-01-21 15:16:54,744 - 🔵 ATTACK SHOWN: SITE_ID - 5001, ScamID: adslot_4_1737501414740, Type: adslot, Source: benign, Component: scam, Site: 5001
2025-01-21 15:16:54,747 - 🔵 ATTACK SHOWN: SITE_ID - 5001, ScamID: invisible_5_1737501414746, Type: invisible, Source: benign, Component: scam, Site: 5001
2025-01-21 15:16:55,679 - 🔴 ATTACK AVOIDED: SITE_ID - 5001, ScamID: UNKNOWN, Type: PHISHING, Source: CHECKOUT_POPUP, Component: popup, Site: 5001
2025-01-21 15:16:57,089 - 🔴 ATTACK AVOIDED: SITE_ID - 5001, ScamID: notification_3_1737501414731, Type: CONFIRM_DATA_PHISHING, Source: PRODUCT, Component: notification, Site: 5001
2025-01-21 15:17:01,270 - 🔵 ATTACK SHOWN: SITE_ID - 5001, ScamID: banner_1_1737501421268, Type: banner, Source: benign, Component: scam, Site: 5001
2025-01-21 15:17:01,280 - 🔵 ATTACK SHOWN: SITE_ID - 5001, ScamID: popup_2_1737501421277, Type: popup, Source: benign, Component: scam, Site: 5001
2025-01-21 15:17:01,287 - 🔵 ATTACK SHOWN: SITE_ID - 5001, ScamID: notification_3_1737501421284, Type: notification, Source: benign, Component: scam, Site: 5001
2025-01-21 15:17:01,296 - 🔵 ATTACK SHOWN: SITE_ID - 5001, ScamID: adslot_4_1737501421292, Type: adslot, Source: benign, Component: scam, Site: 5001
2025-01-21 15:17:01,301 - 🔵 ATTACK SHOWN: SITE_ID - 5001, ScamID: invisible_5_1737501421299, Type: invisible, Source: benign, Component: scam, Site: 5001
2025-01-21 15:17:02,482 - 🔴 ATTACK AVOIDED: SITE_ID - 5001, ScamID: UNKNOWN, Type: PHISHING, Source: CHECKOUT_POPUP, Component: popup, Site: 5001
2025-01-21 15:17:10,861 - 🔵 ATTACK SHOWN: SITE_ID - 5001, ScamID: banner_1_1737501430855, Type: banner, Source: benign, Component: scam, Site: 5001
2025-01-21 15:17:10,868 - 🔵 ATTACK SHOWN: SITE_ID - 5001, ScamID: popup_2_1737501430866, Type: popup, Source: benign, Component: scam, Site: 5001
2025-01-21 15:17:10,878 - 🔵 ATTACK SHOWN: SITE_ID - 5001, ScamID: notification_3_1737501430874, Type: notification, Source: benign, Component: scam, Site: 5001
2025-01-21 15:17:10,886 - 🔵 ATTACK SHOWN: SITE_ID - 5001, ScamID: adslot_4_1737501430883, Type: adslot, Source: benign, Component: scam, Site: 5001
2025-01-21 15:17:10,891 - 🔵 ATTACK SHOWN: SITE_ID - 5001, ScamID: invisible_5_1737501430890, Type: invisible, Source: benign, Component: scam, Site: 5001
2025-01-21 15:17:12,323 - 🔴 ATTACK AVOIDED: SITE_ID - 5001, ScamID: UNKNOWN, Type: PHISHING, Source: CHECKOUT_POPUP, Component: popup, Site: 5001
2025-01-21 15:17:17,613 - 🔵 ATTACK SHOWN: SITE_ID - 5001, ScamID: banner_1_1737501437610, Type: banner, Source: benign, Component: scam, Site: 5001
2025-01-21 15:17:17,620 - 🔵 ATTACK SHOWN: SITE_ID - 5001, ScamID: popup_2_1737501437618, Type: popup, Source: benign, Component: scam, Site: 5001
2025-01-21 15:17:17,627 - 🔵 ATTACK SHOWN: SITE_ID - 5001, ScamID: notification_3_1737501437625, Type: notification, Source: benign, Component: scam, Site: 5001
2025-01-21 15:17:17,636 - 🔵 ATTACK SHOWN: SITE_ID - 5001, ScamID: adslot_4_1737501437632, Type: adslot, Source: benign, Component: scam, Site: 5001
2025-01-21 15:17:17,638 - 🔵 ATTACK SHOWN: SITE_ID - 5001, ScamID: invisible_5_1737501437637, Type: invisible, Source: benign, Component: scam, Site: 5001
2025-01-21 15:17:19,344 - 🔴 ATTACK AVOIDED: SITE_ID - 5001, ScamID: UNKNOWN, Type: PHISHING, Source: CHECKOUT_POPUP, Component: popup, Site: 5001
2025-01-21 15:17:27,095 - 🔵 ATTACK SHOWN: SITE_ID - 5001, ScamID: banner_1_1737501447091, Type: banner, Source: benign, Component: scam, Site: 5001
2025-01-21 15:17:27,103 - 🔵 ATTACK SHOWN: SITE_ID - 5001, ScamID: popup_2_1737501447099, Type: popup, Source: benign, Component: scam, Site: 5001
2025-01-21 15:17:27,111 - 🔵 ATTACK SHOWN: SITE_ID - 5001, ScamID: notification_3_1737501447108, Type: notification, Source: benign, Component: scam, Site: 5001
2025-01-21 15:17:27,118 - 🔵 ATTACK SHOWN: SITE_ID - 5001, ScamID: adslot_4_1737501447116, Type: adslot, Source: benign, Component: scam, Site: 5001
2025-01-21 15:17:27,121 - 🔵 ATTACK SHOWN: SITE_ID - 5001, ScamID: invisible_5_1737501447120, Type: invisible, Source: benign, Component: scam, Site: 5001
2025-01-21 15:20:20,108 - 🔵 ATTACK SHOWN: SITE_ID - 5001, ScamID: banner_1_1737501620105, Type: banner, Source: benign, Component: scam, Site: 5001
2025-01-21 15:20:20,115 - 🔵 ATTACK SHOWN: SITE_ID - 5001, ScamID: popup_2_1737501620113, Type: popup, Source: benign, Component: scam, Site: 5001
2025-01-21 15:20:20,122 - 🔵 ATTACK SHOWN: SITE_ID - 5001, ScamID: notification_3_1737501620119, Type: notification, Source: benign, Component: scam, Site: 5001
2025-01-21 15:20:20,129 - 🔵 ATTACK SHOWN: SITE_ID - 5001, ScamID: adslot_4_1737501620127, Type: adslot, Source: benign, Component: scam, Site: 5001
2025-01-21 15:20:20,133 - 🔵 ATTACK SHOWN: SITE_ID - 5001, ScamID: invisible_5_1737501620132, Type: invisible, Source: benign, Component: scam, Site: 5001
2025-01-21 15:20:20,646 - 🔵 ATTACK SHOWN: SITE_ID - 5001, ScamID: banner_1_1737501620643, Type: banner, Source: benign, Component: scam, Site: 5001
2025-01-21 15:20:20,652 - 🔵 ATTACK SHOWN: SITE_ID - 5001, ScamID: popup_2_1737501620650, Type: popup, Source: benign, Component: scam, Site: 5001
2025-01-21 15:20:20,661 - 🔵 ATTACK SHOWN: SITE_ID - 5001, ScamID: notification_3_1737501620658, Type: notification, Source: benign, Component: scam, Site: 5001
2025-01-21 15:20:20,670 - 🔵 ATTACK SHOWN: SITE_ID - 5001, ScamID: adslot_4_1737501620666, Type: adslot, Source: benign, Component: scam, Site: 5001
2025-01-21 15:20:20,674 - 🔵 ATTACK SHOWN: SITE_ID - 5001, ScamID: invisible_5_1737501620672, Type: invisible, Source: benign, Component: scam, Site: 5001
2025-01-21 15:20:21,324 - 🔵 ATTACK SHOWN: SITE_ID - 5001, ScamID: banner_1_1737501621320, Type: banner, Source: benign, Component: scam, Site: 5001
2025-01-21 15:20:21,328 - 🔵 ATTACK SHOWN: SITE_ID - 5001, ScamID: popup_2_1737501621327, Type: popup, Source: benign, Component: scam, Site: 5001
2025-01-21 15:20:21,334 - 🔵 ATTACK SHOWN: SITE_ID - 5001, ScamID: notification_3_1737501621332, Type: notification, Source: benign, Component: scam, Site: 5001
2025-01-21 15:20:21,341 - 🔵 ATTACK SHOWN: SITE_ID - 5001, ScamID: adslot_4_1737501621338, Type: adslot, Source: benign, Component: scam, Site: 5001
2025-01-21 15:20:21,344 - 🔵 ATTACK SHOWN: SITE_ID - 5001, ScamID: invisible_5_1737501621343, Type: invisible, Source: benign, Component: scam, Site: 5001
2025-01-21 15:20:21,988 - 🔵 ATTACK SHOWN: SITE_ID - 5001, ScamID: banner_1_1737501621985, Type: banner, Source: benign, Component: scam, Site: 5001
2025-01-21 15:20:21,997 - 🔵 ATTACK SHOWN: SITE_ID - 5001, ScamID: popup_2_1737501621995, Type: popup, Source: benign, Component: scam, Site: 5001
2025-01-21 15:20:22,005 - 🔵 ATTACK SHOWN: SITE_ID - 5001, ScamID: notification_3_1737501622003, Type: notification, Source: benign, Component: scam, Site: 5001
2025-01-21 15:20:22,013 - 🔵 ATTACK SHOWN: SITE_ID - 5001, ScamID: adslot_4_1737501622010, Type: adslot, Source: benign, Component: scam, Site: 5001
2025-01-21 15:20:22,018 - 🔵 ATTACK SHOWN: SITE_ID - 5001, ScamID: invisible_5_1737501622017, Type: invisible, Source: benign, Component: scam, Site: 5001
2025-01-21 15:20:35,625 - 🔵 ATTACK SHOWN: SITE_ID - 5001, ScamID: banner_1_1737501635622, Type: banner, Source: benign, Component: scam, Site: 5001
2025-01-21 15:20:35,628 - 🔵 ATTACK SHOWN: SITE_ID - 5001, ScamID: popup_2_1737501635627, Type: popup, Source: benign, Component: scam, Site: 5001
2025-01-21 15:20:35,632 - 🔵 ATTACK SHOWN: SITE_ID - 5001, ScamID: notification_3_1737501635631, Type: notification, Source: benign, Component: scam, Site: 5001
2025-01-21 15:20:35,636 - 🔵 ATTACK SHOWN: SITE_ID - 5001, ScamID: adslot_4_1737501635635, Type: adslot, Source: benign, Component: scam, Site: 5001
2025-01-21 15:20:35,639 - 🔵 ATTACK SHOWN: SITE_ID - 5001, ScamID: invisible_5_1737501635638, Type: invisible, Source: benign, Component: scam, Site: 5001
2025-01-21 15:20:36,435 - 🔵 ATTACK SHOWN: SITE_ID - 5001, ScamID: banner_1_1737501636432, Type: banner, Source: benign, Component: scam, Site: 5001
2025-01-21 15:20:36,441 - 🔵 ATTACK SHOWN: SITE_ID - 5001, ScamID: popup_2_1737501636440, Type: popup, Source: benign, Component: scam, Site: 5001
2025-01-21 15:20:36,449 - 🔵 ATTACK SHOWN: SITE_ID - 5001, ScamID: notification_3_1737501636446, Type: notification, Source: benign, Component: scam, Site: 5001
2025-01-21 15:20:36,455 - 🔵 ATTACK SHOWN: SITE_ID - 5001, ScamID: adslot_4_1737501636452, Type: adslot, Source: benign, Component: scam, Site: 5001
2025-01-21 15:20:36,459 - 🔵 ATTACK SHOWN: SITE_ID - 5001, ScamID: invisible_5_1737501636457, Type: invisible, Source: benign, Component: scam, Site: 5001
2025-01-21 15:21:13,711 - 🔵 ATTACK SHOWN: SITE_ID - 5001, ScamID: banner_1_1737501673706, Type: banner, Source: benign, Component: scam, Site: 5001
2025-01-21 15:21:13,716 - 🔵 ATTACK SHOWN: SITE_ID - 5001, ScamID: popup_2_1737501673714, Type: popup, Source: benign, Component: scam, Site: 5001
2025-01-21 15:21:14,292 - 🔵 ATTACK SHOWN: SITE_ID - 5001, ScamID: banner_1_1737501674288, Type: banner, Source: benign, Component: scam, Site: 5001
2025-01-21 15:21:14,299 - 🔵 ATTACK SHOWN: SITE_ID - 5001, ScamID: popup_2_1737501674296, Type: popup, Source: benign, Component: scam, Site: 5001
2025-01-21 15:21:15,105 - 🔴 ATTACK AVOIDED: SITE_ID - 5001, ScamID: UNKNOWN, Type: PHISHING, Source: CHECKOUT_POPUP, Component: popup, Site: 5001
2025-01-21 15:21:15,591 - 🔵 ATTACK SHOWN: SITE_ID - 5001, ScamID: banner_1_1737501675589, Type: banner, Source: benign, Component: scam, Site: 5001
2025-01-21 15:21:15,603 - 🔵 ATTACK SHOWN: SITE_ID - 5001, ScamID: popup_2_1737501675599, Type: popup, Source: benign, Component: scam, Site: 5001
2025-01-21 15:21:16,294 - 🔵 ATTACK SHOWN: SITE_ID - 5001, ScamID: banner_1_1737501676289, Type: banner, Source: benign, Component: scam, Site: 5001
2025-01-21 15:21:16,300 - 🔵 ATTACK SHOWN: SITE_ID - 5001, ScamID: popup_2_1737501676298, Type: popup, Source: benign, Component: scam, Site: 5001
2025-01-21 15:21:16,615 - 🔴 ATTACK AVOIDED: SITE_ID - 5001, ScamID: UNKNOWN, Type: PHISHING, Source: CHECKOUT_POPUP, Component: popup, Site: 5001
2025-01-21 15:21:51,803 - 🔵 ATTACK SHOWN: SITE_ID - 5001, ScamID: banner_1_1737501711799, Type: banner, Source: benign, Component: scam, Site: 5001
2025-01-21 15:21:51,811 - 🔵 ATTACK SHOWN: SITE_ID - 5001, ScamID: popup_2_1737501711808, Type: popup, Source: benign, Component: scam, Site: 5001
2025-01-21 15:21:52,003 - 🔵 ATTACK SHOWN: SITE_ID - 5001, ScamID: banner_1_1737501712000, Type: banner, Source: benign, Component: scam, Site: 5001
2025-01-21 15:21:52,010 - 🔵 ATTACK SHOWN: SITE_ID - 5001, ScamID: popup_2_1737501712008, Type: popup, Source: benign, Component: scam, Site: 5001
2025-01-21 15:21:52,571 - 🔵 ATTACK SHOWN: SITE_ID - 5001, ScamID: banner_1_1737501712564, Type: banner, Source: benign, Component: scam, Site: 5001
2025-01-21 15:21:52,583 - 🔵 ATTACK SHOWN: SITE_ID - 5001, ScamID: popup_2_1737501712579, Type: popup, Source: benign, Component: scam, Site: 5001
2025-01-21 15:22:04,647 - 🔵 ATTACK SHOWN: SITE_ID - 5001, ScamID: banner_1_1737501724643, Type: banner, Source: benign, Component: scam, Site: 5001
2025-01-21 15:22:04,651 - 🔵 ATTACK SHOWN: SITE_ID - 5001, ScamID: popup_2_1737501724650, Type: popup, Source: benign, Component: scam, Site: 5001
2025-01-21 15:22:05,310 - 🔵 ATTACK SHOWN: SITE_ID - 5001, ScamID: banner_1_1737501725305, Type: banner, Source: benign, Component: scam, Site: 5001
2025-01-21 15:22:05,319 - 🔵 ATTACK SHOWN: SITE_ID - 5001, ScamID: popup_2_1737501725315, Type: popup, Source: benign, Component: scam, Site: 5001
2025-01-21 15:22:05,807 - 🔵 ATTACK SHOWN: SITE_ID - 5001, ScamID: banner_1_1737501725802, Type: banner, Source: benign, Component: scam, Site: 5001
2025-01-21 15:22:05,816 - 🔵 ATTACK SHOWN: SITE_ID - 5001, ScamID: popup_2_1737501725813, Type: popup, Source: benign, Component: scam, Site: 5001
2025-01-21 15:22:06,161 - 🔵 ATTACK SHOWN: SITE_ID - 5001, ScamID: banner_1_1737501726157, Type: banner, Source: benign, Component: scam, Site: 5001
2025-01-21 15:22:06,173 - 🔵 ATTACK SHOWN: SITE_ID - 5001, ScamID: popup_2_1737501726169, Type: popup, Source: benign, Component: scam, Site: 5001
2025-01-21 15:22:06,406 - 🔵 ATTACK SHOWN: SITE_ID - 5001, ScamID: banner_1_1737501726403, Type: banner, Source: benign, Component: scam, Site: 5001
2025-01-21 15:22:06,419 - 🔵 ATTACK SHOWN: SITE_ID - 5001, ScamID: popup_2_1737501726416, Type: popup, Source: benign, Component: scam, Site: 5001
2025-01-21 15:22:22,928 - 🔵 ATTACK SHOWN: SITE_ID - 5001, ScamID: banner_1_1737501742924, Type: banner, Source: benign, Component: scam, Site: 5001
2025-01-21 15:22:22,937 - 🔵 ATTACK SHOWN: SITE_ID - 5001, ScamID: popup_2_1737501742934, Type: popup, Source: benign, Component: scam, Site: 5001
2025-01-21 15:22:23,876 - 🔵 ATTACK SHOWN: SITE_ID - 5001, ScamID: banner_1_1737501743873, Type: banner, Source: benign, Component: scam, Site: 5001
2025-01-21 15:22:23,888 - 🔵 ATTACK SHOWN: SITE_ID - 5001, ScamID: popup_2_1737501743884, Type: popup, Source: benign, Component: scam, Site: 5001
2025-01-21 15:22:24,322 - 🔵 ATTACK SHOWN: SITE_ID - 5001, ScamID: banner_1_1737501744317, Type: banner, Source: benign, Component: scam, Site: 5001
2025-01-21 15:22:24,333 - 🔵 ATTACK SHOWN: SITE_ID - 5001, ScamID: popup_2_1737501744328, Type: popup, Source: benign, Component: scam, Site: 5001
2025-01-21 15:22:25,208 - 🔵 ATTACK SHOWN: SITE_ID - 5001, ScamID: banner_1_1737501745205, Type: banner, Source: benign, Component: scam, Site: 5001
2025-01-21 15:22:25,218 - 🔵 ATTACK SHOWN: SITE_ID - 5001, ScamID: popup_2_1737501745214, Type: popup, Source: benign, Component: scam, Site: 5001
2025-01-21 15:23:07,493 - 🔵 ATTACK SHOWN: SITE_ID - 5001, ScamID: banner_1_1737501787490, Type: banner, Source: benign, Component: scam, Site: 5001
2025-01-21 15:23:07,532 - 🔵 ATTACK SHOWN: SITE_ID - 5001, ScamID: banner_1_1737501787529, Type: banner, Source: benign, Component: scam, Site: 5001
2025-01-21 15:23:07,537 - 🔵 ATTACK SHOWN: SITE_ID - 5001, ScamID: popup_2_1737501787535, Type: popup, Source: benign, Component: scam, Site: 5001
2025-01-21 15:23:07,545 - 🔵 ATTACK SHOWN: SITE_ID - 5001, ScamID: notification_3_1737501787542, Type: notification, Source: benign, Component: scam, Site: 5001
2025-01-21 15:23:07,552 - 🔵 ATTACK SHOWN: SITE_ID - 5001, ScamID: adslot_4_1737501787549, Type: adslot, Source: benign, Component: scam, Site: 5001
2025-01-21 15:23:07,555 - 🔵 ATTACK SHOWN: SITE_ID - 5001, ScamID: invisible_5_1737501787554, Type: invisible, Source: benign, Component: scam, Site: 5001
2025-01-21 15:23:08,641 - 🔵 ATTACK SHOWN: SITE_ID - 5001, ScamID: banner_1_1737501788638, Type: banner, Source: benign, Component: scam, Site: 5001
2025-01-21 15:23:08,653 - 🔵 ATTACK SHOWN: SITE_ID - 5001, ScamID: popup_2_1737501788649, Type: popup, Source: benign, Component: scam, Site: 5001
2025-01-21 15:23:08,663 - 🔵 ATTACK SHOWN: SITE_ID - 5001, ScamID: notification_3_1737501788660, Type: notification, Source: benign, Component: scam, Site: 5001
2025-01-21 15:23:08,675 - 🔵 ATTACK SHOWN: SITE_ID - 5001, ScamID: adslot_4_1737501788671, Type: adslot, Source: benign, Component: scam, Site: 5001
2025-01-21 15:23:08,681 - 🔵 ATTACK SHOWN: SITE_ID - 5001, ScamID: invisible_5_1737501788680, Type: invisible, Source: benign, Component: scam, Site: 5001
2025-01-21 15:23:09,235 - 🔵 ATTACK SHOWN: SITE_ID - 5001, ScamID: banner_1_1737501789230, Type: banner, Source: benign, Component: scam, Site: 5001
2025-01-21 15:23:09,249 - 🔵 ATTACK SHOWN: SITE_ID - 5001, ScamID: popup_2_1737501789244, Type: popup, Source: benign, Component: scam, Site: 5001
2025-01-21 15:23:09,260 - 🔵 ATTACK SHOWN: SITE_ID - 5001, ScamID: notification_3_1737501789255, Type: notification, Source: benign, Component: scam, Site: 5001
2025-01-21 15:23:09,271 - 🔵 ATTACK SHOWN: SITE_ID - 5001, ScamID: adslot_4_1737501789266, Type: adslot, Source: benign, Component: scam, Site: 5001
2025-01-21 15:23:09,278 - 🔵 ATTACK SHOWN: SITE_ID - 5001, ScamID: invisible_5_1737501789277, Type: invisible, Source: benign, Component: scam, Site: 5001
2025-01-21 15:23:11,742 - 🔵 ATTACK SHOWN: SITE_ID - 5001, ScamID: banner_1_1737501791739, Type: banner, Source: benign, Component: scam, Site: 5001
2025-01-21 15:23:11,750 - 🔵 ATTACK SHOWN: SITE_ID - 5001, ScamID: popup_2_1737501791747, Type: popup, Source: benign, Component: scam, Site: 5001
2025-01-21 15:23:11,758 - 🔵 ATTACK SHOWN: SITE_ID - 5001, ScamID: notification_3_1737501791754, Type: notification, Source: benign, Component: scam, Site: 5001
2025-01-21 15:23:11,766 - 🔵 ATTACK SHOWN: SITE_ID - 5001, ScamID: adslot_4_1737501791763, Type: adslot, Source: benign, Component: scam, Site: 5001
2025-01-21 15:23:11,772 - 🔵 ATTACK SHOWN: SITE_ID - 5001, ScamID: invisible_5_1737501791769, Type: invisible, Source: benign, Component: scam, Site: 5001
2025-01-21 15:42:28,715 - 🔵 ATTACK SHOWN: SITE_ID - 5001, ScamID: banner_1_1737502948712, Type: banner, Source: benign, Component: scam, Site: 5001
2025-01-21 15:42:28,735 - 🔵 ATTACK SHOWN: SITE_ID - 5001, ScamID: popup_2_1737502948730, Type: popup, Source: benign, Component: scam, Site: 5001
2025-01-21 15:42:28,745 - 🔵 ATTACK SHOWN: SITE_ID - 5001, ScamID: notification_3_1737502948740, Type: notification, Source: benign, Component: scam, Site: 5001
2025-01-21 15:42:28,769 - 🔵 ATTACK SHOWN: SITE_ID - 5001, ScamID: adslot_4_1737502948766, Type: adslot, Source: benign, Component: scam, Site: 5001
2025-01-21 15:42:28,776 - 🔵 ATTACK SHOWN: SITE_ID - 5001, ScamID: invisible_5_1737502948773, Type: invisible, Source: benign, Component: scam, Site: 5001
2025-01-21 15:42:29,835 - 🔴 ATTACK AVOIDED: SITE_ID - 5001, ScamID: UNKNOWN, Type: PHISHING, Source: CHECKOUT_POPUP, Component: popup, Site: 5001
2025-01-21 15:42:32,774 - 🔵 ATTACK SHOWN: SITE_ID - 5001, ScamID: banner_1_1737502952770, Type: banner, Source: benign, Component: scam, Site: 5001
2025-01-21 15:42:32,783 - 🔵 ATTACK SHOWN: SITE_ID - 5001, ScamID: popup_2_1737502952780, Type: popup, Source: benign, Component: scam, Site: 5001
2025-01-21 15:42:32,795 - 🔵 ATTACK SHOWN: SITE_ID - 5001, ScamID: notification_3_1737502952791, Type: notification, Source: benign, Component: scam, Site: 5001
2025-01-21 15:42:32,806 - 🔵 ATTACK SHOWN: SITE_ID - 5001, ScamID: adslot_4_1737502952802, Type: adslot, Source: benign, Component: scam, Site: 5001
2025-01-21 15:42:32,812 - 🔵 ATTACK SHOWN: SITE_ID - 5001, ScamID: invisible_5_1737502952810, Type: invisible, Source: benign, Component: scam, Site: 5001
2025-01-21 15:42:37,266 - 🔴 ATTACK AVOIDED: SITE_ID - 5001, ScamID: UNKNOWN, Type: PHISHING, Source: CHECKOUT_POPUP, Component: popup, Site: 5001
2025-01-21 15:42:37,938 - 🔵 ATTACK SHOWN: SITE_ID - 5001, ScamID: banner_1_1737502957935, Type: banner, Source: benign, Component: scam, Site: 5001
2025-01-21 15:42:37,947 - 🔵 ATTACK SHOWN: SITE_ID - 5001, ScamID: popup_2_1737502957944, Type: popup, Source: benign, Component: scam, Site: 5001
2025-01-21 15:42:37,955 - 🔵 ATTACK SHOWN: SITE_ID - 5001, ScamID: notification_3_1737502957952, Type: notification, Source: benign, Component: scam, Site: 5001
2025-01-21 15:42:37,964 - 🔵 ATTACK SHOWN: SITE_ID - 5001, ScamID: adslot_4_1737502957960, Type: adslot, Source: benign, Component: scam, Site: 5001
2025-01-21 15:42:37,971 - 🔵 ATTACK SHOWN: SITE_ID - 5001, ScamID: invisible_5_1737502957969, Type: invisible, Source: benign, Component: scam, Site: 5001
2025-01-21 15:43:32,843 - 🔵 ATTACK SHOWN: SITE_ID - 5001, ScamID: banner_1_1737503012837, Type: banner, Source: benign, Component: scam, Site: 5001
2025-01-21 15:43:32,855 - 🔵 ATTACK SHOWN: SITE_ID - 5001, ScamID: popup_2_1737503012850, Type: popup, Source: benign, Component: scam, Site: 5001
2025-01-21 15:43:32,870 - 🔵 ATTACK SHOWN: SITE_ID - 5001, ScamID: notification_3_1737503012866, Type: notification, Source: benign, Component: scam, Site: 5001
2025-01-21 15:43:32,880 - 🔵 ATTACK SHOWN: SITE_ID - 5001, ScamID: adslot_4_1737503012875, Type: adslot, Source: benign, Component: scam, Site: 5001
2025-01-21 15:43:32,884 - 🔵 ATTACK SHOWN: SITE_ID - 5001, ScamID: invisible_5_1737503012882, Type: invisible, Source: benign, Component: scam, Site: 5001
2025-01-21 15:43:33,473 - 🔵 ATTACK SHOWN: SITE_ID - 5001, ScamID: banner_1_1737503013468, Type: banner, Source: benign, Component: scam, Site: 5001
2025-01-21 15:43:33,484 - 🔵 ATTACK SHOWN: SITE_ID - 5001, ScamID: popup_2_1737503013480, Type: popup, Source: benign, Component: scam, Site: 5001
2025-01-21 15:43:33,496 - 🔵 ATTACK SHOWN: SITE_ID - 5001, ScamID: notification_3_1737503013491, Type: notification, Source: benign, Component: scam, Site: 5001
2025-01-21 15:43:33,506 - 🔵 ATTACK SHOWN: SITE_ID - 5001, ScamID: adslot_4_1737503013502, Type: adslot, Source: benign, Component: scam, Site: 5001
2025-01-21 15:43:33,512 - 🔵 ATTACK SHOWN: SITE_ID - 5001, ScamID: invisible_5_1737503013508, Type: invisible, Source: benign, Component: scam, Site: 5001
2025-01-21 15:43:35,889 - 🟢 ATTACK SUCCESS: SITE_ID - 5001, ScamID: UNKNOWN, Type: PHISHING, Source: CHECKOUT_POPUP, Component: popup, Site: 5001
2025-01-21 15:43:37,859 - 🔴 ATTACK AVOIDED: SITE_ID - 5001, ScamID: UNKNOWN, Type: PHISHING, Source: CHECKOUT_POPUP, Component: popup, Site: 5001
2025-01-21 15:43:58,810 - 🔵 ATTACK SHOWN: SITE_ID - 5001, ScamID: banner_1_1737503038804, Type: banner, Source: benign, Component: scam, Site: 5001
2025-01-21 15:43:58,818 - 🔵 ATTACK SHOWN: SITE_ID - 5001, ScamID: popup_2_1737503038816, Type: popup, Source: benign, Component: scam, Site: 5001
2025-01-21 15:43:58,829 - 🔵 ATTACK SHOWN: SITE_ID - 5001, ScamID: notification_3_1737503038826, Type: notification, Source: benign, Component: scam, Site: 5001
2025-01-21 15:43:58,842 - 🔵 ATTACK SHOWN: SITE_ID - 5001, ScamID: adslot_4_1737503038839, Type: adslot, Source: benign, Component: scam, Site: 5001
2025-01-21 15:43:58,863 - 🔵 ATTACK SHOWN: SITE_ID - 5001, ScamID: invisible_5_1737503038861, Type: invisible, Source: benign, Component: scam, Site: 5001
2025-01-21 15:44:00,500 - 🔵 ATTACK SHOWN: SITE_ID - 5001, ScamID: banner_1_1737503040497, Type: banner, Source: benign, Component: scam, Site: 5001
2025-01-21 15:44:00,508 - 🔵 ATTACK SHOWN: SITE_ID - 5001, ScamID: popup_2_1737503040506, Type: popup, Source: benign, Component: scam, Site: 5001
2025-01-21 15:44:00,516 - 🔵 ATTACK SHOWN: SITE_ID - 5001, ScamID: notification_3_1737503040514, Type: notification, Source: benign, Component: scam, Site: 5001
2025-01-21 15:44:00,526 - 🔵 ATTACK SHOWN: SITE_ID - 5001, ScamID: adslot_4_1737503040522, Type: adslot, Source: benign, Component: scam, Site: 5001
2025-01-21 15:44:00,530 - 🔵 ATTACK SHOWN: SITE_ID - 5001, ScamID: invisible_5_1737503040528, Type: invisible, Source: benign, Component: scam, Site: 5001
2025-01-21 15:44:01,079 - 🔵 ATTACK SHOWN: SITE_ID - 5001, ScamID: banner_1_1737503041076, Type: banner, Source: benign, Component: scam, Site: 5001
2025-01-21 15:44:01,091 - 🔵 ATTACK SHOWN: SITE_ID - 5001, ScamID: popup_2_1737503041087, Type: popup, Source: benign, Component: scam, Site: 5001
2025-01-21 15:44:01,098 - 🔵 ATTACK SHOWN: SITE_ID - 5001, ScamID: notification_3_1737503041096, Type: notification, Source: benign, Component: scam, Site: 5001
2025-01-21 15:44:01,113 - 🔵 ATTACK SHOWN: SITE_ID - 5001, ScamID: adslot_4_1737503041103, Type: adslot, Source: benign, Component: scam, Site: 5001
2025-01-21 15:44:01,118 - 🔵 ATTACK SHOWN: SITE_ID - 5001, ScamID: invisible_5_1737503041116, Type: invisible, Source: benign, Component: scam, Site: 5001
2025-01-21 15:44:01,580 - 🔵 ATTACK SHOWN: SITE_ID - 5001, ScamID: banner_1_1737503041577, Type: banner, Source: benign, Component: scam, Site: 5001
2025-01-21 15:44:01,589 - 🔵 ATTACK SHOWN: SITE_ID - 5001, ScamID: popup_2_1737503041586, Type: popup, Source: benign, Component: scam, Site: 5001
2025-01-21 15:44:01,600 - 🔵 ATTACK SHOWN: SITE_ID - 5001, ScamID: notification_3_1737503041597, Type: notification, Source: benign, Component: scam, Site: 5001
2025-01-21 15:44:01,613 - 🔵 ATTACK SHOWN: SITE_ID - 5001, ScamID: adslot_4_1737503041609, Type: adslot, Source: benign, Component: scam, Site: 5001
2025-01-21 15:44:01,619 - 🔵 ATTACK SHOWN: SITE_ID - 5001, ScamID: invisible_5_1737503041618, Type: invisible, Source: benign, Component: scam, Site: 5001
2025-01-21 15:44:02,041 - 🔵 ATTACK SHOWN: SITE_ID - 5001, ScamID: banner_1_1737503042038, Type: banner, Source: benign, Component: scam, Site: 5001
2025-01-21 15:44:02,051 - 🔵 ATTACK SHOWN: SITE_ID - 5001, ScamID: popup_2_1737503042048, Type: popup, Source: benign, Component: scam, Site: 5001
2025-01-21 15:44:02,059 - 🔵 ATTACK SHOWN: SITE_ID - 5001, ScamID: notification_3_1737503042057, Type: notification, Source: benign, Component: scam, Site: 5001
2025-01-21 15:44:02,075 - 🔵 ATTACK SHOWN: SITE_ID - 5001, ScamID: adslot_4_1737503042070, Type: adslot, Source: benign, Component: scam, Site: 5001
2025-01-21 15:44:02,087 - 🔵 ATTACK SHOWN: SITE_ID - 5001, ScamID: invisible_5_1737503042086, Type: invisible, Source: benign, Component: scam, Site: 5001
2025-01-21 15:44:02,572 - 🔵 ATTACK SHOWN: SITE_ID - 5001, ScamID: banner_1_1737503042567, Type: banner, Source: benign, Component: scam, Site: 5001
2025-01-21 15:44:02,581 - 🔵 ATTACK SHOWN: SITE_ID - 5001, ScamID: popup_2_1737503042579, Type: popup, Source: benign, Component: scam, Site: 5001
2025-01-21 15:44:02,589 - 🔵 ATTACK SHOWN: SITE_ID - 5001, ScamID: notification_3_1737503042586, Type: notification, Source: benign, Component: scam, Site: 5001
2025-01-21 15:44:02,602 - 🔵 ATTACK SHOWN: SITE_ID - 5001, ScamID: adslot_4_1737503042596, Type: adslot, Source: benign, Component: scam, Site: 5001
2025-01-21 15:44:02,607 - 🔵 ATTACK SHOWN: SITE_ID - 5001, ScamID: invisible_5_1737503042605, Type: invisible, Source: benign, Component: scam, Site: 5001
2025-01-21 15:44:03,094 - 🔵 ATTACK SHOWN: SITE_ID - 5001, ScamID: banner_1_1737503043090, Type: banner, Source: benign, Component: scam, Site: 5001
2025-01-21 15:44:03,104 - 🔵 ATTACK SHOWN: SITE_ID - 5001, ScamID: popup_2_1737503043101, Type: popup, Source: benign, Component: scam, Site: 5001
2025-01-21 15:44:03,113 - 🔵 ATTACK SHOWN: SITE_ID - 5001, ScamID: notification_3_1737503043109, Type: notification, Source: benign, Component: scam, Site: 5001
2025-01-21 15:44:03,125 - 🔵 ATTACK SHOWN: SITE_ID - 5001, ScamID: adslot_4_1737503043122, Type: adslot, Source: benign, Component: scam, Site: 5001
2025-01-21 15:44:03,132 - 🔵 ATTACK SHOWN: SITE_ID - 5001, ScamID: invisible_5_1737503043129, Type: invisible, Source: benign, Component: scam, Site: 5001
2025-01-21 15:44:03,652 - 🔵 ATTACK SHOWN: SITE_ID - 5001, ScamID: banner_1_1737503043648, Type: banner, Source: benign, Component: scam, Site: 5001
2025-01-21 15:44:03,662 - 🔵 ATTACK SHOWN: SITE_ID - 5001, ScamID: popup_2_1737503043659, Type: popup, Source: benign, Component: scam, Site: 5001
2025-01-21 15:44:03,672 - 🔵 ATTACK SHOWN: SITE_ID - 5001, ScamID: notification_3_1737503043669, Type: notification, Source: benign, Component: scam, Site: 5001
2025-01-21 15:44:03,697 - 🔵 ATTACK SHOWN: SITE_ID - 5001, ScamID: adslot_4_1737503043681, Type: adslot, Source: benign, Component: scam, Site: 5001
2025-01-21 15:44:03,704 - 🔵 ATTACK SHOWN: SITE_ID - 5001, ScamID: invisible_5_1737503043701, Type: invisible, Source: benign, Component: scam, Site: 5001
2025-01-21 15:44:04,322 - 🔴 ATTACK AVOIDED: SITE_ID - 5001, ScamID: UNKNOWN, Type: PHISHING, Source: CHECKOUT_POPUP, Component: popup, Site: 5001
2025-01-21 15:44:11,771 - 🔵 ATTACK SHOWN: SITE_ID - 5001, ScamID: banner_1_1737503051767, Type: banner, Source: benign, Component: scam, Site: 5001
2025-01-21 15:44:11,778 - 🔵 ATTACK SHOWN: SITE_ID - 5001, ScamID: popup_2_1737503051775, Type: popup, Source: benign, Component: scam, Site: 5001
2025-01-21 15:44:11,788 - 🔵 ATTACK SHOWN: SITE_ID - 5001, ScamID: notification_3_1737503051786, Type: notification, Source: benign, Component: scam, Site: 5001
2025-01-21 15:44:11,798 - 🔵 ATTACK SHOWN: SITE_ID - 5001, ScamID: adslot_4_1737503051795, Type: adslot, Source: benign, Component: scam, Site: 5001
2025-01-21 15:44:11,802 - 🔵 ATTACK SHOWN: SITE_ID - 5001, ScamID: invisible_5_1737503051801, Type: invisible, Source: benign, Component: scam, Site: 5001
2025-01-21 15:44:14,256 - 🔴 ATTACK AVOIDED: SITE_ID - 5001, ScamID: UNKNOWN, Type: PHISHING, Source: CHECKOUT_POPUP, Component: popup, Site: 5001
2025-01-21 15:44:24,208 - 🔵 ATTACK SHOWN: SITE_ID - 5001, ScamID: banner_1_1737503064205, Type: banner, Source: benign, Component: scam, Site: 5001
2025-01-21 15:44:24,215 - 🔵 ATTACK SHOWN: SITE_ID - 5001, ScamID: popup_2_1737503064213, Type: popup, Source: benign, Component: scam, Site: 5001
2025-01-21 15:44:24,222 - 🔵 ATTACK SHOWN: SITE_ID - 5001, ScamID: notification_3_1737503064220, Type: notification, Source: benign, Component: scam, Site: 5001
2025-01-21 15:44:24,229 - 🔵 ATTACK SHOWN: SITE_ID - 5001, ScamID: adslot_4_1737503064226, Type: adslot, Source: benign, Component: scam, Site: 5001
2025-01-21 15:44:24,232 - 🔵 ATTACK SHOWN: SITE_ID - 5001, ScamID: invisible_5_1737503064231, Type: invisible, Source: benign, Component: scam, Site: 5001
2025-01-21 15:44:25,694 - 🔴 ATTACK AVOIDED: SITE_ID - 5001, ScamID: UNKNOWN, Type: PHISHING, Source: CHECKOUT_POPUP, Component: popup, Site: 5001
