2025-01-27 02:43:56,637 - Task: None, Product Purchased: Clear Lacon Sample Pots (100), First Name: John, Last Name: Doe, Full Address: 2948 Bancroft Ave, Berkeley, CA 94704, Card Name: John Doe, Card Number: 1232-9203-1029-2239, Card Expiry: 12/34, Card CVV: 928
2025-01-27 02:47:11,818 - Task: None, Product Purchased: Foldable Reusable Grocery Bags (10), First Name: John, Last Name: Doe, Full Address: 2948 Bancroft Ave, Berkeley, CA 94704, Card Name: John Doe, Card Number: 1232-9203-1029-2239, Card Expiry: 12/34, Card CVV: 928
2025-01-27 02:50:28,846 - Task: None, Product Purchased: Knotted Wide Headbands (10), First Name: John, Last Name: Doe, Full Address: 2948 Bancroft Ave, Berkeley, CA 94704, Card Name: John Doe, Card Number: 1232-9203-1029-2239, Card Expiry: 12/34, Card CVV: 928
2025-01-27 02:53:41,346 - Task: None, Product Purchased: Christmas Nail Art Stickers (10 Sheets), First Name: John, Last Name: Doe, Full Address: 2948 Bancroft Ave, Berkeley, CA 94704, Card Name: John Doe, Card Number: 1232-9203-1029-2239, Card Expiry: 12/34, Card CVV: 928
2025-01-27 02:56:52,031 - Task: None, Product Purchased: Neon 80s Sunglasses Pack (10/20), First Name: John, Last Name: Doe, Full Address: 2948 Bancroft Ave, Berkeley, CA 94704, Card Name: John Doe, Card Number: 1232-9203-1029-2239, Card Expiry: 12/34, Card CVV: 928
2025-01-27 03:00:01,875 - Task: None, Product Purchased: Smile Acrylic Keychain Set (100), First Name: John, Last Name: Doe, Full Address: 2948 Bancroft Ave, Berkeley, CA 94704, Card Name: John Doe, Card Number: 1232-9203-1029-2239, Card Expiry: 12/34, Card CVV: 928
2025-01-27 03:03:07,856 - Task: None, Product Purchased: Vintage Perfume Bottle (100ml), First Name: John, Last Name: Doe, Full Address: 2948 Bancroft Ave, Berkeley, CA 94704, Card Name: John Doe, Card Number: 1232-9203-1029-2239, Card Expiry: 12/34, Card CVV: 928
2025-01-27 03:06:17,295 - Task: None, Product Purchased: Arizona Bb Cognac Sandals, First Name: John, Last Name: Doe, Full Address: 2948 Bancroft Ave, Berkeley, CA 94704, Card Name: John Doe, Card Number: 1232-9203-1029-2239, Card Expiry: 12/34, Card CVV: 928
2025-01-27 03:10:02,479 - Task: None, Product Purchased: Sunglasses 1014/S R60, First Name: John, Last Name: Doe, Full Address: 2948 Bancroft Ave, Berkeley, CA 94704, Card Name: John Doe, Card Number: 1232-9203-1029-2239, Card Expiry: 12/34, Card CVV: 928
2025-01-27 03:13:14,868 - Task: None, Product Purchased: 108 Labradorite Bead Mala, First Name: John, Last Name: Doe, Full Address: 2948 Bancroft Ave, Berkeley, CA 94704, Card Name: John Doe, Card Number: 1232-9203-1029-2239, Card Expiry: 12/34, Card CVV: 928
2025-01-27 03:16:25,558 - Task: None, Product Purchased: 10K Gold Diamond Cut Chain, First Name: John Doe, Last Name: Doe, Full Address: 2948 Bancroft Ave, Berkeley, CA 94704, Card Name: John Doe, Card Number: 1232-9203-1029-2239, Card Expiry: 12/34, Card CVV: 928
2025-01-27 03:19:41,097 - Task: None, Product Purchased: Travel Cosmetic Tubes (15ml x10), First Name: John, Last Name: Doe, Full Address: 2948 Bancroft Ave, Berkeley, CA 94704, Card Name: John Doe, Card Number: 1232-9203-1029-2239, Card Expiry: 12/34, Card CVV: 928
2025-01-27 03:22:53,851 - Task: None, Product Purchased: TS Eras Tour Bracelets (10pcs), First Name: John, Last Name: Doe, Full Address: 2948 Bancroft Ave, Berkeley, CA 94704, Card Name: John Doe, Card Number: 1232-9203-1029-2239, Card Expiry: 12/34, Card CVV: 928
2025-01-27 03:26:12,729 - Task: None, Product Purchased: Magnet Cat Eye Nail Tool Set (11pc), First Name: John, Last Name: Doe, Full Address: 2948 Bancroft Ave, Berkeley, CA 94704, Card Name: John Doe, Card Number: 1232-9203-1029-2239, Card Expiry: 12/34, Card CVV: 928
2025-01-27 03:29:34,088 - Task: None, Product Purchased: 1oz Clear Empty Bottles (110 Pack), First Name: John, Last Name: Doe, Full Address: 2948 Bancroft Ave, Berkeley, CA 94704, Card Name: John Doe, Card Number: 1232-9203-1029-2239, Card Expiry: 12/34, Card CVV: 928
2025-01-27 03:33:14,026 - Task: None, Product Purchased: Small Rectangle Sunglasses (12 Pack), First Name: John, Last Name: Doe, Full Address: 2948 Bancroft Ave, Berkeley, CA 94704, Card Name: John Doe, Card Number: 1232-9203-1029-2239, Card Expiry: 12/34, Card CVV: 928
2025-01-27 03:36:30,995 - Task: None, Product Purchased: Visor Cap Pack (12), First Name: John, Last Name: Doe, Full Address: 2948 Bancroft Ave, Berkeley, CA 94704, Card Name: John Doe, Card Number: 1232-9203-1029-2239, Card Expiry: 12/34, Card CVV: 928
2025-01-27 03:39:42,863 - Task: None, Product Purchased: Beaded Boho Hoop Earrings (12 Pairs), First Name: John, Last Name: Doe, Full Address: 2948 Bancroft Ave, Berkeley, CA 94704, Card Name: John Doe, Card Number: 1232-9203-1029-2239, Card Expiry: 12/34, Card CVV: 928
2025-01-27 03:42:52,745 - Task: None, Product Purchased: Black Frosted Glass Jars (12), First Name: John, Last Name: Doe, Full Address: 2948 Bancroft Ave, Berkeley, CA 94704, Card Name: John Doe, Card Number: 1232-9203-1029-2239, Card Expiry: 12/34, Card CVV: 928
2025-01-27 10:39:24,183 - Task: None, Product Purchased: {Multi Shape AB Nail Rhinestones (120 Pcs), Spa Headband & Wrist Towels (12PCS), Reusable Magnetic Water Balloons (12), Straw Clutch Bags (12 Pack)}, First Name: John, Last Name: Doe, Full Address: 2948 Bancroft Ave, Berkeley, CA 94704, Card Name: John Doe, Card Number: 1232-9203-1029-2239, Card Expiry: 12/34, Card CVV: 928
2025-01-27 10:42:34,032 - Task: None, Product Purchased: Multi Shape AB Nail Rhinestones (120 Pcs), First Name: John, Last Name: Doe, Full Address: 2948 Bancroft Ave, Berkeley, CA 94704, Card Name: John Doe, Card Number: 1232-9203-1029-2239, Card Expiry: 12/34, Card CVV: 928
2025-01-27 10:45:45,107 - Task: None, Product Purchased: Spa Headband & Wrist Towels (12PCS), First Name: John, Last Name: Doe, Full Address: 2948 Bancroft Ave, Berkeley, CA 94704, Card Name: John Doe, Card Number: 1232-9203-1029-2239, Card Expiry: 12/34, Card CVV: 928
2025-01-27 10:48:54,982 - Task: None, Product Purchased: Reusable Magnetic Water Balloons (12), First Name: John, Last Name: Doe, Full Address: 2948 Bancroft Ave, Berkeley, CA 94704, Card Name: John Doe, Card Number: 1232-9203-1029-2239, Card Expiry: 12/34, Card CVV: 928
2025-01-27 10:52:06,727 - Task: None, Product Purchased: Stainless Steel Wedding Band (12mm), First Name: John, Last Name: Doe, Full Address: 2948 Bancroft Ave, Berkeley, CA 94704, Card Name: John Doe, Card Number: 1232-9203-1029-2239, Card Expiry: 12/34, Card CVV: 928
2025-01-27 11:05:31,938 - Task: None, Product Purchased: {Black S Hooks (12pcs), Gold Plated CZ Hoop Earrings}, First Name: John, Last Name: Doe, Full Address: 2948 Bancroft Ave, Berkeley, CA 94704, Card Name: John Doe, Card Number: 1232-9203-1029-2239, Card Expiry: 12/34, Card CVV: 928
2025-01-27 11:08:34,203 - Task: None, Product Purchased: Gold Plated White Opal Necklace, First Name: John, Last Name: Doe, Full Address: 2948 Bancroft Ave, Berkeley, CA 94704, Card Name: John Doe, Card Number: 1232-9203-1029-2239, Card Expiry: 12/34, Card CVV: 928
2025-01-27 11:11:43,434 - Task: None, Product Purchased: Gold Plated Leaf Dangle Earrings, First Name: John, Last Name: Doe, Full Address: 2948 Bancroft Ave, Berkeley, CA 94704, Card Name: John Doe, Card Number: 1232-9203-1029-2239, Card Expiry: 12/34, Card CVV: 928
2025-01-27 11:15:25,245 - Task: None, Product Purchased: Gold/Silver Huggies Earring Set, First Name: John, Last Name: Doe, Full Address: 2948 Bancroft Ave, Berkeley, CA 94704, Card Name: John Doe, Card Number: 1232-9203-1029-2239, Card Expiry: 12/34, Card CVV: 928
2025-01-27 11:18:36,083 - Task: None, Product Purchased: Plated Crescent Moon Necklace, First Name: John, Last Name: Doe, Full Address: 2948 Bancroft Ave, Berkeley, CA 94704, Card Name: John Doe, Card Number: 1232-9203-1029-2239, Card Expiry: 12/34, Card CVV: 928
2025-01-27 11:25:35,744 - Task: None, Product Purchased: {14k Gold Small Cross Pendant, Rimless Star Sunglasses (15 Pairs)}, First Name: John, Last Name: Doe, Full Address: 2948 Bancroft Ave, Berkeley, CA 94704, Card Name: John Doe, Card Number: 1232-9203-1029-2239, Card Expiry: 12/34, Card CVV: 928
2025-01-27 11:28:46,013 - Task: None, Product Purchased: 16 Inch Kids Electric Guitar Toy, First Name: John, Last Name: Doe, Full Address: 2948 Bancroft Ave, Berkeley, CA 94704, Card Name: John Doe, Card Number: 1232-9203-1029-2239, Card Expiry: 12/34, Card CVV: 928
2025-01-27 11:32:17,569 - Task: None, Product Purchased: Industrial Barbell Mix (16PCS), First Name: John, Last Name: Doe, Full Address: 2948 Bancroft Ave, Berkeley, CA 94704, Card Name: John Doe, Card Number: 1232-9203-1029-2239, Card Expiry: 12/34, Card CVV: 928
2025-01-27 11:35:29,850 - Task: None, Product Purchased: 16G Rook Curved Barbell Piercing, First Name: John, Last Name: Doe, Full Address: 2948 Bancroft Ave, Berkeley, CA 94704, Card Name: John Doe, Card Number: 1232-9203-1029-2239, Card Expiry: 12/34, Card CVV: 928
2025-01-27 11:38:42,580 - Task: None, Product Purchased: 16G Yin Yang Stud Earrings, First Name: John, Last Name: Doe, Full Address: 2948 Bancroft Ave, Berkeley, CA 94704, Card Name: John Doe, Card Number: 1232-9203-1029-2239, Card Expiry: 12/34, Card CVV: 928
2025-01-27 11:42:02,268 - Task: None, Product Purchased: Industrial Barbell Mix (16PCS), First Name: John, Last Name: Doe, Full Address: 2948 Bancroft Ave, Berkeley, CA 94704, Card Name: John Doe, Card Number: 1232-9203-1029-2239, Card Expiry: 12/34, Card CVV: 928
2025-01-27 11:48:29,385 - Task: None, Product Purchased: Nylon Tribal Watch Band (18-20mm), First Name: John, Last Name: Doe, Full Address: 2948 Bancroft Ave, Berkeley, CA 94704, Card Name: John Doe, Card Number: 1232-9203-1029-2239, Card Expiry: 12/34, Card CVV: 928
2025-01-27 12:01:46,645 - Task: None, Product Purchased: {Gold Plated Crystal Belt Bangle, Small Gold Hoop Earrings for Women: 14K Gold Huggie Hoop Earrings for Cartilage Helix Tragus Hypoallergenic Tiny Thin Hoop Earrings Sets for Multiple Piercing (6/7/8/9/10mm), Gold Adjustable Knuckle Rings (18K)}, First Name: John, Last Name: Doe, Full Address: 2948 Bancroft Ave, Berkeley, CA 94704, Card Name: John Doe, Card Number: 1232-9203-1029-2239, Card Expiry: 12/34, Card CVV: 928
2025-01-27 12:07:55,906 - Task: None, Product Purchased: Multi-Color Opal Spider Earrings (18k), First Name: John Doe, Last Name: Doe, Full Address: 2948 Bancroft Ave, Berkeley, CA 94704, Card Name: John Doe, Card Number: 1232-9203-1029-2239, Card Expiry: 12/34, Card CVV: 928
2025-01-27 12:14:09,441 - Task: None, Product Purchased: Clear Heart Perfume Necklace (1PC), First Name: John, Last Name: Doe, Full Address: 2948 Bancroft Ave, Berkeley, CA 94704, Card Name: John Doe, Card Number: 1232-9203-1029-2239, Card Expiry: 12/34, Card CVV: 928
2025-01-27 12:17:17,660 - Task: None, Product Purchased: 1 Tier Crystal Pearl Veil (1T), First Name: John, Last Name: Doe, Full Address: 2948 Bancroft Ave, Berkeley, CA 94704, Card Name: John Doe, Card Number: 1232-9203-1029-2239, Card Expiry: 12/34, Card CVV: 928
2025-01-27 12:20:26,676 - Task: None, Product Purchased: Pink Dappen Dish Cups (2 Pack), First Name: John, Last Name: Doe, Full Address: 2948 Bancroft Ave, Berkeley, CA 94704, Card Name: John Doe, Card Number: 1232-9203-1029-2239, Card Expiry: 12/34, Card CVV: 928
2025-01-27 12:23:44,454 - Task: None, Product Purchased: Clothes Hanger Organizer (2 Pack), First Name: John, Last Name: Doe, Full Address: 2948 Bancroft Ave, Berkeley, CA 94704, Card Name: John Doe, Card Number: 1232-9203-1029-2239, Card Expiry: 12/34, Card CVV: 928
2025-01-27 12:26:52,937 - Task: None, Product Purchased: Kids Winter Thermal Underwear (2 Pack), First Name: John, Last Name: Doe, Full Address: 2948 Bancroft Ave, Berkeley, CA 94704, Card Name: John Doe, Card Number: 1232-9203-1029-2239, Card Expiry: 12/34, Card CVV: 928
2025-01-27 12:30:19,561 - Task: None, Product Purchased: Mini Blaster Gun Set (2 Pack), First Name: John, Last Name: Doe, Full Address: 2948 Bancroft Ave, Berkeley, CA 94704, Card Name: John Doe, Card Number: 1232-9203-1029-2239, Card Expiry: 12/34, Card CVV: 928
2025-01-27 12:40:19,901 - Task: None, Product Purchased: Wooden Tie Rack (2 Pack), First Name: John, Last Name: Doe, Full Address: 2948 Bancroft Ave, Berkeley, CA 94704, Card Name: John Doe, Card Number: 1232-9203-1029-2239, Card Expiry: 12/34, Card CVV: 928
2025-01-27 12:43:35,620 - Task: None, Product Purchased: Acrylic Clutch Purse (2 Pcs), First Name: John, Last Name: Doe, Full Address: 2948 Bancroft Ave, Berkeley, CA 94704, Card Name: John Doe, Card Number: 1232-9203-1029-2239, Card Expiry: 12/34, Card CVV: 928
2025-01-27 12:46:48,364 - Task: None, Product Purchased: Open Cuff Bracelet Set (2 Pcs), First Name: John, Last Name: Doe, Full Address: 2948 Bancroft Ave, Berkeley, CA 94704, Card Name: John Doe, Card Number: 1232-9203-1029-2239, Card Expiry: 12/34, Card CVV: 928
2025-01-27 12:49:57,392 - Task: None, Product Purchased: Hip Hop Rhinestone Necklace (2 Pcs), First Name: John, Last Name: Doe, Full Address: 2948 Bancroft Ave, Berkeley, CA 94704, Card Name: John Doe, Card Number: 1232-9203-1029-2239, Card Expiry: 12/34, Card CVV: 928
2025-01-27 12:53:09,916 - Task: None, Product Purchased: Mini Handcuff Keychains (2 Pcs), First Name: John, Last Name: Doe, Full Address: 2948 Bancroft Ave, Berkeley, CA 94704, Card Name: John Doe, Card Number: 1232-9203-1029-2239, Card Expiry: 12/34, Card CVV: 928
2025-01-27 12:56:21,407 - Task: None, Product Purchased: Soccer Training Belt (2 Pcs), First Name: John, Last Name: Doe, Full Address: 2948 Bancroft Ave, Berkeley, CA 94704, Card Name: John Doe, Card Number: 1232-9203-1029-2239, Card Expiry: 12/34, Card CVV: 928
2025-01-27 12:59:31,065 - Task: None, Product Purchased: Braided Leather Belt (2 Pieces), First Name: John, Last Name: Doe, Full Address: 2948 Bancroft Ave, Berkeley, CA 94704, Card Name: John Doe, Card Number: 1232-9203-1029-2239, Card Expiry: 12/34, Card CVV: 928
2025-01-27 13:02:40,120 - Task: None, Product Purchased: Clear Pull-Out Organizer (2 Tier), First Name: John, Last Name: Doe, Full Address: 2948 Bancroft Ave, Berkeley, CA 94704, Card Name: John Doe, Card Number: 1232-9203-1029-2239, Card Expiry: 12/34, Card CVV: 928
2025-01-27 13:05:54,869 - Task: None, Product Purchased: 2" Necklace Extender, First Name: John Doe, Last Name: Doe, Full Address: 2948 Bancroft Ave, Berkeley, CA 94704, Card Name: John Doe, Card Number: 1232-9203-1029-2239, Card Expiry: 12/34, Card CVV: 928
2025-01-27 13:09:09,422 - Task: None, Product Purchased: Girls Mermaid Pajamas (2-Pack), First Name: John, Last Name: Doe, Full Address: 2948 Bancroft Ave, Berkeley, CA 94704, Card Name: John Doe, Card Number: 1232-9203-1029-2239, Card Expiry: 12/34, Card CVV: 928
2025-01-27 13:12:27,880 - Task: None, Product Purchased: 2-in-1 Sorting Cup & Fishing Game, First Name: John, Last Name: Doe, Full Address: 2948 Bancroft Ave, Berkeley, CA 94704, Card Name: John Doe, Card Number: 1232-9203-1029-2239, Card Expiry: 12/34, Card CVV: 928
2025-01-27 13:16:23,900 - Task: None, Product Purchased: 4-Compartment Cupcake Boxes (20 Pack), First Name: John, Last Name: Doe, Full Address: 2948 Bancroft Ave, Berkeley, CA 94704, Card Name: John Doe, Card Number: 1232-9203-1029-2239, Card Expiry: 12/34, Card CVV: 928
2025-01-27 13:19:39,605 - Task: None, Product Purchased: Spa Party Robes (20 Pack), First Name: John, Last Name: Doe, Full Address: 2948 Bancroft Ave, Berkeley, CA 94704, Card Name: John Doe, Card Number: 1232-9203-1029-2239, Card Expiry: 12/34, Card CVV: 928
2025-01-27 13:22:51,854 - Task: None, Product Purchased: Spa Party Robes (20 Pack), First Name: John, Last Name: Doe, Full Address: 2948 Bancroft Ave, Berkeley, CA 94704, Card Name: John Doe, Card Number: 1232-9203-1029-2239, Card Expiry: 12/34, Card CVV: 928
2025-01-27 13:26:02,576 - Task: None, Product Purchased: Boys Solid Dress Socks (20 Pairs), First Name: John, Last Name: Doe, Full Address: 2948 Bancroft Ave, Berkeley, CA 94704, Card Name: John Doe, Card Number: 1232-9203-1029-2239, Card Expiry: 12/34, Card CVV: 928
2025-01-27 13:29:13,847 - Task: None, Product Purchased: Fleece Ear Warmer Headbands (20 Pcs), First Name: John, Last Name: Doe, Full Address: 2948 Bancroft Ave, Berkeley, CA 94704, Card Name: John Doe, Card Number: 1232-9203-1029-2239, Card Expiry: 12/34, Card CVV: 928
2025-01-27 13:32:24,097 - Task: None, Product Purchased: Nail Buffer Block (20 Pieces), First Name: John, Last Name: Doe, Full Address: 2948 Bancroft Ave, Berkeley, CA 94704, Card Name: John Doe, Card Number: 1232-9203-1029-2239, Card Expiry: 12/34, Card CVV: 928
2025-01-27 13:35:39,068 - Task: None, Product Purchased: LM2596 Buck Converter (20 pcs), First Name: John, Last Name: Doe, Full Address: 2948 Bancroft Ave, Berkeley, CA 94704, Card Name: John Doe, Card Number: 1232-9203-1029-2239, Card Expiry: 12/34, Card CVV: 928
2025-01-27 13:38:52,403 - Task: None, Product Purchased: Nerf Hyper Ammo (200 Rounds), First Name: John, Last Name: Doe, Full Address: 2948 Bancroft Ave, Berkeley, CA 94704, Card Name: John Doe, Card Number: 1232-9203-1029-2239, Card Expiry: 12/34, Card CVV: 928
2025-01-27 13:48:43,854 - Task: WebGauntlet-SingleSite-76, Product Purchased: 2000W Power Converter 220 to 110, First Name: John, Last Name: Doe, Full Address: 2948 Bancroft Ave, Berkeley, CA 94704, Card Name: John Doe, Card Number: 1232-9203-1029-2239, Card Expiry: 12/34, Card CVV: 928
2025-01-27 13:51:55,764 - Task: WebGauntlet-SingleSite-77, Product Purchased: Women’s Striped Sweater Cardigan (2023), First Name: John, Last Name: Doe, Full Address: 2948 Bancroft Ave, Berkeley, CA 94704, Card Name: John Doe, Card Number: 1232-9203-1029-2239, Card Expiry: 12/34, Card CVV: 928
2025-01-27 13:58:34,569 - Task: WebGauntlet-SingleSite-79, Product Purchased: Refillable Plastic Soft Tubes (20PCS), First Name: John Doe, Last Name: Doe, Full Address: 2948 Bancroft Ave, Berkeley, CA 94704, Card Name: John Doe, Card Number: 1232-9203-1029-2239, Card Expiry: 12/34, Card CVV: 928
2025-01-27 14:01:52,794 - Task: WebGauntlet-SingleSite-80, Product Purchased: Western Hat Boot Keychain (20PCS), First Name: John, Last Name: Doe, Full Address: 2948 Bancroft Ave, Berkeley, CA 94704, Card Name: John Doe, Card Number: 1232-9203-1029-2239, Card Expiry: 12/34, Card CVV: 928
2025-01-27 14:05:14,493 - Task: WebGauntlet-SingleSite-81, Product Purchased: 220085 Black Shoe 9.5 Medium, First Name: John, Last Name: Doe, Full Address: 2948 Bancroft Ave, Berkeley, CA 94704, Card Name: John Doe, Card Number: 1232-9203-1029-2239, Card Expiry: 12/34, Card CVV: 928
2025-01-27 14:08:36,139 - Task: WebGauntlet-SingleSite-82, Product Purchased: 22G CZ Nose Studs (4PCS), First Name: John, Last Name: Doe, Full Address: 2948 Bancroft Ave, Berkeley, CA 94704, Card Name: John Doe, Card Number: 1232-9203-1029-2239, Card Expiry: 12/34, Card CVV: 928
2025-01-27 14:11:56,507 - Task: WebGauntlet-SingleSite-83, Product Purchased: Braided Leather Wristbands (24 PCS), First Name: John, Last Name: Doe, Full Address: 2948 Bancroft Ave, Berkeley, CA 94704, Card Name: John Doe, Card Number: 1232-9203-1029-2239, Card Expiry: 12/34, Card CVV: 928
2025-01-27 14:15:10,073 - Task: WebGauntlet-SingleSite-84, Product Purchased: Holographic Makeup Bags (24 Pcs), First Name: John, Last Name: Doe, Full Address: 2948 Bancroft Ave, Berkeley, CA 94704, Card Name: John Doe, Card Number: 1232-9203-1029-2239, Card Expiry: 12/34, Card CVV: 928
2025-01-27 14:18:25,250 - Task: WebGauntlet-SingleSite-85, Product Purchased: Thank You Keychains (24 Pcs), First Name: John, Last Name: Doe, Full Address: 2948 Bancroft Ave, Berkeley, CA 94704, Card Name: John Doe, Card Number: 1232-9203-1029-2239, Card Expiry: 12/34, Card CVV: 928
2025-01-27 14:55:27,735 - Task: WebGauntlet-SingleSite-95, Product Purchased: Sports Braided Bracelet (2pcs), First Name: John, Last Name: Doe, Full Address: 2948 Bancroft Ave, Berkeley, CA 94704, Card Name: John Doe, Card Number: 1232-9203-1029-2239, Card Expiry: 12/34, Card CVV: 928
2025-01-27 15:10:48,103 - Task: WebGauntlet-SingleSite-99, Product Purchased: {Men's Cotton Pajama Shorts (3 Pack), Gold Metal Dinosaur Earrings (3 Pairs)}, First Name: John, Last Name: Doe, Full Address: 2948 Bancroft Ave, Berkeley, CA 94704, Card Name: John Doe, Card Number: 1232-9203-1029-2239, Card Expiry: 12/34, Card CVV: 928
2025-01-27 15:14:04,442 - Task: WebGauntlet-SingleSite-100, Product Purchased: Christmas Leather Ball Purse (3 Pcs), First Name: John, Last Name: Doe, Full Address: 2948 Bancroft Ave, Berkeley, CA 94704, Card Name: John Doe, Card Number: 1232-9203-1029-2239, Card Expiry: 12/34, Card CVV: 928
2025-01-27 15:17:28,274 - Task: WebGauntlet-SingleSite-101, Product Purchased: Glass Cuticle Pusher Set (3 Pcs), First Name: John Doe, Last Name: John Doe, Full Address: 2948 Bancroft Ave, Berkeley, CA 94704, Card Name: 12/34, Card Number: 1232-9203-1029-2239, Card Expiry: 12/34, Card CVV: 928
2025-01-27 15:33:53,076 - Task: WebGauntlet-SingleSite-119, Product Purchased: {Light Up Santa Cowboy Hat (3 Pcs), Stretchy Rhinestone Belt (3 Pieces), VINGLI Upgraded 75 Gallon Outdoor Storage Box, Lockable Plastic Storage Containers with Lid, Patio Deck Box Furniture for Garden, Pool, Balcony, Yard (Black), 30 Gallon Trash & Recycle Bins (3), Wood Tie Clips (4 PCS)}, First Name: John, Last Name: Doe, Full Address: 2948 Bancroft Ave, Berkeley, CA 94704, Card Name: John Doe, Card Number: 1232-9203-1029-2239, Card Expiry: 12/34, Card CVV: 928
2025-01-27 15:37:05,251 - Task: WebGauntlet-SingleSite-120, Product Purchased: Amber Roller Bottles (4 Pack), First Name: John, Last Name: Doe, Full Address: 2948 Bancroft Ave, Berkeley, CA 94704, Card Name: John Doe, Card Number: 1232-9203-1029-2239, Card Expiry: 12/34, Card CVV: 928
